
================================================================
======== txAdmin v6.0.2 atop fxserver 7290 Starting - 2025-03-08 10:33:49
================================================================

================================================================
======== Log Rotated - 2025-03-08 10:33:49                      
================================================================

================================================================
======== txAdmin v6.0.2 atop fxserver 7290 Starting - 2025-03-08 10:34:34
================================================================
[10:35:45][Viktor0524] logged in from 127.0.0.1 via password
[10:37:02][Viktor0524] logged in via in-game ui
[10:43:16][Viktor0524] logged in via in-game ui
[10:44:24][Viktor0524] executed "refresh"

================================================================
======== txAdmin v6.0.2 atop fxserver 7290 Starting - 2025-03-08 10:46:29
================================================================
[10:46:32][Viktor0524] logged in from 127.0.0.1 via password
[10:48:36][Viktor0524] logged in via in-game ui

================================================================
======== txAdmin v6.0.2 atop fxserver 7290 Starting - 2025-03-08 10:56:47
================================================================
[10:56:50][Viktor0524] logged in from 127.0.0.1 via password

================================================================
======== txAdmin v6.0.2 atop fxserver 7290 Starting - 2025-03-08 10:58:42
================================================================
[10:58:45][Viktor0524] logged in from 127.0.0.1 via password
[11:00:22][Viktor0524] executed "ensure oxmysql"
[11:00:25][Viktor0524] executed "start oxmysql"
[11:00:44][Viktor0524] executed "RESTART SERVER"
[11:01:29][Viktor0524] executed "RESTART SERVER"
[11:08:22][Viktor0524] executed "RESTART SERVER"

================================================================
======== txAdmin v6.0.2 atop fxserver 7290 Starting - 2025-03-08 11:09:09
================================================================
[11:09:11][Viktor0524] logged in from 127.0.0.1 via password
[11:16:36][Viktor0524] executed "RESTART SERVER"
[11:19:19][Viktor0524] executed "ensure "oxmysql""

================================================================
======== txAdmin v6.0.2 atop fxserver 7290 Starting - 2025-03-08 14:47:05
================================================================
[14:47:15][Viktor0524] logged in from 127.0.0.1 via password
[14:48:03][Viktor0524] logged in via in-game ui
[14:52:54][Viktor0524] executed "RESTART SERVER"
[14:54:12][Viktor0524] logged in via in-game ui
[14:55:09][Viktor0524] executed "ensure "first""
[15:00:11][Viktor0524] executed "ensure "amggt63""
[15:01:02][Viktor0524] executed "ensure "amggt63""
[15:01:27][Viktor0524] logged in via in-game ui
[15:03:34][Viktor0524] executed "ensure "amggt63""
[15:03:40][Viktor0524] executed "ensure "amggt63""
[15:11:10][Viktor0524] executed "refresh"
[15:11:13][Viktor0524] executed "ensure "rs6""
[15:12:15][Viktor0524] executed "ensure "rs6""
[15:13:35][Viktor0524] executed "ensure "rs6""
[15:14:39][Viktor0524] executed "ensure "amggt63""
[15:14:39][Viktor0524] executed "ensure "rs6""
[15:15:13][Viktor0524] logged in via in-game ui
[15:17:20][Viktor0524] executed "ensure "rs6""
[15:17:20][Viktor0524] executed "ensure "amggt63""
[15:18:01][Viktor0524] executed "ensure "amggt63""
[15:18:01][Viktor0524] executed "ensure "rs6""
[15:19:20][Viktor0524] executed "ensure "rs6""
[15:22:34][Viktor0524] executed "refresh"
[15:22:37][Viktor0524] executed "ensure "sxf450sm""
[15:26:07][Viktor0524] executed "ensure "rs6""

================================================================
======== txAdmin v6.0.2 atop fxserver 7290 Starting - 2025-03-08 17:14:51
================================================================
[17:15:13][Viktor0524] logged in from 127.0.0.1 via password

================================================================
======== txAdmin v6.0.2 atop fxserver 7290 Starting - 2025-03-08 17:16:27
================================================================
[17:16:34][Viktor0524] logged in from 127.0.0.1 via password
[17:17:18][Viktor0524] Changing fxRunner settings.

================================================================
======== txAdmin v6.0.2 atop fxserver 7290 Starting - 2025-03-08 17:17:32
================================================================
[17:17:34][Viktor0524] logged in from 127.0.0.1 via password
[17:18:33][Viktor0524] executed "refresh"
[17:21:18][Viktor0524] logged in via in-game ui
[17:29:19][Viktor0524] logged in via in-game ui

================================================================
======== txAdmin v6.0.2 atop fxserver 7290 Starting - 2025-03-08 20:13:58
================================================================
[20:14:05][Viktor0524] logged in from 127.0.0.1 via password
[20:15:13][Viktor0524] executed "RESTART SERVER"
[20:16:35][Viktor0524] executed "RESTART SERVER"
[20:18:16][Viktor0524] executed "ensure getCoords"
[20:21:29][Viktor0524] logged in via in-game ui
[20:49:06][Viktor0524] executed "ensure spawnLocation"
[20:49:32][Viktor0524] executed "start spawnLocation"
[20:50:03][Viktor0524] executed "ensure spawnLocation"
[20:50:07][Viktor0524] executed "RESTART SERVER"
[20:51:23][Viktor0524] logged in via in-game ui
[20:54:02][Viktor0524] executed "ensure spawnCar"
[20:54:43][Viktor0524] executed "ensure sxf450sm"
[21:00:12][Viktor0524] executed "ensure getCoords"
[21:08:53][Viktor0524] executed "ensure getCoords"
[21:11:37][Viktor0524] executed "ensure getCoords"
[21:19:51][Viktor0524] logged in via in-game ui
[21:23:38][Viktor0524] executed "refresh"
[21:23:44][Viktor0524] executed "ensure "spawnLocation""
[21:23:45][Viktor0524] executed "ensure "changePed""
[21:30:07][Viktor0524] executed "ensure changePed"
[21:37:05][Viktor0524] logged in via in-game ui
[21:38:34][Viktor0524] logged in via in-game ui
[21:39:45][Viktor0524] executed "ensure "changePed""
[21:40:28][Viktor0524] logged in via in-game ui
[21:41:47][Viktor0524] executed "ensure changePed"
[21:42:30][Viktor0524] logged in via in-game ui

================================================================
======== txAdmin v6.0.2 atop fxserver 7290 Starting - 2025-03-08 23:11:46
================================================================
[23:11:50][Viktor0524] logged in from 127.0.0.1 via password
[23:12:53][Viktor0524] logged in via in-game ui
[23:22:59][Viktor0524] executed "ensure ballCoords"
[23:23:39][Viktor0524] logged in via in-game ui
