================================================================
======== txAdmin v8.0.1 atop fxserver 13336 Starting - 2025-03-14 11:18:06
================================================================
================================================================
======== Log Rotated - 2025-03-14 11:18:08                      
================================================================
[11:18:10][Viktor0524] logged in from 127.0.0.1 via password
================================================================
======== txAdmin v8.0.1 atop fxserver 13336 Starting - 2025-03-14 13:23:27
================================================================
================================================================
======== txAdmin v8.0.1 atop fxserver 13336 Starting - 2025-03-14 13:41:40
================================================================
[14:32:05][Viktor0524] logged in from 127.0.0.1 via password
[14:32:09][Viktor0524] Ensured resource "va_nui"
================================================================
======== txAdmin v8.0.1 atop fxserver 13336 Starting - 2025-03-14 16:33:41
================================================================
[16:34:16][Viktor0524] logged in from 127.0.0.1 via password
[16:34:29][Viktor0524] Ensured resource "va_test"
[16:34:39][Viktor0524] Stopped resource "va_nui"
================================================================
======== txAdmin v8.0.1 atop fxserver 13336 Starting - 2025-03-14 17:57:27
================================================================
================================================================
======== txAdmin v8.0.1 atop fxserver 13336 Starting - 2025-03-14 20:13:28
================================================================
