================================================================
======== txAdmin v8.0.1 atop fxserver 13336 Starting - 2025-03-13 09:07:00
================================================================
================================================================
======== Log Rotated - 2025-03-13 09:07:00                      
================================================================
[09:07:18][Viktor0524] logged in from 127.0.0.1 via password
[09:21:53][Viktor0524] Ensured resource "va_teleporter"
[09:47:33][Viktor0524] Ensured resource "va_teleporter"
[09:52:36][Viktor0524] Ensured resource "va_teleporter"
[09:53:47][Viktor0524] Ensured resource "va_teleporter"
[09:57:39][Viktor0524] Ensured resource "va_teleporter"
[10:07:00][Viktor0524] Ensured resource "va_teleporter"
================================================================
======== txAdmin v8.0.1 atop fxserver 13336 Starting - 2025-03-13 16:02:07
================================================================
[16:05:10][Viktor0524] logged in from 127.0.0.1 via password
[16:05:13][Viktor0524] Ensured resource "va_teleporter"
[16:07:06][Viktor0524] Ensured resource "va_teleporter"
[16:08:14][Viktor0524] Ensured resource "va_teleporter"
[16:08:41][Viktor0524] Ensured resource "va_teleporter"
[16:08:59][Viktor0524] Ensured resource "va_teleporter"
[16:11:20][Viktor0524] Ensured resource "va_teleporter"
[16:32:47][Viktor0524] Ensured resource "va_weapon"
[16:32:51][Viktor0524] Ensured resource "va_weapon"
[16:34:43][Viktor0524] Ensured resource "va_teleporter"
[16:34:46][Viktor0524] Ensured resource "va_weapon"
[16:39:03][Viktor0524] Ensured resource "va_weapon"
[16:40:05][Viktor0524] Ensured resource "va_weapon"
================================================================
======== txAdmin v8.0.1 atop fxserver 13336 Starting - 2025-03-13 16:59:13
================================================================
[17:00:56][Viktor0524] logged in from 127.0.0.1 via password
================================================================
======== txAdmin v8.0.1 atop fxserver 13336 Starting - 2025-03-13 18:58:24
================================================================
[19:00:20][Viktor0524] logged in from 127.0.0.1 via password
[19:00:24][Viktor0524] Refreshed resources
[19:00:27][Viktor0524] Refreshed resources
[19:00:29][Viktor0524] Ensured resource "pun_idgun"
[19:00:53][Viktor0524] Ensured resource "pun_idgun-master"
[19:01:22][Viktor0524] Refreshed resources
================================================================
======== txAdmin v8.0.1 atop fxserver 13336 Starting - 2025-03-13 19:01:37
================================================================
[19:01:40][Viktor0524] logged in from 127.0.0.1 via password
[19:01:50][Viktor0524] Refreshed resources
