================================================================
======== txAdmin v8.0.1 atop fxserver 13336 Starting - 2025-03-12 09:46:24
================================================================
================================================================
======== Log Rotated - 2025-03-12 09:46:24                      
================================================================
[09:46:40][Viktor0524] logged in from 127.0.0.1 via password
[09:46:44][Viktor0524] Ensured resource "tp"
[09:47:19][Viktor0524] Ensured resource "tp"
[09:48:49][Viktor0524] Ensured resource "tp"
================================================================
======== txAdmin v8.0.1 atop fxserver 13336 Starting - 2025-03-12 13:30:28
================================================================
[13:31:19][Viktor0524] logged in from 127.0.0.1 via password
[13:31:22][Viktor0524] [Viktor0524] executed "ensure tp"
[13:31:43][Viktor0524] [Viktor0524] executed "ensure tp"
[13:36:06][Viktor0524] [Viktor0524] executed "ensure tp"
[13:40:54][Viktor0524] [Viktor0524] executed "status"
================================================================
======== txAdmin v8.0.1 atop fxserver 13336 Starting - 2025-03-12 13:45:44
================================================================
[13:46:06][Viktor0524] logged in from 127.0.0.1 via password
================================================================
======== txAdmin v8.0.1 atop fxserver 13336 Starting - 2025-03-12 14:02:07
================================================================
================================================================
======== txAdmin v8.0.1 atop fxserver 13336 Starting - 2025-03-12 15:46:20
================================================================
================================================================
======== txAdmin v8.0.1 atop fxserver 13336 Starting - 2025-03-12 15:55:37
================================================================
[15:55:48][Viktor0524] logged in from 127.0.0.1 via password
================================================================
======== txAdmin v8.0.1 atop fxserver 13336 Starting - 2025-03-12 16:03:50
================================================================
================================================================
======== txAdmin v8.0.1 atop fxserver 13336 Starting - 2025-03-12 16:05:01
================================================================
[16:05:14][Viktor0524] logged in from 127.0.0.1 via password
================================================================
======== txAdmin v8.0.1 atop fxserver 13336 Starting - 2025-03-12 16:11:10
================================================================
================================================================
======== txAdmin v8.0.1 atop fxserver 13336 Starting - 2025-03-12 16:14:12
================================================================
================================================================
======== txAdmin v8.0.1 atop fxserver 13336 Starting - 2025-03-12 16:28:34
================================================================
[16:28:52][Viktor0524] logged in from 127.0.0.1 via password
[16:34:17][Viktor0524] Refreshed resources
[16:34:18][Viktor0524] Ensured resource "second"
[16:34:33][Viktor0524] Refreshed resources
================================================================
======== txAdmin v8.0.1 atop fxserver 13336 Starting - 2025-03-12 17:38:48
================================================================
[17:39:19][Viktor0524] logged in from 127.0.0.1 via password
[17:39:21][Viktor0524] Ensured resource "va_spawn"
[17:50:05][Viktor0524] Ensured resource "va_spawn"
[17:51:19][Viktor0524] Stopped resource "va_spawn"
================================================================
======== txAdmin v8.0.1 atop fxserver 13336 Starting - 2025-03-12 17:58:11
================================================================
================================================================
======== txAdmin v8.0.1 atop fxserver 13336 Starting - 2025-03-12 18:53:41
================================================================
[19:03:39][Viktor0524] logged in from 127.0.0.1 via password
================================================================
======== txAdmin v8.0.1 atop fxserver 13336 Starting - 2025-03-12 19:32:39
================================================================
[20:55:06][Viktor0524] logged in from 127.0.0.1 via password
[20:55:09][Viktor0524] Refreshed resources
[20:55:11][Viktor0524] Ensured resource "va_weapon"
================================================================
======== txAdmin v8.0.1 atop fxserver 13336 Starting - 2025-03-12 21:29:24
================================================================
[22:17:46][Viktor0524] logged in from 127.0.0.1 via password
[22:17:48][Viktor0524] Ensured resource "va_teleporter"
[22:19:13][Viktor0524] Ensured resource "va_spawn"
[22:34:58][Viktor0524] Ensured resource "va_teleporter"
[22:40:28][Viktor0524] Ensured resource "va_teleporter"
================================================================
======== txAdmin v8.0.1 atop fxserver 13336 Starting - 2025-03-12 22:58:28
================================================================
