================================================================
======== txAdmin v8.0.1 atop fxserver 7290 Starting - 2025-03-10 19:02:35
================================================================
================================================================
======== Log Rotated - 2025-03-10 19:02:35                      
================================================================
[19:02:43][Viktor0524] logged in from 127.0.0.1 via password
[19:03:23][Viktor0524] Ensured resource "hello"
[19:05:05][Viktor0524] Ensured resource "hello"
================================================================
======== txAdmin v8.0.1 atop fxserver 7290 Starting - 2025-03-10 19:13:53
================================================================
[19:13:58][Viktor0524] logged in from 127.0.0.1 via password
[19:38:18][Viktor0524] [Viktor0524] executed "ensure spawnCone"
[19:38:30][Viktor0524] [Viktor0524] executed "ensure spawnCone"
[19:38:54][Viktor0524] Refreshed resources
[19:39:02][Viktor0524] [Viktor0524] executed "start spawnCone"
[20:11:46][Viktor0524] Refreshed resources
[20:11:49][Viktor0524] Ensured resource "changePed"
[20:13:10][Viktor0524] Ensured resource "changePed"
================================================================
======== txAdmin v8.0.1 atop fxserver 7290 Starting - 2025-03-10 22:18:05
================================================================
[22:18:11][Viktor0524] logged in from 127.0.0.1 via password
[22:36:00][Viktor0524] Refreshed resources
[22:36:02][Viktor0524] Ensured resource "speedometer"
