================================================================
======== txAdmin v8.0.1 atop fxserver 7290 Starting - 2025-03-11 16:01:33
================================================================
================================================================
======== Log Rotated - 2025-03-11 16:01:33                      
================================================================
================================================================
======== txAdmin v8.0.1 atop fxserver 7290 Starting - 2025-03-11 17:16:56
================================================================
================================================================
======== txAdmin v8.0.1 atop fxserver 7290 Starting - 2025-03-11 17:26:45
================================================================
[17:26:49][Viktor0524] logged in from 127.0.0.1 via password
================================================================
======== txAdmin v8.0.1 atop fxserver 7290 Starting - 2025-03-11 18:09:49
================================================================
[18:11:16][Viktor0524] logged in from 127.0.0.1 via password
[18:13:14][Viktor0524] Refreshed resources
================================================================
======== txAdmin v8.0.1 atop fxserver 7290 Starting - 2025-03-11 19:21:02
================================================================
[19:21:30][Viktor0524] logged in from 127.0.0.1 via password
================================================================
======== txAdmin v8.0.1 atop fxserver 7290 Starting - 2025-03-11 19:22:46
================================================================
[19:22:56][Viktor0524] logged in from 127.0.0.1 via password
[19:23:03][Viktor0524] Ensured resource "oxmysql"
[19:24:05][Viktor0524] [Viktor0524] executed "version"
================================================================
======== txAdmin v8.0.1 atop fxserver 13336 Starting - 2025-03-11 19:34:08
================================================================
[19:34:38][Viktor0524] logged in from 127.0.0.1 via password
================================================================
======== txAdmin v8.0.1 atop fxserver 13336 Starting - 2025-03-11 19:49:10
================================================================
[19:51:54][Viktor0524] logged in from 127.0.0.1 via password
================================================================
======== txAdmin v8.0.1 atop fxserver 13336 Starting - 2025-03-11 20:26:20
================================================================
[20:26:28][Viktor0524] logged in from 127.0.0.1 via password
[20:27:51][Viktor0524] Ensured resource "tp"
================================================================
======== txAdmin v8.0.1 atop fxserver 13336 Starting - 2025-03-11 21:09:12
================================================================
[21:09:18][Viktor0524] logged in from 127.0.0.1 via password
[21:09:27][Viktor0524] [Viktor0524] executed "ox_lib:version"
[21:11:21][Viktor0524] [Viktor0524] executed "ox_lib:version"
[21:12:31][Viktor0524] [Viktor0524] executed "status"
[21:12:55][Viktor0524] [Viktor0524] executed "restart ox_lib"
[21:13:01][Viktor0524] [Viktor0524] executed "ensure ox_lib"
[21:13:06][Viktor0524] [Viktor0524] executed "ox_lib:version"
