================================================================
======== Log Rotated - 2025-03-12 09:46:24                      
================================================================
║             TXADMIN║ ================================================================
║             TXADMIN║ ======== [9756] FXServer Starting - 2025-03-12 09:46:24         
║             TXADMIN║ ================================================================
[           resources] Scanning resources.
[           resources] Found 42 resources.
[          svadhesive] Authenticating server license key...
[          svadhesive] Server license key authentication succeeded. Welcome!
[    c-scripting-core] Creating script environments for sessionmanager
[           resources] Started resource sessionmanager
[    c-scripting-core] Creating script environments for monitor
[      script:monitor] [txAdmin] Resource v8.0.1 threads and commands set up. All Ready.
[           resources] Started resource monitor
[    c-scripting-core] Creating script environments for mapmanager
[           resources] Started resource mapmanager
[    c-scripting-core] Creating script environments for chat
[           resources] Started resource chat
[           resources] Started resource spawnmanager
[   script:mapmanager] Started gametype Freeroam
[           resources] Started resource basic-gamemode
[    c-scripting-core] Creating script environments for hardcap
[           resources] Started resource hardcap
[    c-scripting-core] Creating script environments for oxmysql
[           resources] Started resource oxmysql
[    c-scripting-core] Creating script environments for hello
[           resources] Started resource hello
[    c-scripting-core] Creating script environments for coords
[           resources] Started resource coords
[    c-scripting-core] Creating script environments for spawnCone
[           resources] Started resource spawnCone
[    c-scripting-core] Creating script environments for changePed
[           resources] Started resource changePed
[    c-scripting-core] Creating script environments for animation
[           resources] Started resource animation
[    c-scripting-core] Creating script environments for speedometer
[           resources] Started resource speedometer
[    c-scripting-core] Creating script environments for carSpawn
[           resources] Started resource carSpawn
[    c-scripting-core] Creating script environments for getCoords
[           resources] Started resource getCoords
[ citizen-server-main] Warning: The players.json endpoint has been modified to no longer return the player identifiers without authentication.
[ citizen-server-main] To learn more about this change read our announcement at https://aka.cfx.re/players-json-privacy
[   script:mapmanager] Started map fivem-map-hipster
[           resources] Started resource fivem-map-hipster
[      script:oxmysql] [11.7.2-MariaDB] Database server connection established!
[ citizen-server-impl]         fff                          
[ citizen-server-impl]   cccc ff   xx  xx     rr rr    eee  
[ citizen-server-impl] cc     ffff   xx       rrr  r ee   e 
[ citizen-server-impl] cc     ff     xx   ... rr     eeeee  
[ citizen-server-impl]  ccccc ff   xx  xx ... rr      eeeee 
[ citizen-server-impl]                                      
[ citizen-server-impl] Authenticated with cfx.re Nucleus: https://viktor0524-bzbqe8.users.cfx.re/
║             TXADMIN║ txaReportResources 
[      script:monitor] [txAdmin] Sending resources list to txAdmin.
║          Viktor0524║ ensure "tp"
║             TXADMIN║ txaReportResources 
[    c-scripting-core] Creating script environments for tp
[    c-scripting-core] Failed to load script @ox_lib/init.lua.
[           resources] Started resource tp
[      script:monitor] [txAdmin] Sending resources list to txAdmin.
║          Viktor0524║ ensure "tp"
║             TXADMIN║ txaReportResources 
[           resources] Stopping resource tp
[    c-scripting-core] Creating script environments for tp
[    c-scripting-core] Failed to load script @ox_lib/init.lua.
[           resources] Started resource tp
[      script:monitor] [txAdmin] Sending resources list to txAdmin.
║             TXADMIN║ txaReportResources 
[      script:monitor] [txAdmin] Sending resources list to txAdmin.
║          Viktor0524║ ensure "tp"
[           resources] Stopping resource tp
║             TXADMIN║ txaReportResources 
[    c-scripting-core] Creating script environments for tp
[    c-scripting-core] Failed to load script @ox_lib/init.lua.
[           resources] Started resource tp
[      script:monitor] [txAdmin] Sending resources list to txAdmin.
║             TXADMIN║ ================================================================
║             TXADMIN║ ======== [21696] FXServer Starting - 2025-03-12 13:30:30        
║             TXADMIN║ ================================================================
[           resources] Scanning resources.
[           resources] Found 42 resources.
[          svadhesive] Authenticating server license key...
[          svadhesive] Server license key authentication succeeded. Welcome!
[    c-scripting-core] Creating script environments for sessionmanager
[           resources] Started resource sessionmanager
[    c-scripting-core] Creating script environments for monitor
[      script:monitor] [txAdmin] Resource v8.0.1 threads and commands set up. All Ready.
[           resources] Started resource monitor
[    c-scripting-core] Creating script environments for mapmanager
[           resources] Started resource mapmanager
[    c-scripting-core] Creating script environments for chat
[           resources] Started resource chat
[           resources] Started resource spawnmanager
[   script:mapmanager] Started gametype Freeroam
[           resources] Started resource basic-gamemode
[    c-scripting-core] Creating script environments for hardcap
[           resources] Started resource hardcap
[    c-scripting-core] Creating script environments for oxmysql
[           resources] Started resource oxmysql
[    c-scripting-core] Creating script environments for hello
[           resources] Started resource hello
[    c-scripting-core] Creating script environments for coords
[           resources] Started resource coords
[    c-scripting-core] Creating script environments for spawnCone
[           resources] Started resource spawnCone
[    c-scripting-core] Creating script environments for changePed
[           resources] Started resource changePed
[    c-scripting-core] Creating script environments for animation
[           resources] Started resource animation
[    c-scripting-core] Creating script environments for speedometer
[           resources] Started resource speedometer
[    c-scripting-core] Creating script environments for carSpawn
[           resources] Started resource carSpawn
[    c-scripting-core] Creating script environments for tp
[           resources] Started resource tp
[    c-scripting-core] Creating script environments for getCoords
[           resources] Started resource getCoords
[ citizen-server-main] Warning: The players.json endpoint has been modified to no longer return the player identifiers without authentication.
[ citizen-server-main] To learn more about this change read our announcement at https://aka.cfx.re/players-json-privacy
[   script:mapmanager] Started map fivem-map-skater
[           resources] Started resource fivem-map-skater
[      script:oxmysql] [11.7.2-MariaDB] Database server connection established!
[ citizen-server-impl]         fff                          
[ citizen-server-impl]   cccc ff   xx  xx     rr rr    eee  
[ citizen-server-impl] cc     ffff   xx       rrr  r ee   e 
[ citizen-server-impl] cc     ff     xx   ... rr     eeeee  
[ citizen-server-impl]  ccccc ff   xx  xx ... rr      eeeee 
[ citizen-server-impl]                                      
[ citizen-server-impl] Authenticated with cfx.re Nucleus: https://viktor0524-bzbqe8.users.cfx.re/
║          Viktor0524║ ensure tp
[           resources] Stopping resource tp
[    c-scripting-core] Creating script environments for tp
[           resources] Started resource tp
║          Viktor0524║ ensure tp
[           resources] Stopping resource tp
[    c-scripting-core] Creating script environments for tp
[           resources] Started resource tp
[      script:hardcap] Connecting: Dator
║          Viktor0524║ ensure tp
[           resources] Stopping resource tp
[    c-scripting-core] Creating script environments for tp
[           resources] Started resource tp
[      script:hardcap] Connecting: Dator
║          Viktor0524║ status
[                 cmd] No such command status.
[      script:oxmysql] [11.7.2-MariaDB] Database server connection established!
║             TXADMIN║ ================================================================
║             TXADMIN║ ======== [1480] FXServer Starting - 2025-03-12 13:45:44         
║             TXADMIN║ ================================================================
[           resources] Scanning resources.
[           resources] Found 42 resources.
[          svadhesive] Authenticating server license key...
[          svadhesive] Server license key authentication succeeded. Welcome!
[    c-scripting-core] Creating script environments for sessionmanager
[           resources] Started resource sessionmanager
[    c-scripting-core] Creating script environments for monitor
[      script:monitor] [txAdmin] Resource v8.0.1 threads and commands set up. All Ready.
[           resources] Started resource monitor
[    c-scripting-core] Creating script environments for mapmanager
[           resources] Started resource mapmanager
[    c-scripting-core] Creating script environments for chat
[           resources] Started resource chat
[           resources] Started resource spawnmanager
[   script:mapmanager] Started gametype Freeroam
[           resources] Started resource basic-gamemode
[    c-scripting-core] Creating script environments for hardcap
[           resources] Started resource hardcap
[    c-scripting-core] Creating script environments for oxmysql
[           resources] Started resource oxmysql
[    c-scripting-core] Creating script environments for hello
[           resources] Started resource hello
[    c-scripting-core] Creating script environments for coords
[           resources] Started resource coords
[    c-scripting-core] Creating script environments for spawnCone
[           resources] Started resource spawnCone
[    c-scripting-core] Creating script environments for changePed
[           resources] Started resource changePed
[    c-scripting-core] Creating script environments for animation
[           resources] Started resource animation
[    c-scripting-core] Creating script environments for speedometer
[           resources] Started resource speedometer
[    c-scripting-core] Creating script environments for carSpawn
[           resources] Started resource carSpawn
[    c-scripting-core] Creating script environments for tp
[           resources] Started resource tp
[    c-scripting-core] Creating script environments for getCoords
[           resources] Started resource getCoords
[ citizen-server-main] Warning: The players.json endpoint has been modified to no longer return the player identifiers without authentication.
[ citizen-server-main] To learn more about this change read our announcement at https://aka.cfx.re/players-json-privacy
[   script:mapmanager] Started map fivem-map-skater
[           resources] Started resource fivem-map-skater
[      script:oxmysql] [11.7.2-MariaDB] Database server connection established!
[ citizen-server-impl]         fff                          
[ citizen-server-impl]   cccc ff   xx  xx     rr rr    eee  
[ citizen-server-impl] cc     ffff   xx       rrr  r ee   e 
[ citizen-server-impl] cc     ff     xx   ... rr     eeeee  
[ citizen-server-impl]  ccccc ff   xx  xx ... rr      eeeee 
[ citizen-server-impl]                                      
[ citizen-server-impl] Authenticated with cfx.re Nucleus: https://viktor0524-bzbqe8.users.cfx.re/
[      script:hardcap] Connecting: Dator
[      script:oxmysql] [11.7.2-MariaDB] Database server connection established!
[      script:oxmysql] [11.7.2-MariaDB] Database server connection established!
[ citizen-server-impl] server thread hitch warning: timer interval of 162 milliseconds
[      script:oxmysql] [11.7.2-MariaDB] Database server connection established!
║             TXADMIN║ ================================================================
║             TXADMIN║ ======== [18596] FXServer Starting - 2025-03-12 14:02:08        
║             TXADMIN║ ================================================================
[           resources] Scanning resources.
[           resources] Found 42 resources.
[          svadhesive] Authenticating server license key...
[          svadhesive] Server license key authentication succeeded. Welcome!
[    c-scripting-core] Creating script environments for sessionmanager
[           resources] Started resource sessionmanager
[    c-scripting-core] Creating script environments for monitor
[      script:monitor] [txAdmin] Resource v8.0.1 threads and commands set up. All Ready.
[           resources] Started resource monitor
[    c-scripting-core] Creating script environments for mapmanager
[           resources] Started resource mapmanager
[    c-scripting-core] Creating script environments for chat
[           resources] Started resource chat
[           resources] Started resource spawnmanager
[   script:mapmanager] Started gametype Freeroam
[           resources] Started resource basic-gamemode
[    c-scripting-core] Creating script environments for hardcap
[           resources] Started resource hardcap
[    c-scripting-core] Creating script environments for oxmysql
[           resources] Started resource oxmysql
[    c-scripting-core] Creating script environments for hello
[           resources] Started resource hello
[    c-scripting-core] Creating script environments for coords
[           resources] Started resource coords
[    c-scripting-core] Creating script environments for spawnCone
[           resources] Started resource spawnCone
[    c-scripting-core] Creating script environments for changePed
[           resources] Started resource changePed
[    c-scripting-core] Creating script environments for animation
[           resources] Started resource animation
[    c-scripting-core] Creating script environments for speedometer
[           resources] Started resource speedometer
[    c-scripting-core] Creating script environments for carSpawn
[           resources] Started resource carSpawn
[    c-scripting-core] Creating script environments for tp
[           resources] Started resource tp
[    c-scripting-core] Creating script environments for getCoords
[           resources] Started resource getCoords
[ citizen-server-main] Warning: The players.json endpoint has been modified to no longer return the player identifiers without authentication.
[ citizen-server-main] To learn more about this change read our announcement at https://aka.cfx.re/players-json-privacy
[   script:mapmanager] Started map fivem-map-hipster
[           resources] Started resource fivem-map-hipster
[      script:oxmysql] [11.7.2-MariaDB] Database server connection established!
[ citizen-server-impl]         fff                          
[ citizen-server-impl]   cccc ff   xx  xx     rr rr    eee  
[ citizen-server-impl] cc     ffff   xx       rrr  r ee   e 
[ citizen-server-impl] cc     ff     xx   ... rr     eeeee  
[ citizen-server-impl]  ccccc ff   xx  xx ... rr      eeeee 
[ citizen-server-impl]                                      
[ citizen-server-impl] Authenticated with cfx.re Nucleus: https://viktor0524-bzbqe8.users.cfx.re/
[      script:hardcap] Connecting: Dator
║             TXADMIN║ ================================================================
║             TXADMIN║ ======== [2004] FXServer Starting - 2025-03-12 15:46:20         
║             TXADMIN║ ================================================================
[           resources] Scanning resources.
[           resources] Found 42 resources.
[          svadhesive] Authenticating server license key...
[          svadhesive] Server license key authentication succeeded. Welcome!
[    c-scripting-core] Creating script environments for sessionmanager
[           resources] Started resource sessionmanager
[    c-scripting-core] Creating script environments for monitor
[      script:monitor] [txAdmin] Resource v8.0.1 threads and commands set up. All Ready.
[           resources] Started resource monitor
[    c-scripting-core] Creating script environments for mapmanager
[           resources] Started resource mapmanager
[    c-scripting-core] Creating script environments for chat
[           resources] Started resource chat
[           resources] Started resource spawnmanager
[   script:mapmanager] Started gametype Freeroam
[           resources] Started resource basic-gamemode
[    c-scripting-core] Creating script environments for hardcap
[           resources] Started resource hardcap
[    c-scripting-core] Creating script environments for oxmysql
[           resources] Started resource oxmysql
[    c-scripting-core] Creating script environments for hello
[           resources] Started resource hello
[    c-scripting-core] Creating script environments for coords
[           resources] Started resource coords
[    c-scripting-core] Creating script environments for spawnCone
[           resources] Started resource spawnCone
[    c-scripting-core] Creating script environments for changePed
[           resources] Started resource changePed
[    c-scripting-core] Creating script environments for animation
[           resources] Started resource animation
[    c-scripting-core] Creating script environments for speedometer
[           resources] Started resource speedometer
[    c-scripting-core] Creating script environments for carSpawn
[           resources] Started resource carSpawn
[    c-scripting-core] Creating script environments for tp
[           resources] Started resource tp
[    c-scripting-core] Creating script environments for getCoords
[           resources] Started resource getCoords
[ citizen-server-main] Warning: The players.json endpoint has been modified to no longer return the player identifiers without authentication.
[ citizen-server-main] To learn more about this change read our announcement at https://aka.cfx.re/players-json-privacy
[   script:mapmanager] Started map fivem-map-skater
[           resources] Started resource fivem-map-skater
[      script:oxmysql] [11.7.2-MariaDB] Database server connection established!
[ citizen-server-impl]         fff                          
[ citizen-server-impl]   cccc ff   xx  xx     rr rr    eee  
[ citizen-server-impl] cc     ffff   xx       rrr  r ee   e 
[ citizen-server-impl] cc     ff     xx   ... rr     eeeee  
[ citizen-server-impl]  ccccc ff   xx  xx ... rr      eeeee 
[ citizen-server-impl]                                      
[ citizen-server-impl] Authenticated with cfx.re Nucleus: https://viktor0524-bzbqe8.users.cfx.re/
║             TXADMIN║ ================================================================
║             TXADMIN║ ======== [21704] FXServer Starting - 2025-03-12 15:55:38        
║             TXADMIN║ ================================================================
[           resources] Scanning resources.
[           resources] Found 25 resources.
[          svadhesive] Authenticating server license key...
[          svadhesive] Server license key authentication succeeded. Welcome!
[    c-scripting-core] Creating script environments for sessionmanager
[           resources] Started resource sessionmanager
[    c-scripting-core] Creating script environments for monitor
[      script:monitor] [txAdmin] Resource v8.0.1 threads and commands set up. All Ready.
[           resources] Started resource monitor
[    c-scripting-core] Creating script environments for mapmanager
[           resources] Started resource mapmanager
[    c-scripting-core] Creating script environments for chat
[           resources] Started resource chat
[           resources] Started resource spawnmanager
[   script:mapmanager] Started gametype Freeroam
[           resources] Started resource basic-gamemode
[    c-scripting-core] Creating script environments for hardcap
[           resources] Started resource hardcap
[ citizen-server-main] Warning: The players.json endpoint has been modified to no longer return the player identifiers without authentication.
[ citizen-server-main] To learn more about this change read our announcement at https://aka.cfx.re/players-json-privacy
[   script:mapmanager] Started map fivem-map-hipster
[           resources] Started resource fivem-map-hipster
[ citizen-server-impl]         fff                          
[ citizen-server-impl]   cccc ff   xx  xx     rr rr    eee  
[ citizen-server-impl] cc     ffff   xx       rrr  r ee   e 
[ citizen-server-impl] cc     ff     xx   ... rr     eeeee  
[ citizen-server-impl]  ccccc ff   xx  xx ... rr      eeeee 
[ citizen-server-impl]                                      
[ citizen-server-impl] Authenticated with cfx.re Nucleus: https://viktor0524-bzbqe8.users.cfx.re/
║             TXADMIN║ txaReportResources 
[      script:monitor] [txAdmin] Sending resources list to txAdmin.
[      script:hardcap] Connecting: Dator
║             TXADMIN║ ================================================================
║             TXADMIN║ ======== [15528] FXServer Starting - 2025-03-12 16:03:51        
║             TXADMIN║ ================================================================
[           resources] Scanning resources.
[           resources] Found 25 resources.
[          svadhesive] Authenticating server license key...
[          svadhesive] Server license key authentication succeeded. Welcome!
[    c-scripting-core] Creating script environments for sessionmanager
[           resources] Started resource sessionmanager
[    c-scripting-core] Creating script environments for monitor
[      script:monitor] [txAdmin] Resource v8.0.1 threads and commands set up. All Ready.
[           resources] Started resource monitor
[    c-scripting-core] Creating script environments for mapmanager
[           resources] Started resource mapmanager
[    c-scripting-core] Creating script environments for chat
[           resources] Started resource chat
[           resources] Started resource spawnmanager
[   script:mapmanager] Started gametype Freeroam
[           resources] Started resource basic-gamemode
[    c-scripting-core] Creating script environments for hardcap
[           resources] Started resource hardcap
[ citizen-server-main] Warning: The players.json endpoint has been modified to no longer return the player identifiers without authentication.
[ citizen-server-main] To learn more about this change read our announcement at https://aka.cfx.re/players-json-privacy
[   script:mapmanager] Started map fivem-map-hipster
[           resources] Started resource fivem-map-hipster
[ citizen-server-impl]         fff                          
[ citizen-server-impl]   cccc ff   xx  xx     rr rr    eee  
[ citizen-server-impl] cc     ffff   xx       rrr  r ee   e 
[ citizen-server-impl] cc     ff     xx   ... rr     eeeee  
[ citizen-server-impl]  ccccc ff   xx  xx ... rr      eeeee 
[ citizen-server-impl]                                      
[ citizen-server-impl] Authenticated with cfx.re Nucleus: https://viktor0524-bzbqe8.users.cfx.re/
║             TXADMIN║ ================================================================
║             TXADMIN║ ======== [24672] FXServer Starting - 2025-03-12 16:05:01        
║             TXADMIN║ ================================================================
[           resources] Scanning resources.
[           resources] Found 25 resources.
[          svadhesive] Authenticating server license key...
[          svadhesive] Server license key authentication succeeded. Welcome!
[    c-scripting-core] Creating script environments for sessionmanager
[           resources] Started resource sessionmanager
[    c-scripting-core] Creating script environments for monitor
[      script:monitor] [txAdmin] Resource v8.0.1 threads and commands set up. All Ready.
[           resources] Started resource monitor
[    c-scripting-core] Creating script environments for mapmanager
[           resources] Started resource mapmanager
[    c-scripting-core] Creating script environments for chat
[           resources] Started resource chat
[           resources] Started resource spawnmanager
[   script:mapmanager] Started gametype Freeroam
[           resources] Started resource basic-gamemode
[    c-scripting-core] Creating script environments for hardcap
[           resources] Started resource hardcap
[ citizen-server-main] Warning: The players.json endpoint has been modified to no longer return the player identifiers without authentication.
[ citizen-server-main] To learn more about this change read our announcement at https://aka.cfx.re/players-json-privacy
[   script:mapmanager] Started map fivem-map-skater
[           resources] Started resource fivem-map-skater
[ citizen-server-impl]         fff                          
[ citizen-server-impl]   cccc ff   xx  xx     rr rr    eee  
[ citizen-server-impl] cc     ffff   xx       rrr  r ee   e 
[ citizen-server-impl] cc     ff     xx   ... rr     eeeee  
[ citizen-server-impl]  ccccc ff   xx  xx ... rr      eeeee 
[ citizen-server-impl]                                      
[ citizen-server-impl] Authenticated with cfx.re Nucleus: https://viktor0524-bzbqe8.users.cfx.re/
║             TXADMIN║ txaReportResources 
[      script:monitor] [txAdmin] Sending resources list to txAdmin.
[ citizen-server-main] -> Quitting: SIGINT received
[ citizen-server-main] -> Quitting: host shutting down
║             TXADMIN║ ================================================================
║             TXADMIN║ ======== [5968] FXServer Starting - 2025-03-12 16:11:10         
║             TXADMIN║ ================================================================
[           resources] Scanning resources.
[           resources] Found 25 resources.
[          svadhesive] Authenticating server license key...
[          svadhesive] Server license key authentication succeeded. Welcome!
[    c-scripting-core] Creating script environments for sessionmanager
[           resources] Started resource sessionmanager
[    c-scripting-core] Creating script environments for monitor
[      script:monitor] [txAdmin] Resource v8.0.1 threads and commands set up. All Ready.
[           resources] Started resource monitor
[    c-scripting-core] Creating script environments for mapmanager
[           resources] Started resource mapmanager
[    c-scripting-core] Creating script environments for chat
[           resources] Started resource chat
[           resources] Started resource spawnmanager
[   script:mapmanager] Started gametype Freeroam
[           resources] Started resource basic-gamemode
[    c-scripting-core] Creating script environments for hardcap
[           resources] Started resource hardcap
[ citizen-server-main] Warning: The players.json endpoint has been modified to no longer return the player identifiers without authentication.
[ citizen-server-main] To learn more about this change read our announcement at https://aka.cfx.re/players-json-privacy
[   script:mapmanager] Started map fivem-map-hipster
[           resources] Started resource fivem-map-hipster
[ citizen-server-impl]         fff                          
[ citizen-server-impl]   cccc ff   xx  xx     rr rr    eee  
[ citizen-server-impl] cc     ffff   xx       rrr  r ee   e 
[ citizen-server-impl] cc     ff     xx   ... rr     eeeee  
[ citizen-server-impl]  ccccc ff   xx  xx ... rr      eeeee 
[ citizen-server-impl]                                      
[ citizen-server-impl] Authenticated with cfx.re Nucleus: https://viktor0524-bzbqe8.users.cfx.re/
║             TXADMIN║ ================================================================
║             TXADMIN║ ======== [7500] FXServer Starting - 2025-03-12 16:14:13         
║             TXADMIN║ ================================================================
[           resources] Scanning resources.
[           resources] Found 25 resources.
[          svadhesive] Authenticating server license key...
[          svadhesive] Server license key authentication succeeded. Welcome!
[    c-scripting-core] Creating script environments for sessionmanager
[           resources] Started resource sessionmanager
[    c-scripting-core] Creating script environments for monitor
[      script:monitor] [txAdmin] Resource v8.0.1 threads and commands set up. All Ready.
[           resources] Started resource monitor
[    c-scripting-core] Creating script environments for mapmanager
[           resources] Started resource mapmanager
[    c-scripting-core] Creating script environments for chat
[           resources] Started resource chat
[           resources] Started resource spawnmanager
[   script:mapmanager] Started gametype Freeroam
[           resources] Started resource basic-gamemode
[    c-scripting-core] Creating script environments for hardcap
[           resources] Started resource hardcap
[ citizen-server-main] Warning: The players.json endpoint has been modified to no longer return the player identifiers without authentication.
[ citizen-server-main] To learn more about this change read our announcement at https://aka.cfx.re/players-json-privacy
[   script:mapmanager] Started map fivem-map-skater
[           resources] Started resource fivem-map-skater
[ citizen-server-impl]         fff                          
[ citizen-server-impl]   cccc ff   xx  xx     rr rr    eee  
[ citizen-server-impl] cc     ffff   xx       rrr  r ee   e 
[ citizen-server-impl] cc     ff     xx   ... rr     eeeee  
[ citizen-server-impl]  ccccc ff   xx  xx ... rr      eeeee 
[ citizen-server-impl]                                      
[ citizen-server-impl] Authenticated with cfx.re Nucleus: https://viktor0524-bzbqe8.users.cfx.re/
║             TXADMIN║ ================================================================
║             TXADMIN║ ======== [24632] FXServer Starting - 2025-03-12 16:28:35        
║             TXADMIN║ ================================================================
[           resources] Scanning resources.
[    resources:second] Warning: second does not have a resource manifest (fxmanifest.lua)
[           resources] Found 27 resources.
[           resources] 1 warning was encountered.
[          svadhesive] Authenticating server license key...
[          svadhesive] Server license key authentication succeeded. Welcome!
[    c-scripting-core] Creating script environments for sessionmanager
[           resources] Started resource sessionmanager
[    c-scripting-core] Creating script environments for monitor
[      script:monitor] [txAdmin] Resource v8.0.1 threads and commands set up. All Ready.
[           resources] Started resource monitor
[    c-scripting-core] Creating script environments for mapmanager
[           resources] Started resource mapmanager
[    c-scripting-core] Creating script environments for chat
[           resources] Started resource chat
[           resources] Started resource spawnmanager
[   script:mapmanager] Started gametype Freeroam
[           resources] Started resource basic-gamemode
[    c-scripting-core] Creating script environments for hardcap
[           resources] Started resource hardcap
[    c-scripting-core] Creating script environments for first
[           resources] Started resource first
[ citizen-server-main] Warning: The players.json endpoint has been modified to no longer return the player identifiers without authentication.
[ citizen-server-main] To learn more about this change read our announcement at https://aka.cfx.re/players-json-privacy
[   script:mapmanager] Started map fivem-map-skater
[           resources] Started resource fivem-map-skater
[ citizen-server-impl]         fff                          
[ citizen-server-impl]   cccc ff   xx  xx     rr rr    eee  
[ citizen-server-impl] cc     ffff   xx       rrr  r ee   e 
[ citizen-server-impl] cc     ff     xx   ... rr     eeeee  
[ citizen-server-impl]  ccccc ff   xx  xx ... rr      eeeee 
[ citizen-server-impl]                                      
[ citizen-server-impl] Authenticated with cfx.re Nucleus: https://viktor0524-bzbqe8.users.cfx.re/
║             TXADMIN║ txaReportResources 
[      script:monitor] [txAdmin] Sending resources list to txAdmin.
[      script:hardcap] Connecting: Dator
║          Viktor0524║ refresh 
║             TXADMIN║ txaReportResources 
[           resources] Scanning resources.
[           resources] Found 1 new resources, and refreshed 0/26 resources.
[      script:monitor] [txAdmin] Sending resources list to txAdmin.
║          Viktor0524║ ensure "second"
║             TXADMIN║ txaReportResources 
[    c-scripting-core] Creating script environments for second
[           resources] Started resource second
[      script:monitor] [txAdmin] Sending resources list to txAdmin.
║          Viktor0524║ refresh 
║             TXADMIN║ txaReportResources 
[           resources] Scanning resources.
[           resources] Found 0 new resources, and refreshed 1/27 resources.
[      script:monitor] [txAdmin] Sending resources list to txAdmin.
║             TXADMIN║ ================================================================
║             TXADMIN║ ======== [20752] FXServer Starting - 2025-03-12 17:38:49        
║             TXADMIN║ ================================================================
[           resources] Scanning resources.
[           resources] Found 27 resources.
[          svadhesive] Authenticating server license key...
[          svadhesive] Server license key authentication succeeded. Welcome!
[    c-scripting-core] Creating script environments for sessionmanager
[           resources] Started resource sessionmanager
[    c-scripting-core] Creating script environments for monitor
[      script:monitor] [txAdmin] Resource v8.0.1 threads and commands set up. All Ready.
[           resources] Started resource monitor
[    c-scripting-core] Creating script environments for mapmanager
[           resources] Started resource mapmanager
[    c-scripting-core] Creating script environments for chat
[           resources] Started resource chat
[           resources] Started resource spawnmanager
[   script:mapmanager] Started gametype Freeroam
[           resources] Started resource basic-gamemode
[    c-scripting-core] Creating script environments for hardcap
[           resources] Started resource hardcap
[    c-scripting-core] Creating script environments for va_spawn
[           resources] Started resource va_spawn
[ citizen-server-main] Warning: The players.json endpoint has been modified to no longer return the player identifiers without authentication.
[ citizen-server-main] To learn more about this change read our announcement at https://aka.cfx.re/players-json-privacy
[   script:mapmanager] Started map fivem-map-hipster
[           resources] Started resource fivem-map-hipster
[ citizen-server-impl]         fff                          
[ citizen-server-impl]   cccc ff   xx  xx     rr rr    eee  
[ citizen-server-impl] cc     ffff   xx       rrr  r ee   e 
[ citizen-server-impl] cc     ff     xx   ... rr     eeeee  
[ citizen-server-impl]  ccccc ff   xx  xx ... rr      eeeee 
[ citizen-server-impl]                                      
[ citizen-server-impl] Authenticated with cfx.re Nucleus: https://viktor0524-bzbqe8.users.cfx.re/
║             TXADMIN║ txaReportResources 
[      script:monitor] [txAdmin] Sending resources list to txAdmin.
║          Viktor0524║ ensure "va_spawn"
[           resources] Stopping resource va_spawn
[    c-scripting-core] Creating script environments for va_spawn
║             TXADMIN║ txaReportResources 
[           resources] Started resource va_spawn
[      script:monitor] [txAdmin] Sending resources list to txAdmin.
[      script:hardcap] Connecting: Dator
[      script:hardcap] Connecting: Dator
║          Viktor0524║ ensure "va_spawn"
║             TXADMIN║ txaReportResources 
[           resources] Stopping resource va_spawn
[    c-scripting-core] Creating script environments for va_spawn
[           resources] Started resource va_spawn
[      script:monitor] [txAdmin] Sending resources list to txAdmin.
[      script:hardcap] Connecting: Dator
║          Viktor0524║ stop "va_spawn"
║             TXADMIN║ txaReportResources 
[           resources] Stopping resource va_spawn
[      script:monitor] [txAdmin] Sending resources list to txAdmin.
║             TXADMIN║ ================================================================
║             TXADMIN║ ======== [20252] FXServer Starting - 2025-03-12 17:58:12        
║             TXADMIN║ ================================================================
[           resources] Scanning resources.
[           resources] Found 27 resources.
[          svadhesive] Authenticating server license key...
[          svadhesive] Server license key authentication succeeded. Welcome!
[    c-scripting-core] Creating script environments for sessionmanager
[           resources] Started resource sessionmanager
[    c-scripting-core] Creating script environments for monitor
[      script:monitor] [txAdmin] Resource v8.0.1 threads and commands set up. All Ready.
[           resources] Started resource monitor
[    c-scripting-core] Creating script environments for mapmanager
[           resources] Started resource mapmanager
[    c-scripting-core] Creating script environments for chat
[           resources] Started resource chat
[           resources] Started resource spawnmanager
[   script:mapmanager] Started gametype Freeroam
[           resources] Started resource basic-gamemode
[    c-scripting-core] Creating script environments for hardcap
[           resources] Started resource hardcap
[    c-scripting-core] Creating script environments for va_spawn
[           resources] Started resource va_spawn
[ citizen-server-main] Warning: The players.json endpoint has been modified to no longer return the player identifiers without authentication.
[ citizen-server-main] To learn more about this change read our announcement at https://aka.cfx.re/players-json-privacy
[   script:mapmanager] Started map fivem-map-skater
[           resources] Started resource fivem-map-skater
[ citizen-server-impl]         fff                          
[ citizen-server-impl]   cccc ff   xx  xx     rr rr    eee  
[ citizen-server-impl] cc     ffff   xx       rrr  r ee   e 
[ citizen-server-impl] cc     ff     xx   ... rr     eeeee  
[ citizen-server-impl]  ccccc ff   xx  xx ... rr      eeeee 
[ citizen-server-impl]                                      
[ citizen-server-impl] Authenticated with cfx.re Nucleus: https://viktor0524-bzbqe8.users.cfx.re/
[      script:hardcap] Connecting: Dator
║             TXADMIN║ ================================================================
║             TXADMIN║ ======== [8460] FXServer Starting - 2025-03-12 18:53:44         
║             TXADMIN║ ================================================================
[           resources] Scanning resources.
[           resources] Found 27 resources.
[          svadhesive] Authenticating server license key...
[          svadhesive] Server license key authentication succeeded. Welcome!
[    c-scripting-core] Creating script environments for sessionmanager
[           resources] Started resource sessionmanager
[    c-scripting-core] Creating script environments for monitor
[      script:monitor] [txAdmin] Resource v8.0.1 threads and commands set up. All Ready.
[           resources] Started resource monitor
[    c-scripting-core] Creating script environments for mapmanager
[           resources] Started resource mapmanager
[    c-scripting-core] Creating script environments for chat
[           resources] Started resource chat
[           resources] Started resource spawnmanager
[   script:mapmanager] Started gametype Freeroam
[           resources] Started resource basic-gamemode
[    c-scripting-core] Creating script environments for hardcap
[           resources] Started resource hardcap
[    c-scripting-core] Creating script environments for va_spawn
[           resources] Started resource va_spawn
[    c-scripting-core] Creating script environments for va_spawnCar
[           resources] Started resource va_spawnCar
[ citizen-server-main] Warning: The players.json endpoint has been modified to no longer return the player identifiers without authentication.
[ citizen-server-main] To learn more about this change read our announcement at https://aka.cfx.re/players-json-privacy
[   script:mapmanager] Started map fivem-map-hipster
[           resources] Started resource fivem-map-hipster
[ citizen-server-impl]         fff                          
[ citizen-server-impl]   cccc ff   xx  xx     rr rr    eee  
[ citizen-server-impl] cc     ffff   xx       rrr  r ee   e 
[ citizen-server-impl] cc     ff     xx   ... rr     eeeee  
[ citizen-server-impl]  ccccc ff   xx  xx ... rr      eeeee 
[ citizen-server-impl]                                      
[ citizen-server-impl] Authenticated with cfx.re Nucleus: https://viktor0524-bzbqe8.users.cfx.re/
[      script:hardcap] Connecting: Dator
[ citizen-server-impl] sync thread hitch warning: timer interval of 112 milliseconds
[ citizen-server-impl] sync thread hitch warning: timer interval of 103 milliseconds
[ citizen-server-impl] sync thread hitch warning: timer interval of 126 milliseconds
[  script:va_spawnCar] SCRIPT ERROR: @va_spawnCar/server/main.lua:2: attempt to call a nil value (global 'PlayerPedId')
[  script:va_spawnCar] > handler (@va_spawnCar/server/main.lua:2)
[  script:va_spawnCar] vector3(1.121039e-43, -25600, -9.149309e+18)	nil	nil
[  script:va_spawnCar] 1.1210387714599e-43	-25600.0	-1.4416251105632e+19
[  script:va_spawnCar] 1.1210387714599e-43	-25600.0	-1.7403351519415e+19
[  script:va_spawnCar] 1.1210387714599e-43	-25600.0	-2661654528.0
[  script:va_spawnCar] 1.1210387714599e-43	-25600.0	-2093475840.0
[  script:va_spawnCar] 133921
║             TXADMIN║ ================================================================
║             TXADMIN║ ======== [20792] FXServer Starting - 2025-03-12 19:32:40        
║             TXADMIN║ ================================================================
[           resources] Scanning resources.
[           resources] Found 27 resources.
[          svadhesive] Authenticating server license key...
[          svadhesive] Server license key authentication succeeded. Welcome!
[    c-scripting-core] Creating script environments for sessionmanager
[           resources] Started resource sessionmanager
[    c-scripting-core] Creating script environments for monitor
[      script:monitor] [txAdmin] Resource v8.0.1 threads and commands set up. All Ready.
[           resources] Started resource monitor
[    c-scripting-core] Creating script environments for mapmanager
[           resources] Started resource mapmanager
[    c-scripting-core] Creating script environments for chat
[           resources] Started resource chat
[           resources] Started resource spawnmanager
[   script:mapmanager] Started gametype Freeroam
[           resources] Started resource basic-gamemode
[    c-scripting-core] Creating script environments for hardcap
[           resources] Started resource hardcap
[    c-scripting-core] Creating script environments for va_spawn
[           resources] Started resource va_spawn
[    c-scripting-core] Creating script environments for va_spawnCar
[           resources] Started resource va_spawnCar
[ citizen-server-main] Warning: The players.json endpoint has been modified to no longer return the player identifiers without authentication.
[ citizen-server-main] To learn more about this change read our announcement at https://aka.cfx.re/players-json-privacy
[   script:mapmanager] Started map fivem-map-skater
[           resources] Started resource fivem-map-skater
[ citizen-server-impl]         fff                          
[ citizen-server-impl]   cccc ff   xx  xx     rr rr    eee  
[ citizen-server-impl] cc     ffff   xx       rrr  r ee   e 
[ citizen-server-impl] cc     ff     xx   ... rr     eeeee  
[ citizen-server-impl]  ccccc ff   xx  xx ... rr      eeeee 
[ citizen-server-impl]                                      
[ citizen-server-impl] Authenticated with cfx.re Nucleus: https://viktor0524-bzbqe8.users.cfx.re/
[      script:hardcap] Connecting: Dator
[      script:hardcap] Connecting: Dator
[      script:hardcap] Connecting: Dator
║             TXADMIN║ txaReportResources 
[      script:monitor] [txAdmin] Sending resources list to txAdmin.
║          Viktor0524║ refresh 
║             TXADMIN║ txaReportResources 
[           resources] Scanning resources.
[           resources] Found 1 new resources, and refreshed 0/27 resources.
[      script:monitor] [txAdmin] Sending resources list to txAdmin.
║          Viktor0524║ ensure "va_weapon"
║             TXADMIN║ txaReportResources 
[    c-scripting-core] Creating script environments for va_weapon
[           resources] Started resource va_weapon
[      script:monitor] [txAdmin] Sending resources list to txAdmin.
║             TXADMIN║ ================================================================
║             TXADMIN║ ======== [756] FXServer Starting - 2025-03-12 21:29:27          
║             TXADMIN║ ================================================================
[           resources] Scanning resources.
[           resources] Found 29 resources.
[          svadhesive] Authenticating server license key...
[          svadhesive] Server license key authentication succeeded. Welcome!
[    c-scripting-core] Creating script environments for sessionmanager
[           resources] Started resource sessionmanager
[    c-scripting-core] Creating script environments for monitor
[      script:monitor] [txAdmin] Resource v8.0.1 threads and commands set up. All Ready.
[           resources] Started resource monitor
[    c-scripting-core] Creating script environments for mapmanager
[           resources] Started resource mapmanager
[    c-scripting-core] Creating script environments for chat
[           resources] Started resource chat
[           resources] Started resource spawnmanager
[   script:mapmanager] Started gametype Freeroam
[           resources] Started resource basic-gamemode
[    c-scripting-core] Creating script environments for hardcap
[           resources] Started resource hardcap
[    c-scripting-core] Creating script environments for va_spawn
[           resources] Started resource va_spawn
[    c-scripting-core] Creating script environments for va_spawnCar
[           resources] Started resource va_spawnCar
[    c-scripting-core] Creating script environments for va_weapon
[           resources] Started resource va_weapon
[ citizen-server-main] Warning: The players.json endpoint has been modified to no longer return the player identifiers without authentication.
[ citizen-server-main] To learn more about this change read our announcement at https://aka.cfx.re/players-json-privacy
[   script:mapmanager] Started map fivem-map-hipster
[           resources] Started resource fivem-map-hipster
[ citizen-server-impl]         fff                          
[ citizen-server-impl]   cccc ff   xx  xx     rr rr    eee  
[ citizen-server-impl] cc     ffff   xx       rrr  r ee   e 
[ citizen-server-impl] cc     ff     xx   ... rr     eeeee  
[ citizen-server-impl]  ccccc ff   xx  xx ... rr      eeeee 
[ citizen-server-impl]                                      
[ citizen-server-impl] Authenticated with cfx.re Nucleus: https://viktor0524-bzbqe8.users.cfx.re/
[      script:hardcap] Connecting: Dator
[      script:hardcap] Connecting: Dator
[ citizen-server-impl] Server list query returned an error: System.Net.Sockets.SocketException: Operation timed out <- System.Net.Http.HttpRequestException: Operation timed out (83.250.222.247:30120)
║             TXADMIN║ txaReportResources 
[      script:monitor] [txAdmin] Sending resources list to txAdmin.
║          Viktor0524║ ensure "va_teleporter"
║             TXADMIN║ txaReportResources 
[    c-scripting-core] Creating script environments for va_teleporter
[           resources] Started resource va_teleporter
[      script:monitor] [txAdmin] Sending resources list to txAdmin.
[ citizen-server-impl] sync thread hitch warning: timer interval of 113 milliseconds
[ citizen-server-impl] server thread hitch warning: timer interval of 154 milliseconds
[      script:hardcap] Connecting: Dator
║          Viktor0524║ ensure "va_spawn"
║             TXADMIN║ txaReportResources 
[           resources] Stopping resource va_spawn
[    c-scripting-core] Creating script environments for va_spawn
[           resources] Started resource va_spawn
[      script:monitor] [txAdmin] Sending resources list to txAdmin.
[ citizen-server-impl] sync thread hitch warning: timer interval of 188 milliseconds
[ citizen-server-impl] server thread hitch warning: timer interval of 216 milliseconds
[ citizen-server-impl] sync thread hitch warning: timer interval of 121 milliseconds
[ citizen-server-impl] server thread hitch warning: timer interval of 232 milliseconds
[ citizen-server-impl] sync thread hitch warning: timer interval of 525 milliseconds
[ citizen-server-impl] server thread hitch warning: timer interval of 464 milliseconds
[ citizen-server-impl] server thread hitch warning: timer interval of 241 milliseconds
[ citizen-server-impl] server thread hitch warning: timer interval of 202 milliseconds
[ citizen-server-impl] server thread hitch warning: timer interval of 176 milliseconds
[ citizen-server-impl] server thread hitch warning: timer interval of 678 milliseconds
[ citizen-server-impl] sync thread hitch warning: timer interval of 166 milliseconds
[ citizen-server-impl] sync thread hitch warning: timer interval of 151 milliseconds
[ citizen-server-impl] sync thread hitch warning: timer interval of 119 milliseconds
[      script:hardcap] Connecting: Dator
[ citizen-server-impl] server thread hitch warning: timer interval of 154 milliseconds
[script:va_teleporter] SCRIPT ERROR: @va_teleporter/server/main.lua:3: attempt to call a nil value (global 'NetworkGetPlayerCoords')
[script:va_teleporter] > handler (@va_teleporter/server/main.lua:3)
[script:va_teleporter] SCRIPT ERROR: @va_teleporter/server/main.lua:3: attempt to call a nil value (global 'NetworkGetPlayerCoords')
[script:va_teleporter] > handler (@va_teleporter/server/main.lua:3)
[script:va_teleporter] SCRIPT ERROR: @va_teleporter/server/main.lua:3: attempt to call a nil value (global 'NetworkGetPlayerCoords')
[script:va_teleporter] > handler (@va_teleporter/server/main.lua:3)
[script:va_teleporter] SCRIPT ERROR: @va_teleporter/server/main.lua:3: attempt to call a nil value (global 'NetworkGetPlayerCoords')
[script:va_teleporter] > handler (@va_teleporter/server/main.lua:3)
[script:va_teleporter] SCRIPT ERROR: @va_teleporter/server/main.lua:3: attempt to call a nil value (global 'NetworkGetPlayerCoords')
[script:va_teleporter] > handler (@va_teleporter/server/main.lua:3)
[script:va_teleporter] SCRIPT ERROR: @va_teleporter/server/main.lua:3: attempt to call a nil value (global 'NetworkGetPlayerCoords')
[script:va_teleporter] > handler (@va_teleporter/server/main.lua:3)
[script:va_teleporter] SCRIPT ERROR: @va_teleporter/server/main.lua:3: attempt to call a nil value (global 'NetworkGetPlayerCoords')
[script:va_teleporter] > handler (@va_teleporter/server/main.lua:3)
[ citizen-server-impl] sync thread hitch warning: timer interval of 125 milliseconds
[ citizen-server-impl] server thread hitch warning: timer interval of 162 milliseconds
║          Viktor0524║ ensure "va_teleporter"
[           resources] Stopping resource va_teleporter
║             TXADMIN║ txaReportResources 
[    c-scripting-core] Creating script environments for va_teleporter
[           resources] Started resource va_teleporter
[      script:monitor] [txAdmin] Sending resources list to txAdmin.
[      script:hardcap] Connecting: Dator
[      script:hardcap] Connecting: Dator
║          Viktor0524║ ensure "va_teleporter"
║             TXADMIN║ txaReportResources 
[           resources] Stopping resource va_teleporter
[    c-scripting-core] Creating script environments for va_teleporter
[           resources] Started resource va_teleporter
[ citizen-server-impl] server thread hitch warning: timer interval of 167 milliseconds
[      script:monitor] [txAdmin] Sending resources list to txAdmin.
[script:va_teleporter] 0
[script:va_teleporter] 0
[script:va_teleporter] 0
[script:va_teleporter] TRIGGERED CLIENT TP EVENT
[script:va_teleporter] 0
[script:va_teleporter] TRIGGERED CLIENT TP EVENT
[script:va_teleporter] 0
[script:va_teleporter] TRIGGERED CLIENT TP EVENT
[script:va_teleporter] 0
[script:va_teleporter] TRIGGERED CLIENT TP EVENT
[script:va_teleporter] 0
[script:va_teleporter] TRIGGERED CLIENT TP EVENT
[script:va_teleporter] 0
[script:va_teleporter] TRIGGERED CLIENT TP EVENT
║             TXADMIN║ ================================================================
║             TXADMIN║ ======== [21612] FXServer Starting - 2025-03-12 22:58:28        
║             TXADMIN║ ================================================================
[           resources] Scanning resources.
[           resources] Found 29 resources.
[          svadhesive] Authenticating server license key...
[          svadhesive] Server license key authentication succeeded. Welcome!
[    c-scripting-core] Creating script environments for sessionmanager
[           resources] Started resource sessionmanager
[    c-scripting-core] Creating script environments for monitor
[      script:monitor] [txAdmin] Resource v8.0.1 threads and commands set up. All Ready.
[           resources] Started resource monitor
[    c-scripting-core] Creating script environments for mapmanager
[           resources] Started resource mapmanager
[    c-scripting-core] Creating script environments for chat
[           resources] Started resource chat
[           resources] Started resource spawnmanager
[   script:mapmanager] Started gametype Freeroam
[           resources] Started resource basic-gamemode
[    c-scripting-core] Creating script environments for hardcap
[           resources] Started resource hardcap
[    c-scripting-core] Creating script environments for va_spawn
[           resources] Started resource va_spawn
[    c-scripting-core] Creating script environments for va_spawnCar
[           resources] Started resource va_spawnCar
[    c-scripting-core] Creating script environments for va_weapon
[           resources] Started resource va_weapon
[    c-scripting-core] Creating script environments for va_teleporter
[           resources] Started resource va_teleporter
[ citizen-server-main] Warning: The players.json endpoint has been modified to no longer return the player identifiers without authentication.
[ citizen-server-main] To learn more about this change read our announcement at https://aka.cfx.re/players-json-privacy
[   script:mapmanager] Started map fivem-map-hipster
[           resources] Started resource fivem-map-hipster
[ citizen-server-impl]         fff                          
[ citizen-server-impl]   cccc ff   xx  xx     rr rr    eee  
[ citizen-server-impl] cc     ffff   xx       rrr  r ee   e 
[ citizen-server-impl] cc     ff     xx   ... rr     eeeee  
[ citizen-server-impl]  ccccc ff   xx  xx ... rr      eeeee 
[ citizen-server-impl]                                      
[ citizen-server-impl] Authenticated with cfx.re Nucleus: https://viktor0524-bzbqe8.users.cfx.re/
[ citizen-server-impl] sync thread hitch warning: timer interval of 126 milliseconds
[ citizen-server-impl] server thread hitch warning: timer interval of 174 milliseconds
[ citizen-server-impl] sync thread hitch warning: timer interval of 140 milliseconds
[ citizen-server-impl] server thread hitch warning: timer interval of 180 milliseconds
[ citizen-server-impl] sync thread hitch warning: timer interval of 134 milliseconds
[ citizen-server-impl] server thread hitch warning: timer interval of 166 milliseconds
[ citizen-server-impl] sync thread hitch warning: timer interval of 104 milliseconds
[ citizen-server-impl] sync thread hitch warning: timer interval of 198 milliseconds
[ citizen-server-impl] server thread hitch warning: timer interval of 228 milliseconds
[ citizen-server-impl] sync thread hitch warning: timer interval of 113 milliseconds
[ citizen-server-impl] sync thread hitch warning: timer interval of 169 milliseconds
[ citizen-server-impl] server thread hitch warning: timer interval of 185 milliseconds
[ citizen-server-impl] sync thread hitch warning: timer interval of 126 milliseconds
[ citizen-server-impl] server thread hitch warning: timer interval of 155 milliseconds
[ citizen-server-impl] server thread hitch warning: timer interval of 216 milliseconds
[ citizen-server-impl] sync thread hitch warning: timer interval of 161 milliseconds
[ citizen-server-impl] sync thread hitch warning: timer interval of 106 milliseconds
[ citizen-server-impl] server thread hitch warning: timer interval of 152 milliseconds
[      script:hardcap] Connecting: Dator
[      script:hardcap] Connecting: Dator
[ citizen-server-impl] sync thread hitch warning: timer interval of 125 milliseconds
[ citizen-server-impl] server thread hitch warning: timer interval of 168 milliseconds
[ citizen-server-impl] server thread hitch warning: timer interval of 155 milliseconds
[ citizen-server-impl] server thread hitch warning: timer interval of 194 milliseconds
[ citizen-server-impl] sync thread hitch warning: timer interval of 211 milliseconds
[ citizen-server-impl] sync thread hitch warning: timer interval of 167 milliseconds
[ citizen-server-impl] server thread hitch warning: timer interval of 241 milliseconds
[ citizen-server-impl] sync thread hitch warning: timer interval of 120 milliseconds
[ citizen-server-impl] sync thread hitch warning: timer interval of 111 milliseconds
[script:va_teleporter] 131073
[script:va_teleporter] TRIGGERED CLIENT TP EVENT
[script:va_teleporter] 131841
[script:va_teleporter] TRIGGERED CLIENT TP EVENT
[script:va_teleporter] 0
[script:va_teleporter] 131073
[script:va_teleporter] TRIGGERED CLIENT TP EVENT
