================================================================
======== Log Rotated - 2025-03-14 11:18:08                      
================================================================
║             TXADMIN║ ================================================================
║             TXADMIN║ ======== [21792] FXServer Starting - 2025-03-14 11:18:10        
║             TXADMIN║ ================================================================
[           resources] Scanning resources.
[        resources:te] Warning: te does not have a resource manifest (fxmanifest.lua)
[        resources:te] Warning: te exists in more than one place (C:\Users\Dator\Desktop\devServer\scripts\resources\[development]\te is used, the duplicate is C:\Users\Dator\Desktop\devServer\scripts\resources\[practice]\te)
[           resources] Found 34 resources.
[           resources] 2 warnings were encountered.
[          svadhesive] Authenticating server license key...
[          svadhesive] Server license key authentication succeeded. Welcome!
[    c-scripting-core] Creating script environments for sessionmanager
[           resources] Started resource sessionmanager
[    c-scripting-core] Creating script environments for monitor
[      script:monitor] [txAdmin] Resource v8.0.1 threads and commands set up. All Ready.
[           resources] Started resource monitor
[    c-scripting-core] Creating script environments for oxmysql
[           resources] Started resource oxmysql
[    c-scripting-core] Creating script environments for ox_lib
[           resources] Started resource ox_lib
[    c-scripting-core] Creating script environments for mapmanager
[           resources] Started resource mapmanager
[    c-scripting-core] Creating script environments for chat
[           resources] Started resource chat
[           resources] Started resource spawnmanager
[   script:mapmanager] Started gametype Freeroam
[           resources] Started resource basic-gamemode
[    c-scripting-core] Creating script environments for hardcap
[           resources] Started resource hardcap
[    c-scripting-core] Creating script environments for pun_idgun
[           resources] Started resource pun_idgun
[    c-scripting-core] Creating script environments for va_spawn
[           resources] Started resource va_spawn
[    c-scripting-core] Creating script environments for va_spawnCar
[           resources] Started resource va_spawnCar
[    c-scripting-core] Creating script environments for va_weapon
[           resources] Started resource va_weapon
[    c-scripting-core] Creating script environments for va_teleporter
[           resources] Started resource va_teleporter
[    c-scripting-core] Creating script environments for va_hoodcontrol
[           resources] Started resource va_hoodcontrol
[ citizen-server-main] Warning: The players.json endpoint has been modified to no longer return the player identifiers without authentication.
[ citizen-server-main] To learn more about this change read our announcement at https://aka.cfx.re/players-json-privacy
[   script:mapmanager] Started map fivem-map-hipster
[           resources] Started resource fivem-map-hipster
[      script:oxmysql] [11.7.2-MariaDB] Database server connection established!
[ citizen-server-impl]         fff                          
[ citizen-server-impl]   cccc ff   xx  xx     rr rr    eee  
[ citizen-server-impl] cc     ffff   xx       rrr  r ee   e 
[ citizen-server-impl] cc     ff     xx   ... rr     eeeee  
[ citizen-server-impl]  ccccc ff   xx  xx ... rr      eeeee 
[ citizen-server-impl]                                      
[ citizen-server-impl] Authenticated with cfx.re Nucleus: https://viktor0524-bzbqe8.users.cfx.re/
[       script:ox_lib] An update is available for ox_lib (current version: 3.30.1)
[       script:ox_lib] https://github.com/overextended/ox_lib/releases/tag/v3.30.2
║             TXADMIN║ txaReportResources 
[      script:monitor] [txAdmin] Sending resources list to txAdmin.
[      script:hardcap] Connecting: Dator
[       script:ox_lib] An update is available for ox_lib (current version: 3.30.1)
[       script:ox_lib] https://github.com/overextended/ox_lib/releases/tag/v3.30.2
║             TXADMIN║ ================================================================
║             TXADMIN║ ======== [12660] FXServer Starting - 2025-03-14 13:23:27        
║             TXADMIN║ ================================================================
[           resources] Scanning resources.
[        resources:te] Warning: te does not have a resource manifest (fxmanifest.lua)
[        resources:te] Warning: te exists in more than one place (C:\Users\Dator\Desktop\devServer\scripts\resources\[development]\te is used, the duplicate is C:\Users\Dator\Desktop\devServer\scripts\resources\[practice]\te)
[           resources] Found 35 resources.
[           resources] 2 warnings were encountered.
[          svadhesive] Authenticating server license key...
[          svadhesive] Server license key authentication succeeded. Welcome!
[    c-scripting-core] Creating script environments for sessionmanager
[           resources] Started resource sessionmanager
[    c-scripting-core] Creating script environments for monitor
[      script:monitor] [txAdmin] Resource v8.0.1 threads and commands set up. All Ready.
[           resources] Started resource monitor
[    c-scripting-core] Creating script environments for oxmysql
[           resources] Started resource oxmysql
[    c-scripting-core] Creating script environments for ox_lib
[           resources] Started resource ox_lib
[    c-scripting-core] Creating script environments for mapmanager
[           resources] Started resource mapmanager
[    c-scripting-core] Creating script environments for chat
[           resources] Started resource chat
[           resources] Started resource spawnmanager
[   script:mapmanager] Started gametype Freeroam
[           resources] Started resource basic-gamemode
[    c-scripting-core] Creating script environments for hardcap
[           resources] Started resource hardcap
[    c-scripting-core] Creating script environments for pun_idgun
[           resources] Started resource pun_idgun
[    c-scripting-core] Creating script environments for va_spawn
[           resources] Started resource va_spawn
[    c-scripting-core] Creating script environments for va_spawnCar
[           resources] Started resource va_spawnCar
[    c-scripting-core] Creating script environments for va_weapon
[           resources] Started resource va_weapon
[    c-scripting-core] Creating script environments for va_teleporter
[           resources] Started resource va_teleporter
[    c-scripting-core] Creating script environments for va_hoodcontrol
[           resources] Started resource va_hoodcontrol
[    c-scripting-core] Creating script environments for va_gui
[           resources] Started resource va_gui
[ citizen-server-main] Warning: The players.json endpoint has been modified to no longer return the player identifiers without authentication.
[ citizen-server-main] To learn more about this change read our announcement at https://aka.cfx.re/players-json-privacy
[   script:mapmanager] Started map fivem-map-hipster
[           resources] Started resource fivem-map-hipster
[      script:oxmysql] [11.7.2-MariaDB] Database server connection established!
[ citizen-server-impl]         fff                          
[ citizen-server-impl]   cccc ff   xx  xx     rr rr    eee  
[ citizen-server-impl] cc     ffff   xx       rrr  r ee   e 
[ citizen-server-impl] cc     ff     xx   ... rr     eeeee  
[ citizen-server-impl]  ccccc ff   xx  xx ... rr      eeeee 
[ citizen-server-impl]                                      
[ citizen-server-impl] Authenticated with cfx.re Nucleus: https://viktor0524-bzbqe8.users.cfx.re/
[       script:ox_lib] An update is available for ox_lib (current version: 3.30.1)
[       script:ox_lib] https://github.com/overextended/ox_lib/releases/tag/v3.30.2
[ citizen-server-impl] sync thread hitch warning: timer interval of 103 milliseconds
[      script:hardcap] Connecting: Dator
║             TXADMIN║ ================================================================
║             TXADMIN║ ======== [8732] FXServer Starting - 2025-03-14 13:41:49         
║             TXADMIN║ ================================================================
[           resources] Scanning resources.
[           resources] Found 35 resources.
[          svadhesive] Authenticating server license key...
[          svadhesive] Server license key authentication succeeded. Welcome!
[    c-scripting-core] Creating script environments for sessionmanager
[           resources] Started resource sessionmanager
[    c-scripting-core] Creating script environments for monitor
[      script:monitor] [txAdmin] Resource v8.0.1 threads and commands set up. All Ready.
[           resources] Started resource monitor
[    c-scripting-core] Creating script environments for oxmysql
[           resources] Started resource oxmysql
[    c-scripting-core] Creating script environments for ox_lib
[           resources] Started resource ox_lib
[    c-scripting-core] Creating script environments for mapmanager
[           resources] Started resource mapmanager
[    c-scripting-core] Creating script environments for chat
[           resources] Started resource chat
[           resources] Started resource spawnmanager
[   script:mapmanager] Started gametype Freeroam
[           resources] Started resource basic-gamemode
[    c-scripting-core] Creating script environments for hardcap
[           resources] Started resource hardcap
[    c-scripting-core] Creating script environments for pun_idgun
[           resources] Started resource pun_idgun
[    c-scripting-core] Creating script environments for va_spawn
[           resources] Started resource va_spawn
[    c-scripting-core] Creating script environments for va_spawnCar
[           resources] Started resource va_spawnCar
[    c-scripting-core] Creating script environments for va_weapon
[           resources] Started resource va_weapon
[    c-scripting-core] Creating script environments for va_teleporter
[           resources] Started resource va_teleporter
[    c-scripting-core] Creating script environments for va_hoodcontrol
[           resources] Started resource va_hoodcontrol
[    c-scripting-core] Creating script environments for va_gui
[           resources] Started resource va_gui
[    c-scripting-core] Creating script environments for va_nui
[           resources] Started resource va_nui
[ citizen-server-main] Warning: The players.json endpoint has been modified to no longer return the player identifiers without authentication.
[ citizen-server-main] To learn more about this change read our announcement at https://aka.cfx.re/players-json-privacy
[   script:mapmanager] Started map fivem-map-hipster
[           resources] Started resource fivem-map-hipster
[      script:oxmysql] [11.7.2-MariaDB] Database server connection established!
[ citizen-server-impl]         fff                          
[ citizen-server-impl]   cccc ff   xx  xx     rr rr    eee  
[ citizen-server-impl] cc     ffff   xx       rrr  r ee   e 
[ citizen-server-impl] cc     ff     xx   ... rr     eeeee  
[ citizen-server-impl]  ccccc ff   xx  xx ... rr      eeeee 
[ citizen-server-impl]                                      
[ citizen-server-impl] Authenticated with cfx.re Nucleus: https://viktor0524-bzbqe8.users.cfx.re/
[       script:ox_lib] An update is available for ox_lib (current version: 3.30.1)
[       script:ox_lib] https://github.com/overextended/ox_lib/releases/tag/v3.30.2
[      script:hardcap] Connecting: Dator
║             TXADMIN║ txaReportResources 
[      script:monitor] [txAdmin] Sending resources list to txAdmin.
║          Viktor0524║ ensure "va_nui"
║             TXADMIN║ txaReportResources 
[           resources] Stopping resource va_nui
[    c-scripting-core] Creating script environments for va_nui
[           resources] Started resource va_nui
[      script:monitor] [txAdmin] Sending resources list to txAdmin.
[ citizen-server-impl] sync thread hitch warning: timer interval of 141 milliseconds
[ citizen-server-impl] server thread hitch warning: timer interval of 175 milliseconds
[ citizen-server-impl] server thread hitch warning: timer interval of 171 milliseconds
[ citizen-server-impl] sync thread hitch warning: timer interval of 120 milliseconds
[ citizen-server-impl] sync thread hitch warning: timer interval of 201 milliseconds
[ citizen-server-impl] network thread hitch warning: timer interval of 202 milliseconds
[ citizen-server-impl] server thread hitch warning: timer interval of 207 milliseconds
[ citizen-server-impl] server thread hitch warning: timer interval of 174 milliseconds
[ citizen-server-impl] sync thread hitch warning: timer interval of 119 milliseconds
[ citizen-server-impl] sync thread hitch warning: timer interval of 158 milliseconds
[ citizen-server-impl] network thread hitch warning: timer interval of 177 milliseconds
[ citizen-server-impl] server thread hitch warning: timer interval of 219 milliseconds
[ citizen-server-impl] sync thread hitch warning: timer interval of 112 milliseconds
[ citizen-server-impl] sync thread hitch warning: timer interval of 109 milliseconds
[ citizen-server-impl] sync thread hitch warning: timer interval of 143 milliseconds
[ citizen-server-impl] server thread hitch warning: timer interval of 180 milliseconds
[ citizen-server-impl] sync thread hitch warning: timer interval of 109 milliseconds
[ citizen-server-impl] sync thread hitch warning: timer interval of 224 milliseconds
[ citizen-server-impl] network thread hitch warning: timer interval of 223 milliseconds
[ citizen-server-impl] server thread hitch warning: timer interval of 261 milliseconds
[ citizen-server-impl] sync thread hitch warning: timer interval of 320 milliseconds
[ citizen-server-impl] server thread hitch warning: timer interval of 375 milliseconds
[ citizen-server-impl] network thread hitch warning: timer interval of 424 milliseconds
[ citizen-server-impl] network thread hitch warning: timer interval of 173 milliseconds
[ citizen-server-impl] network thread hitch warning: timer interval of 232 milliseconds
[      script:hardcap] Connecting: Dator
║             TXADMIN║ ================================================================
║             TXADMIN║ ======== [11764] FXServer Starting - 2025-03-14 16:33:43        
║             TXADMIN║ ================================================================
[           resources] Scanning resources.
[           resources] Found 36 resources.
[          svadhesive] Authenticating server license key...
[          svadhesive] Server license key authentication succeeded. Welcome!
[    c-scripting-core] Creating script environments for sessionmanager
[           resources] Started resource sessionmanager
[    c-scripting-core] Creating script environments for monitor
[      script:monitor] [txAdmin] Resource v8.0.1 threads and commands set up. All Ready.
[           resources] Started resource monitor
[    c-scripting-core] Creating script environments for oxmysql
[           resources] Started resource oxmysql
[    c-scripting-core] Creating script environments for ox_lib
[           resources] Started resource ox_lib
[    c-scripting-core] Creating script environments for mapmanager
[           resources] Started resource mapmanager
[    c-scripting-core] Creating script environments for chat
[           resources] Started resource chat
[           resources] Started resource spawnmanager
[   script:mapmanager] Started gametype Freeroam
[           resources] Started resource basic-gamemode
[    c-scripting-core] Creating script environments for hardcap
[           resources] Started resource hardcap
[    c-scripting-core] Creating script environments for pun_idgun
[           resources] Started resource pun_idgun
[    c-scripting-core] Creating script environments for va_spawn
[           resources] Started resource va_spawn
[    c-scripting-core] Creating script environments for va_spawnCar
[           resources] Started resource va_spawnCar
[    c-scripting-core] Creating script environments for va_weapon
[           resources] Started resource va_weapon
[    c-scripting-core] Creating script environments for va_teleporter
[           resources] Started resource va_teleporter
[    c-scripting-core] Creating script environments for va_hoodcontrol
[           resources] Started resource va_hoodcontrol
[    c-scripting-core] Creating script environments for va_gui
[           resources] Started resource va_gui
[    c-scripting-core] Creating script environments for va_nui
[           resources] Started resource va_nui
[    c-scripting-core] Creating script environments for va_test
[   resources:va_test] Warning: could not find file `web/build/index.html` (defined in fxmanifest.lua:21)
[           resources] Started resource va_test (1 warning)
[ citizen-server-main] Warning: The players.json endpoint has been modified to no longer return the player identifiers without authentication.
[ citizen-server-main] To learn more about this change read our announcement at https://aka.cfx.re/players-json-privacy
[   script:mapmanager] Started map fivem-map-hipster
[           resources] Started resource fivem-map-hipster
[      script:oxmysql] [11.7.2-MariaDB] Database server connection established!
[ citizen-server-impl]         fff                          
[ citizen-server-impl]   cccc ff   xx  xx     rr rr    eee  
[ citizen-server-impl] cc     ffff   xx       rrr  r ee   e 
[ citizen-server-impl] cc     ff     xx   ... rr     eeeee  
[ citizen-server-impl]  ccccc ff   xx  xx ... rr      eeeee 
[ citizen-server-impl]                                      
[ citizen-server-impl] Authenticated with cfx.re Nucleus: https://viktor0524-bzbqe8.users.cfx.re/
[       script:ox_lib] An update is available for ox_lib (current version: 3.30.1)
[       script:ox_lib] https://github.com/overextended/ox_lib/releases/tag/v3.30.2
║             TXADMIN║ txaReportResources 
[      script:monitor] [txAdmin] Sending resources list to txAdmin.
║          Viktor0524║ ensure "va_test"
║             TXADMIN║ txaReportResources 
[           resources] Stopping resource va_test
[    c-scripting-core] Creating script environments for va_test
[           resources] Started resource va_test
[      script:monitor] [txAdmin] Sending resources list to txAdmin.
║          Viktor0524║ stop "va_nui"
║             TXADMIN║ txaReportResources 
[           resources] Stopping resource va_nui
[      script:monitor] [txAdmin] Sending resources list to txAdmin.
[      script:hardcap] Connecting: Dator
║             TXADMIN║ ================================================================
║             TXADMIN║ ======== [23648] FXServer Starting - 2025-03-14 17:57:27        
║             TXADMIN║ ================================================================
[           resources] Scanning resources.
[           resources] Found 36 resources.
[          svadhesive] Authenticating server license key...
[          svadhesive] Server license key authentication succeeded. Welcome!
[    c-scripting-core] Creating script environments for sessionmanager
[           resources] Started resource sessionmanager
[    c-scripting-core] Creating script environments for monitor
[      script:monitor] [txAdmin] Resource v8.0.1 threads and commands set up. All Ready.
[           resources] Started resource monitor
[    c-scripting-core] Creating script environments for oxmysql
[           resources] Started resource oxmysql
[    c-scripting-core] Creating script environments for ox_lib
[           resources] Started resource ox_lib
[    c-scripting-core] Creating script environments for mapmanager
[           resources] Started resource mapmanager
[    c-scripting-core] Creating script environments for chat
[           resources] Started resource chat
[           resources] Started resource spawnmanager
[   script:mapmanager] Started gametype Freeroam
[           resources] Started resource basic-gamemode
[    c-scripting-core] Creating script environments for hardcap
[           resources] Started resource hardcap
[    c-scripting-core] Creating script environments for pun_idgun
[           resources] Started resource pun_idgun
[    c-scripting-core] Creating script environments for va_spawn
[           resources] Started resource va_spawn
[    c-scripting-core] Creating script environments for va_spawnCar
[           resources] Started resource va_spawnCar
[    c-scripting-core] Creating script environments for va_weapon
[           resources] Started resource va_weapon
[    c-scripting-core] Creating script environments for va_teleporter
[           resources] Started resource va_teleporter
[    c-scripting-core] Creating script environments for va_hoodcontrol
[           resources] Started resource va_hoodcontrol
[    c-scripting-core] Creating script environments for va_gui
[           resources] Started resource va_gui
[    c-scripting-core] Creating script environments for va_nui
[           resources] Started resource va_nui
[    c-scripting-core] Creating script environments for va_nuiteleporter
[           resources] Started resource va_nuiteleporter
[ citizen-server-main] Warning: The players.json endpoint has been modified to no longer return the player identifiers without authentication.
[ citizen-server-main] To learn more about this change read our announcement at https://aka.cfx.re/players-json-privacy
[   script:mapmanager] Started map fivem-map-skater
[           resources] Started resource fivem-map-skater
[      script:oxmysql] [11.7.2-MariaDB] Database server connection established!
[ citizen-server-impl]         fff                          
[ citizen-server-impl]   cccc ff   xx  xx     rr rr    eee  
[ citizen-server-impl] cc     ffff   xx       rrr  r ee   e 
[ citizen-server-impl] cc     ff     xx   ... rr     eeeee  
[ citizen-server-impl]  ccccc ff   xx  xx ... rr      eeeee 
[ citizen-server-impl]                                      
[ citizen-server-impl] Authenticated with cfx.re Nucleus: https://viktor0524-bzbqe8.users.cfx.re/
[       script:ox_lib] An update is available for ox_lib (current version: 3.30.1)
[       script:ox_lib] https://github.com/overextended/ox_lib/releases/tag/v3.30.2
[ citizen-server-impl] server thread hitch warning: timer interval of 173 milliseconds
[ citizen-server-impl] sync thread hitch warning: timer interval of 183 milliseconds
[ citizen-server-impl] sync thread hitch warning: timer interval of 121 milliseconds
[ citizen-server-impl] server thread hitch warning: timer interval of 190 milliseconds
[      script:hardcap] Connecting: Dator
[ citizen-server-impl] server thread hitch warning: timer interval of 219 milliseconds
[ citizen-server-impl] sync thread hitch warning: timer interval of 172 milliseconds
[ citizen-server-impl] sync thread hitch warning: timer interval of 104 milliseconds
[ citizen-server-impl] sync thread hitch warning: timer interval of 111 milliseconds
[ citizen-server-impl] server thread hitch warning: timer interval of 161 milliseconds
[ citizen-server-impl] server thread hitch warning: timer interval of 184 milliseconds
[ citizen-server-impl] sync thread hitch warning: timer interval of 101 milliseconds
║             TXADMIN║ ================================================================
║             TXADMIN║ ======== [1312] FXServer Starting - 2025-03-14 20:13:28         
║             TXADMIN║ ================================================================
[           resources] Scanning resources.
[           resources] Found 36 resources.
[          svadhesive] Authenticating server license key...
[          svadhesive] Server license key authentication succeeded. Welcome!
[    c-scripting-core] Creating script environments for sessionmanager
[           resources] Started resource sessionmanager
[    c-scripting-core] Creating script environments for monitor
[      script:monitor] [txAdmin] Resource v8.0.1 threads and commands set up. All Ready.
[           resources] Started resource monitor
[    c-scripting-core] Creating script environments for oxmysql
[           resources] Started resource oxmysql
[    c-scripting-core] Creating script environments for ox_lib
[           resources] Started resource ox_lib
[    c-scripting-core] Creating script environments for mapmanager
[           resources] Started resource mapmanager
[    c-scripting-core] Creating script environments for chat
[           resources] Started resource chat
[           resources] Started resource spawnmanager
[   script:mapmanager] Started gametype Freeroam
[           resources] Started resource basic-gamemode
[    c-scripting-core] Creating script environments for hardcap
[           resources] Started resource hardcap
[    c-scripting-core] Creating script environments for pun_idgun
[           resources] Started resource pun_idgun
[    c-scripting-core] Creating script environments for va_spawn
[           resources] Started resource va_spawn
[    c-scripting-core] Creating script environments for va_spawnCar
[           resources] Started resource va_spawnCar
[    c-scripting-core] Creating script environments for va_weapon
[           resources] Started resource va_weapon
[    c-scripting-core] Creating script environments for va_teleporter
[           resources] Started resource va_teleporter
[    c-scripting-core] Creating script environments for va_hoodcontrol
[           resources] Started resource va_hoodcontrol
[    c-scripting-core] Creating script environments for va_gui
[           resources] Started resource va_gui
[    c-scripting-core] Creating script environments for va_nui
[           resources] Started resource va_nui
[    c-scripting-core] Creating script environments for va_nuiteleporter
[           resources] Started resource va_nuiteleporter
[ citizen-server-main] Warning: The players.json endpoint has been modified to no longer return the player identifiers without authentication.
[ citizen-server-main] To learn more about this change read our announcement at https://aka.cfx.re/players-json-privacy
[   script:mapmanager] Started map fivem-map-skater
[           resources] Started resource fivem-map-skater
[      script:oxmysql] [11.7.2-MariaDB] Database server connection established!
[ citizen-server-impl]         fff                          
[ citizen-server-impl]   cccc ff   xx  xx     rr rr    eee  
[ citizen-server-impl] cc     ffff   xx       rrr  r ee   e 
[ citizen-server-impl] cc     ff     xx   ... rr     eeeee  
[ citizen-server-impl]  ccccc ff   xx  xx ... rr      eeeee 
[ citizen-server-impl]                                      
[ citizen-server-impl] Authenticated with cfx.re Nucleus: https://viktor0524-bzbqe8.users.cfx.re/
[       script:ox_lib] An update is available for ox_lib (current version: 3.30.1)
[       script:ox_lib] https://github.com/overextended/ox_lib/releases/tag/v3.30.2
[ citizen-server-impl] server thread hitch warning: timer interval of 223 milliseconds
[ citizen-server-impl] sync thread hitch warning: timer interval of 172 milliseconds
[ citizen-server-impl] sync thread hitch warning: timer interval of 129 milliseconds
[ citizen-server-impl] server thread hitch warning: timer interval of 173 milliseconds
[ citizen-server-impl] sync thread hitch warning: timer interval of 196 milliseconds
[ citizen-server-impl] server thread hitch warning: timer interval of 233 milliseconds
[ citizen-server-impl] sync thread hitch warning: timer interval of 119 milliseconds
[ citizen-server-impl] server thread hitch warning: timer interval of 158 milliseconds
[ citizen-server-impl] sync thread hitch warning: timer interval of 132 milliseconds
[ citizen-server-impl] sync thread hitch warning: timer interval of 102 milliseconds
[ citizen-server-impl] sync thread hitch warning: timer interval of 122 milliseconds
[ citizen-server-impl] server thread hitch warning: timer interval of 189 milliseconds
[ citizen-server-impl] sync thread hitch warning: timer interval of 137 milliseconds
[ citizen-server-impl] server thread hitch warning: timer interval of 194 milliseconds
[ citizen-server-impl] sync thread hitch warning: timer interval of 151 milliseconds
[ citizen-server-impl] sync thread hitch warning: timer interval of 106 milliseconds
[ citizen-server-impl] sync thread hitch warning: timer interval of 114 milliseconds
[ citizen-server-impl] network thread hitch warning: timer interval of 184 milliseconds
[ citizen-server-impl] server thread hitch warning: timer interval of 234 milliseconds
[ citizen-server-impl] server thread hitch warning: timer interval of 157 milliseconds
[      script:hardcap] Connecting: Dator
[ citizen-server-impl] sync thread hitch warning: timer interval of 158 milliseconds
[ citizen-server-impl] server thread hitch warning: timer interval of 162 milliseconds
[ citizen-server-impl] server thread hitch warning: timer interval of 161 milliseconds
[ citizen-server-impl] server thread hitch warning: timer interval of 178 milliseconds
[ citizen-server-impl] server thread hitch warning: timer interval of 190 milliseconds
[ citizen-server-impl] server thread hitch warning: timer interval of 152 milliseconds
