================================================================
======== Log Rotated - 2025-03-11 16:01:33                      
================================================================
║             TXADMIN║ ================================================================
║             TXADMIN║ ======== [21196] FXServer Starting - 2025-03-11 16:01:34        
║             TXADMIN║ ================================================================
[           resources] Scanning resources.
[           resources] Found 40 resources.
[          svadhesive] Authenticating server license key...
[          svadhesive] Server license key authentication succeeded. Welcome!
[    c-scripting-core] Creating script environments for sessionmanager
[           resources] Started resource sessionmanager
[    c-scripting-core] Creating script environments for monitor
[      script:monitor] [txAdmin] Resource v8.0.1 threads and commands set up. All Ready.
[           resources] Started resource monitor
[    c-scripting-core] Creating script environments for mapmanager
[           resources] Started resource mapmanager
[    c-scripting-core] Creating script environments for chat
[           resources] Started resource chat
[           resources] Started resource spawnmanager
[   script:mapmanager] Started gametype Freeroam
[           resources] Started resource basic-gamemode
[    c-scripting-core] Creating script environments for hardcap
[           resources] Started resource hardcap
[    c-scripting-core] Creating script environments for baseevents
[           resources] Started resource baseevents
[    c-scripting-core] Creating script environments for hello
[           resources] Started resource hello
[    c-scripting-core] Creating script environments for coords
[           resources] Started resource coords
[    c-scripting-core] Creating script environments for spawnCone
[           resources] Started resource spawnCone
[    c-scripting-core] Creating script environments for changePed
[           resources] Started resource changePed
[    c-scripting-core] Creating script environments for animation
[           resources] Started resource animation
[    c-scripting-core] Creating script environments for speedometer
[           resources] Started resource speedometer
[    c-scripting-core] Creating script environments for carSpawn
[           resources] Started resource carSpawn
[    c-scripting-core] Creating script environments for getCoords
[           resources] Started resource getCoords
[resources:amggt63:st] Asset amggt63/amggt63.yft uses 16.3 MiB of virtual memory.
[resources:amggt63:st] Asset amggt63/amggt63.ytd uses 83.0 MiB of physical memory. Oversized assets can and WILL lead to streaming issues (such as models not loading/rendering).
[resources:amggt63:st] Asset amggt63/amggt63_hi.yft uses 16.3 MiB of virtual memory.
[           resources] Started resource amggt63 (3 warnings)
[resources:rs6:stream] Asset rs6/rs6avant20.ytd uses 62.0 MiB of physical memory. Oversized assets can and WILL lead to streaming issues (such as models not loading/rendering).
[           resources] Started resource rs6 (1 warning)
[resources:sxf450sm:s] Asset sxf450sm/sxf450sm.ytd uses 43.0 MiB of physical memory.
[           resources] Started resource sxf450sm (1 warning)
[ resources:s14_demon] Warning: could not find file `data/dlctext.meta` (defined in fxmanifest.lua:3)
[resources:s14_demon:] Asset s14_demon/peptos_s14_demon.ytd uses 24.0 MiB of physical memory.
[resources:s14_demon:] Asset s14_demon/peptos_s14_demon_2.ytd uses 54.0 MiB of physical memory. Oversized assets can and WILL lead to streaming issues (such as models not loading/rendering).
[           resources] Started resource s14_demon (3 warnings)
[resources:peptos_911] Warning: could not find file `data/**/vehiclelayouts.meta` (defined in fxmanifest.lua:3)
[resources:peptos_911] Asset peptos_911rs/peptos_911rs.yft uses 24.0 MiB of virtual memory.
[resources:peptos_911] Asset peptos_911rs/peptos_911rs.ytd uses 32.8 MiB of physical memory.
[resources:peptos_911] Asset peptos_911rs/peptos_911rs_hi.yft uses 24.0 MiB of virtual memory.
[           resources] Started resource peptos_911rs (4 warnings)
[   script:mapmanager] Started map fivem-map-skater
[           resources] Started resource fivem-map-skater
[ citizen-server-impl]         fff                          
[ citizen-server-impl]   cccc ff   xx  xx     rr rr    eee  
[ citizen-server-impl] cc     ffff   xx       rrr  r ee   e 
[ citizen-server-impl] cc     ff     xx   ... rr     eeeee  
[ citizen-server-impl]  ccccc ff   xx  xx ... rr      eeeee 
[ citizen-server-impl]                                      
[ citizen-server-impl] Authenticated with cfx.re Nucleus: https://viktor0524-bzbqe8.users.cfx.re/
[ citizen-server-impl] server thread hitch warning: timer interval of 162 milliseconds
[      script:hardcap] Connecting: Dator
[    c-scripting-core] InvokeNative: execution failed: Argument at index 0 was null.
[     script:carSpawn] SCRIPT ERROR in event `server:spawnCar': Error: Execution of native 0000000098eff6f1 in script host failed: Argument at index 0 was null.
[     script:carSpawn] > <unknown> (@carSpawn/build/server/server.js:1)
[     script:carSpawn] 
[    c-scripting-core] InvokeNative: execution failed: Argument at index 0 was null.
[     script:carSpawn] SCRIPT ERROR in event `server:spawnCar': Error: Execution of native 0000000098eff6f1 in script host failed: Argument at index 0 was null.
[     script:carSpawn] > <unknown> (@carSpawn/build/server/server.js:1)
[     script:carSpawn] 
[ citizen-server-impl] Server list query returned an error: System.Net.Sockets.SocketException: Operation timed out <- System.Net.Http.HttpRequestException: Operation timed out (83.250.222.247:30120)
[     script:carSpawn] SCRIPT ERROR in event `server:spawnCar': Error: __data field does not contain a number
[     script:carSpawn] > <unknown> (@carSpawn/build/server/server.js:1)
[     script:carSpawn] 
[     script:carSpawn] SCRIPT ERROR in event `server:spawnCar': Error: __data field does not contain a number
[     script:carSpawn] > <unknown> (@carSpawn/build/server/server.js:1)
[     script:carSpawn] 
[     script:carSpawn] SCRIPT ERROR in event `server:spawnCar': Error: __data field does not contain a number
[     script:carSpawn] > <unknown> (@carSpawn/build/server/server.js:1)
[     script:carSpawn] 
[    c-scripting-core] InvokeNative: execution failed: Tried to access invalid entity: 140312
[     script:carSpawn] SCRIPT ERROR in event `server:spawnCar': Error: Execution of native 000000009e35dab6 in script host failed: Tried to access invalid entity: 140312
[     script:carSpawn] > <unknown> (@carSpawn/build/server/server.js:1)
[     script:carSpawn] 
[    c-scripting-core] InvokeNative: execution failed: Tried to access invalid entity: 132675
[     script:carSpawn] SCRIPT ERROR in event `server:spawnCar': Error: Execution of native 000000009e35dab6 in script host failed: Tried to access invalid entity: 132675
[     script:carSpawn] > <unknown> (@carSpawn/build/server/server.js:1)
[     script:carSpawn] 
[    c-scripting-core] InvokeNative: execution failed: Tried to access invalid entity: 135491
[     script:carSpawn] SCRIPT ERROR in event `server:spawnCar': Error: Execution of native 000000009e35dab6 in script host failed: Tried to access invalid entity: 135491
[     script:carSpawn] > <unknown> (@carSpawn/build/server/server.js:1)
[     script:carSpawn] 
[    c-scripting-core] InvokeNative: execution failed: Tried to access invalid entity: 141337
[     script:carSpawn] SCRIPT ERROR in event `server:spawnCar': Error: Execution of native 000000009e35dab6 in script host failed: Tried to access invalid entity: 141337
[     script:carSpawn] > <unknown> (@carSpawn/build/server/server.js:1)
[     script:carSpawn] 
║             TXADMIN║ ================================================================
║             TXADMIN║ ======== [10432] FXServer Starting - 2025-03-11 17:16:56        
║             TXADMIN║ ================================================================
[           resources] Scanning resources.
[           resources] Found 40 resources.
[          svadhesive] Authenticating server license key...
[          svadhesive] Server license key authentication succeeded. Welcome!
[    c-scripting-core] Creating script environments for sessionmanager
[           resources] Started resource sessionmanager
[    c-scripting-core] Creating script environments for monitor
[      script:monitor] [txAdmin] Resource v8.0.1 threads and commands set up. All Ready.
[           resources] Started resource monitor
[    c-scripting-core] Creating script environments for mapmanager
[           resources] Started resource mapmanager
[    c-scripting-core] Creating script environments for chat
[           resources] Started resource chat
[           resources] Started resource spawnmanager
[   script:mapmanager] Started gametype Freeroam
[           resources] Started resource basic-gamemode
[    c-scripting-core] Creating script environments for hardcap
[           resources] Started resource hardcap
[    c-scripting-core] Creating script environments for baseevents
[           resources] Started resource baseevents
[    c-scripting-core] Creating script environments for hello
[           resources] Started resource hello
[    c-scripting-core] Creating script environments for coords
[           resources] Started resource coords
[    c-scripting-core] Creating script environments for spawnCone
[           resources] Started resource spawnCone
[    c-scripting-core] Creating script environments for changePed
[           resources] Started resource changePed
[    c-scripting-core] Creating script environments for animation
[           resources] Started resource animation
[    c-scripting-core] Creating script environments for speedometer
[           resources] Started resource speedometer
[    c-scripting-core] Creating script environments for carSpawn
[           resources] Started resource carSpawn
[    c-scripting-core] Creating script environments for getCoords
[           resources] Started resource getCoords
[resources:amggt63:st] Asset amggt63/amggt63.yft uses 16.3 MiB of virtual memory.
[resources:amggt63:st] Asset amggt63/amggt63.ytd uses 83.0 MiB of physical memory. Oversized assets can and WILL lead to streaming issues (such as models not loading/rendering).
[resources:amggt63:st] Asset amggt63/amggt63_hi.yft uses 16.3 MiB of virtual memory.
[           resources] Started resource amggt63 (3 warnings)
[resources:rs6:stream] Asset rs6/rs6avant20.ytd uses 62.0 MiB of physical memory. Oversized assets can and WILL lead to streaming issues (such as models not loading/rendering).
[           resources] Started resource rs6 (1 warning)
[resources:sxf450sm:s] Asset sxf450sm/sxf450sm.ytd uses 43.0 MiB of physical memory.
[           resources] Started resource sxf450sm (1 warning)
[ resources:s14_demon] Warning: could not find file `data/dlctext.meta` (defined in fxmanifest.lua:3)
[resources:s14_demon:] Asset s14_demon/peptos_s14_demon.ytd uses 24.0 MiB of physical memory.
[resources:s14_demon:] Asset s14_demon/peptos_s14_demon_2.ytd uses 54.0 MiB of physical memory. Oversized assets can and WILL lead to streaming issues (such as models not loading/rendering).
[           resources] Started resource s14_demon (3 warnings)
[resources:peptos_911] Warning: could not find file `data/**/vehiclelayouts.meta` (defined in fxmanifest.lua:3)
[resources:peptos_911] Asset peptos_911rs/peptos_911rs.yft uses 24.0 MiB of virtual memory.
[resources:peptos_911] Asset peptos_911rs/peptos_911rs.ytd uses 32.8 MiB of physical memory.
[resources:peptos_911] Asset peptos_911rs/peptos_911rs_hi.yft uses 24.0 MiB of virtual memory.
[           resources] Started resource peptos_911rs (4 warnings)
[   script:mapmanager] Started map fivem-map-skater
[           resources] Started resource fivem-map-skater
[ citizen-server-impl]         fff                          
[ citizen-server-impl]   cccc ff   xx  xx     rr rr    eee  
[ citizen-server-impl] cc     ffff   xx       rrr  r ee   e 
[ citizen-server-impl] cc     ff     xx   ... rr     eeeee  
[ citizen-server-impl]  ccccc ff   xx  xx ... rr      eeeee 
[ citizen-server-impl]                                      
[ citizen-server-impl] Authenticated with cfx.re Nucleus: https://viktor0524-bzbqe8.users.cfx.re/
[      script:hardcap] Connecting: Dator
║             TXADMIN║ ================================================================
║             TXADMIN║ ======== [25592] FXServer Starting - 2025-03-11 17:26:45        
║             TXADMIN║ ================================================================
[           resources] Scanning resources.
[           resources] Found 40 resources.
[          svadhesive] Authenticating server license key...
[          svadhesive] Server license key authentication succeeded. Welcome!
[    c-scripting-core] Creating script environments for sessionmanager
[           resources] Started resource sessionmanager
[    c-scripting-core] Creating script environments for monitor
[      script:monitor] [txAdmin] Resource v8.0.1 threads and commands set up. All Ready.
[           resources] Started resource monitor
[    c-scripting-core] Creating script environments for mapmanager
[           resources] Started resource mapmanager
[    c-scripting-core] Creating script environments for chat
[           resources] Started resource chat
[           resources] Started resource spawnmanager
[   script:mapmanager] Started gametype Freeroam
[           resources] Started resource basic-gamemode
[    c-scripting-core] Creating script environments for hardcap
[           resources] Started resource hardcap
[    c-scripting-core] Creating script environments for baseevents
[           resources] Started resource baseevents
[    c-scripting-core] Creating script environments for hello
[           resources] Started resource hello
[    c-scripting-core] Creating script environments for coords
[           resources] Started resource coords
[    c-scripting-core] Creating script environments for spawnCone
[           resources] Started resource spawnCone
[    c-scripting-core] Creating script environments for changePed
[           resources] Started resource changePed
[    c-scripting-core] Creating script environments for animation
[           resources] Started resource animation
[    c-scripting-core] Creating script environments for speedometer
[           resources] Started resource speedometer
[    c-scripting-core] Creating script environments for carSpawn
[           resources] Started resource carSpawn
[    c-scripting-core] Creating script environments for getCoords
[           resources] Started resource getCoords
[   script:mapmanager] Started map fivem-map-skater
[           resources] Started resource fivem-map-skater
[ citizen-server-impl]         fff                          
[ citizen-server-impl]   cccc ff   xx  xx     rr rr    eee  
[ citizen-server-impl] cc     ffff   xx       rrr  r ee   e 
[ citizen-server-impl] cc     ff     xx   ... rr     eeeee  
[ citizen-server-impl]  ccccc ff   xx  xx ... rr      eeeee 
[ citizen-server-impl]                                      
[ citizen-server-impl] Authenticated with cfx.re Nucleus: https://viktor0524-bzbqe8.users.cfx.re/
[ citizen-server-impl] Server list query returned an error: System.Net.Sockets.SocketException: Operation timed out <- System.Net.Http.HttpRequestException: Operation timed out (83.250.222.247:30120)
[      script:hardcap] Connecting: Dator
[    script:getCoords] x coords: 66.20130920410156, y coords: -1008.6091918945312z coords: 29.357418060302734, heading: 168.56924438476562
[    script:getCoords] x coords: 65.82882690429688, y coords: -1008.8111572265625z coords: 29.357431411743164, heading: 252.4554443359375
[    c-scripting-core] InvokeNative: execution failed: Tried to access invalid entity: 141398
[     script:carSpawn] SCRIPT ERROR in event `server:spawnCar': Error: Execution of native 000000009e35dab6 in script host failed: Tried to access invalid entity: 141398
[     script:carSpawn] > <unknown> (@carSpawn/build/server/server.js:1)
[     script:carSpawn] 
[    c-scripting-core] InvokeNative: execution failed: Tried to access invalid entity: 134156
[     script:carSpawn] SCRIPT ERROR in event `server:spawnCar': Error: Execution of native 000000009e35dab6 in script host failed: Tried to access invalid entity: 134156
[     script:carSpawn] > <unknown> (@carSpawn/build/server/server.js:1)
[     script:carSpawn] 
║             TXADMIN║ ================================================================
║             TXADMIN║ ======== [11708] FXServer Starting - 2025-03-11 18:09:58        
║             TXADMIN║ ================================================================
[           resources] Scanning resources.
[           resources] Found 40 resources.
[          svadhesive] Authenticating server license key...
[          svadhesive] Server license key authentication succeeded. Welcome!
[    c-scripting-core] Creating script environments for sessionmanager
[           resources] Started resource sessionmanager
[    c-scripting-core] Creating script environments for monitor
[      script:monitor] [txAdmin] Resource v8.0.1 threads and commands set up. All Ready.
[           resources] Started resource monitor
[    c-scripting-core] Creating script environments for mapmanager
[           resources] Started resource mapmanager
[    c-scripting-core] Creating script environments for chat
[           resources] Started resource chat
[           resources] Started resource spawnmanager
[   script:mapmanager] Started gametype Freeroam
[           resources] Started resource basic-gamemode
[    c-scripting-core] Creating script environments for hardcap
[           resources] Started resource hardcap
[    c-scripting-core] Creating script environments for baseevents
[           resources] Started resource baseevents
[    c-scripting-core] Creating script environments for hello
[           resources] Started resource hello
[    c-scripting-core] Creating script environments for coords
[           resources] Started resource coords
[    c-scripting-core] Creating script environments for spawnCone
[           resources] Started resource spawnCone
[    c-scripting-core] Creating script environments for changePed
[           resources] Started resource changePed
[    c-scripting-core] Creating script environments for animation
[           resources] Started resource animation
[    c-scripting-core] Creating script environments for speedometer
[           resources] Started resource speedometer
[    c-scripting-core] Creating script environments for carSpawn
[           resources] Started resource carSpawn
[    c-scripting-core] Creating script environments for getCoords
[           resources] Started resource getCoords
[   script:mapmanager] Started map fivem-map-hipster
[           resources] Started resource fivem-map-hipster
[ citizen-server-impl]         fff                          
[ citizen-server-impl]   cccc ff   xx  xx     rr rr    eee  
[ citizen-server-impl] cc     ffff   xx       rrr  r ee   e 
[ citizen-server-impl] cc     ff     xx   ... rr     eeeee  
[ citizen-server-impl]  ccccc ff   xx  xx ... rr      eeeee 
[ citizen-server-impl]                                      
[ citizen-server-impl] Authenticated with cfx.re Nucleus: https://viktor0524-bzbqe8.users.cfx.re/
[      script:hardcap] Connecting: Dator
[    c-scripting-core] InvokeNative: execution failed: Tried to access invalid entity: 134148
[     script:carSpawn] SCRIPT ERROR in event `server:spawnCar': Error: Execution of native 000000009e35dab6 in script host failed: Tried to access invalid entity: 134148
[     script:carSpawn] > <unknown> (@carSpawn/build/server/server.js:1)
[     script:carSpawn] 
║             TXADMIN║ txaReportResources 
[      script:monitor] [txAdmin] Sending resources list to txAdmin.
║          Viktor0524║ refresh 
║             TXADMIN║ txaReportResources 
[           resources] Scanning resources.
[           resources] Found 1 new resources, and refreshed 0/40 resources.
[      script:monitor] [txAdmin] Sending resources list to txAdmin.
[    script:getCoords] x coords: 65.96427917480469, y coords: -1008.7852783203125z coords: 29.35742950439453, heading: 158.84426879882812
║             TXADMIN║ ================================================================
║             TXADMIN║ ======== [4716] FXServer Starting - 2025-03-11 19:21:02         
║             TXADMIN║ ================================================================
[           resources] Scanning resources.
[           resources] Found 42 resources.
[          svadhesive] Authenticating server license key...
[          svadhesive] Server license key authentication succeeded. Welcome!
[    c-scripting-core] Creating script environments for sessionmanager
[           resources] Started resource sessionmanager
[    c-scripting-core] Creating script environments for monitor
[      script:monitor] [txAdmin] Resource v8.0.1 threads and commands set up. All Ready.
[           resources] Started resource monitor
[    c-scripting-core] Creating script environments for mapmanager
[           resources] Started resource mapmanager
[    c-scripting-core] Creating script environments for chat
[           resources] Started resource chat
[           resources] Started resource spawnmanager
[   script:mapmanager] Started gametype Freeroam
[           resources] Started resource basic-gamemode
[    c-scripting-core] Creating script environments for hardcap
[           resources] Started resource hardcap
[    c-resources-core] Resource 'oxmysql' can't run:
[    c-resources-core]   1. server needs to be 12913 or higher
[ citizen-server-impl] Couldn't start resource oxmysql.
[    c-scripting-core] Creating script environments for hello
[           resources] Started resource hello
[    c-scripting-core] Creating script environments for coords
[           resources] Started resource coords
[    c-scripting-core] Creating script environments for spawnCone
[           resources] Started resource spawnCone
[    c-scripting-core] Creating script environments for changePed
[           resources] Started resource changePed
[    c-scripting-core] Creating script environments for animation
[           resources] Started resource animation
[    c-scripting-core] Creating script environments for speedometer
[           resources] Started resource speedometer
[    c-scripting-core] Creating script environments for carSpawn
[           resources] Started resource carSpawn
[    c-scripting-core] Creating script environments for getCoords
[           resources] Started resource getCoords
[   script:mapmanager] Started map fivem-map-hipster
[           resources] Started resource fivem-map-hipster
[ citizen-server-impl]         fff                          
[ citizen-server-impl]   cccc ff   xx  xx     rr rr    eee  
[ citizen-server-impl] cc     ffff   xx       rrr  r ee   e 
[ citizen-server-impl] cc     ff     xx   ... rr     eeeee  
[ citizen-server-impl]  ccccc ff   xx  xx ... rr      eeeee 
[ citizen-server-impl]                                      
[ citizen-server-impl] Authenticated with cfx.re Nucleus: https://viktor0524-bzbqe8.users.cfx.re/
║             TXADMIN║ txaReportResources 
[      script:monitor] [txAdmin] Sending resources list to txAdmin.
[ citizen-server-main] -> Quitting: host shutting down
║             TXADMIN║ ================================================================
║             TXADMIN║ ======== [23596] FXServer Starting - 2025-03-11 19:22:46        
║             TXADMIN║ ================================================================
[           resources] Scanning resources.
[           resources] Found 42 resources.
[          svadhesive] Authenticating server license key...
[          svadhesive] Server license key authentication succeeded. Welcome!
[    c-scripting-core] Creating script environments for sessionmanager
[           resources] Started resource sessionmanager
[    c-scripting-core] Creating script environments for monitor
[      script:monitor] [txAdmin] Resource v8.0.1 threads and commands set up. All Ready.
[           resources] Started resource monitor
[    c-scripting-core] Creating script environments for mapmanager
[           resources] Started resource mapmanager
[    c-scripting-core] Creating script environments for chat
[           resources] Started resource chat
[           resources] Started resource spawnmanager
[   script:mapmanager] Started gametype Freeroam
[           resources] Started resource basic-gamemode
[    c-scripting-core] Creating script environments for hardcap
[           resources] Started resource hardcap
[    c-resources-core] Resource 'oxmysql' can't run:
[    c-resources-core]   1. server needs to be 12913 or higher
[ citizen-server-impl] Couldn't start resource oxmysql.
[    c-scripting-core] Creating script environments for hello
[           resources] Started resource hello
[    c-scripting-core] Creating script environments for coords
[           resources] Started resource coords
[    c-scripting-core] Creating script environments for spawnCone
[           resources] Started resource spawnCone
[    c-scripting-core] Creating script environments for changePed
[           resources] Started resource changePed
[    c-scripting-core] Creating script environments for animation
[           resources] Started resource animation
[    c-scripting-core] Creating script environments for speedometer
[           resources] Started resource speedometer
[    c-scripting-core] Creating script environments for carSpawn
[           resources] Started resource carSpawn
[    c-scripting-core] Creating script environments for getCoords
[           resources] Started resource getCoords
[   script:mapmanager] Started map fivem-map-hipster
[           resources] Started resource fivem-map-hipster
[ citizen-server-impl]         fff                          
[ citizen-server-impl]   cccc ff   xx  xx     rr rr    eee  
[ citizen-server-impl] cc     ffff   xx       rrr  r ee   e 
[ citizen-server-impl] cc     ff     xx   ... rr     eeeee  
[ citizen-server-impl]  ccccc ff   xx  xx ... rr      eeeee 
[ citizen-server-impl]                                      
[ citizen-server-impl] Authenticated with cfx.re Nucleus: https://viktor0524-bzbqe8.users.cfx.re/
║             TXADMIN║ txaReportResources 
[      script:monitor] [txAdmin] Sending resources list to txAdmin.
║             TXADMIN║ txaReportResources 
[      script:monitor] [txAdmin] Sending resources list to txAdmin.
║          Viktor0524║ ensure "oxmysql"
║             TXADMIN║ txaReportResources 
[    c-resources-core] Resource 'oxmysql' can't run:
[    c-resources-core]   1. server needs to be 12913 or higher
[ citizen-server-impl] Couldn't start resource oxmysql.
[      script:monitor] [txAdmin] Sending resources list to txAdmin.
║          Viktor0524║ version
[                 cmd]  "version" is "FXServer-master SERVER v1.0.0.7290 win32"
[                 cmd]  default: "FXServer-master SERVER v1.0.0.7290 win32" - flags( Internal )
[                 cmd]  type: string
║             TXADMIN║ ================================================================
║             TXADMIN║ ======== [2088] FXServer Starting - 2025-03-11 19:34:09         
║             TXADMIN║ ================================================================
[           resources] Scanning resources.
[           resources] Found 42 resources.
[          svadhesive] Authenticating server license key...
[          svadhesive] Server license key authentication succeeded. Welcome!
[    c-scripting-core] Creating script environments for sessionmanager
[           resources] Started resource sessionmanager
[    c-scripting-core] Creating script environments for monitor
[      script:monitor] [txAdmin] Resource v8.0.1 threads and commands set up. All Ready.
[           resources] Started resource monitor
[    c-scripting-core] Creating script environments for mapmanager
[           resources] Started resource mapmanager
[    c-scripting-core] Creating script environments for chat
[           resources] Started resource chat
[           resources] Started resource spawnmanager
[   script:mapmanager] Started gametype Freeroam
[           resources] Started resource basic-gamemode
[    c-scripting-core] Creating script environments for hardcap
[           resources] Started resource hardcap
[    c-scripting-core] Creating script environments for oxmysql
[           resources] Started resource oxmysql
[    c-scripting-core] Creating script environments for hello
[           resources] Started resource hello
[    c-scripting-core] Creating script environments for coords
[           resources] Started resource coords
[    c-scripting-core] Creating script environments for spawnCone
[           resources] Started resource spawnCone
[    c-scripting-core] Creating script environments for changePed
[           resources] Started resource changePed
[    c-scripting-core] Creating script environments for animation
[           resources] Started resource animation
[    c-scripting-core] Creating script environments for speedometer
[           resources] Started resource speedometer
[    c-scripting-core] Creating script environments for carSpawn
[           resources] Started resource carSpawn
[    c-scripting-core] Creating script environments for getCoords
[           resources] Started resource getCoords
[ citizen-server-main] Warning: The players.json endpoint has been modified to no longer return the player identifiers without authentication.
[ citizen-server-main] To learn more about this change read our announcement at https://aka.cfx.re/players-json-privacy
[   script:mapmanager] Started map fivem-map-skater
[           resources] Started resource fivem-map-skater
[      script:oxmysql] [11.7.2-MariaDB] Database server connection established!
[ citizen-server-impl]         fff                          
[ citizen-server-impl]   cccc ff   xx  xx     rr rr    eee  
[ citizen-server-impl] cc     ffff   xx       rrr  r ee   e 
[ citizen-server-impl] cc     ff     xx   ... rr     eeeee  
[ citizen-server-impl]  ccccc ff   xx  xx ... rr      eeeee 
[ citizen-server-impl]                                      
[ citizen-server-impl] Authenticated with cfx.re Nucleus: https://viktor0524-bzbqe8.users.cfx.re/
║             TXADMIN║ txaReportResources 
[      script:monitor] [txAdmin] Sending resources list to txAdmin.
║             TXADMIN║ ================================================================
║             TXADMIN║ ======== [22116] FXServer Starting - 2025-03-11 19:49:11        
║             TXADMIN║ ================================================================
[           resources] Scanning resources.
[           resources] Found 43 resources.
[          svadhesive] Authenticating server license key...
[          svadhesive] Server license key authentication succeeded. Welcome!
[    c-scripting-core] Creating script environments for sessionmanager
[           resources] Started resource sessionmanager
[    c-scripting-core] Creating script environments for monitor
[      script:monitor] [txAdmin] Resource v8.0.1 threads and commands set up. All Ready.
[           resources] Started resource monitor
[    c-scripting-core] Creating script environments for mapmanager
[           resources] Started resource mapmanager
[    c-scripting-core] Creating script environments for chat
[           resources] Started resource chat
[           resources] Started resource spawnmanager
[   script:mapmanager] Started gametype Freeroam
[           resources] Started resource basic-gamemode
[    c-scripting-core] Creating script environments for hardcap
[           resources] Started resource hardcap
[    c-scripting-core] Creating script environments for oxmysql
[           resources] Started resource oxmysql
[    c-scripting-core] Creating script environments for ox_lib
[           resources] Started resource ox_lib
[    c-scripting-core] Creating script environments for hello
[           resources] Started resource hello
[    c-scripting-core] Creating script environments for coords
[           resources] Started resource coords
[    c-scripting-core] Creating script environments for spawnCone
[           resources] Started resource spawnCone
[    c-scripting-core] Creating script environments for changePed
[           resources] Started resource changePed
[    c-scripting-core] Creating script environments for animation
[           resources] Started resource animation
[    c-scripting-core] Creating script environments for speedometer
[           resources] Started resource speedometer
[    c-scripting-core] Creating script environments for carSpawn
[           resources] Started resource carSpawn
[    c-scripting-core] Creating script environments for getCoords
[           resources] Started resource getCoords
[ citizen-server-main] Warning: The players.json endpoint has been modified to no longer return the player identifiers without authentication.
[ citizen-server-main] To learn more about this change read our announcement at https://aka.cfx.re/players-json-privacy
[   script:mapmanager] Started map fivem-map-hipster
[           resources] Started resource fivem-map-hipster
[      script:oxmysql] [11.7.2-MariaDB] Database server connection established!
[ citizen-server-impl]         fff                          
[ citizen-server-impl]   cccc ff   xx  xx     rr rr    eee  
[ citizen-server-impl] cc     ffff   xx       rrr  r ee   e 
[ citizen-server-impl] cc     ff     xx   ... rr     eeeee  
[ citizen-server-impl]  ccccc ff   xx  xx ... rr      eeeee 
[ citizen-server-impl]                                      
[ citizen-server-impl] Authenticated with cfx.re Nucleus: https://viktor0524-bzbqe8.users.cfx.re/
[ citizen-server-impl] sync thread hitch warning: timer interval of 117 milliseconds
[      script:hardcap] Connecting: Dator
║             TXADMIN║ txaReportResources 
[      script:monitor] [txAdmin] Sending resources list to txAdmin.
[    script:getCoords] x coords: -600.9105834960938, y coords: 2101.457275390625z coords: 129.4425048828125, heading: 17.887699127197266
[ citizen-server-main] -> Quitting: host shutting down
║             TXADMIN║ ================================================================
║             TXADMIN║ ======== [24012] FXServer Starting - 2025-03-11 20:26:29        
║             TXADMIN║ ================================================================
[           resources] Scanning resources.
[           resources] Found 43 resources.
[          svadhesive] Authenticating server license key...
║             TXADMIN║ txaReportResources 
[          svadhesive] Server license key authentication succeeded. Welcome!
[    c-scripting-core] Creating script environments for sessionmanager
[           resources] Started resource sessionmanager
[    c-scripting-core] Creating script environments for monitor
[      script:monitor] [txAdmin] Resource v8.0.1 threads and commands set up. All Ready.
[           resources] Started resource monitor
[    c-scripting-core] Creating script environments for mapmanager
[           resources] Started resource mapmanager
[    c-scripting-core] Creating script environments for chat
[           resources] Started resource chat
[           resources] Started resource spawnmanager
[   script:mapmanager] Started gametype Freeroam
[           resources] Started resource basic-gamemode
[    c-scripting-core] Creating script environments for hardcap
[           resources] Started resource hardcap
[    c-scripting-core] Creating script environments for oxmysql
[           resources] Started resource oxmysql
[    c-scripting-core] Creating script environments for ox_lib
[           resources] Started resource ox_lib
[    c-scripting-core] Creating script environments for hello
[           resources] Started resource hello
[    c-scripting-core] Creating script environments for coords
[           resources] Started resource coords
[    c-scripting-core] Creating script environments for spawnCone
[ citizen-server-impl] sync thread hitch warning: timer interval of 156 milliseconds
[           resources] Started resource spawnCone
[    c-scripting-core] Creating script environments for changePed
[ citizen-server-impl] sync thread hitch warning: timer interval of 150 milliseconds
[           resources] Started resource changePed
[    c-scripting-core] Creating script environments for animation
[ citizen-server-impl] sync thread hitch warning: timer interval of 101 milliseconds
[           resources] Started resource animation
[    c-scripting-core] Creating script environments for speedometer
[           resources] Started resource speedometer
[    c-scripting-core] Creating script environments for carSpawn
[           resources] Started resource carSpawn
[    c-scripting-core] Creating script environments for getCoords
[           resources] Started resource getCoords
[ citizen-server-main] Warning: The players.json endpoint has been modified to no longer return the player identifiers without authentication.
[ citizen-server-main] To learn more about this change read our announcement at https://aka.cfx.re/players-json-privacy
[      script:monitor] [txAdmin] Sending resources list to txAdmin.
[   script:mapmanager] Started map fivem-map-skater
[           resources] Started resource fivem-map-skater
[      script:oxmysql] [11.7.2-MariaDB] Database server connection established!
[ citizen-server-impl]         fff                          
[ citizen-server-impl]   cccc ff   xx  xx     rr rr    eee  
[ citizen-server-impl] cc     ffff   xx       rrr  r ee   e 
[ citizen-server-impl] cc     ff     xx   ... rr     eeeee  
[ citizen-server-impl]  ccccc ff   xx  xx ... rr      eeeee 
[ citizen-server-impl]                                      
[ citizen-server-impl] Authenticated with cfx.re Nucleus: https://viktor0524-bzbqe8.users.cfx.re/
[ citizen-server-impl] server thread hitch warning: timer interval of 249 milliseconds
[ citizen-server-impl] sync thread hitch warning: timer interval of 210 milliseconds
[ citizen-server-impl] sync thread hitch warning: timer interval of 154 milliseconds
[ citizen-server-impl] server thread hitch warning: timer interval of 205 milliseconds
[ citizen-server-impl] sync thread hitch warning: timer interval of 308 milliseconds
[ citizen-server-impl] server thread hitch warning: timer interval of 389 milliseconds
[ citizen-server-impl] server thread hitch warning: timer interval of 407 milliseconds
║             TXADMIN║ txaReportResources 
[      script:monitor] [txAdmin] Sending resources list to txAdmin.
║          Viktor0524║ ensure "tp"
║             TXADMIN║ txaReportResources 
[        resources:tp] Warning: could not find client_script `build/client/client.js` (defined in fxmanifest.lua:4)
[        resources:tp] Warning: could not find server_script `build/server/server.js` (defined in fxmanifest.lua:8)
[           resources] Started resource tp (2 warnings)
[      script:monitor] [txAdmin] Sending resources list to txAdmin.
[ citizen-server-impl] sync thread hitch warning: timer interval of 104 milliseconds
[ citizen-server-impl] sync thread hitch warning: timer interval of 106 milliseconds
[      script:hardcap] Connecting: Dator
║             TXADMIN║ ================================================================
║             TXADMIN║ ======== [18640] FXServer Starting - 2025-03-11 21:09:12        
║             TXADMIN║ ================================================================
[           resources] Scanning resources.
[           resources] Found 43 resources.
[          svadhesive] Authenticating server license key...
[          svadhesive] Server license key authentication succeeded. Welcome!
[    c-scripting-core] Creating script environments for sessionmanager
[           resources] Started resource sessionmanager
[    c-scripting-core] Creating script environments for monitor
[      script:monitor] [txAdmin] Resource v8.0.1 threads and commands set up. All Ready.
[           resources] Started resource monitor
[    c-scripting-core] Creating script environments for mapmanager
[           resources] Started resource mapmanager
[    c-scripting-core] Creating script environments for chat
[           resources] Started resource chat
[           resources] Started resource spawnmanager
[   script:mapmanager] Started gametype Freeroam
[           resources] Started resource basic-gamemode
[    c-scripting-core] Creating script environments for hardcap
[           resources] Started resource hardcap
[    c-scripting-core] Creating script environments for oxmysql
[           resources] Started resource oxmysql
[    c-scripting-core] Creating script environments for ox_lib
[           resources] Started resource ox_lib
[    c-scripting-core] Creating script environments for hello
[           resources] Started resource hello
[    c-scripting-core] Creating script environments for coords
[           resources] Started resource coords
[    c-scripting-core] Creating script environments for spawnCone
[           resources] Started resource spawnCone
[    c-scripting-core] Creating script environments for changePed
[           resources] Started resource changePed
[    c-scripting-core] Creating script environments for animation
[           resources] Started resource animation
[    c-scripting-core] Creating script environments for speedometer
[           resources] Started resource speedometer
[    c-scripting-core] Creating script environments for carSpawn
[           resources] Started resource carSpawn
[    c-scripting-core] Creating script environments for getCoords
[           resources] Started resource getCoords
[ citizen-server-main] Warning: The players.json endpoint has been modified to no longer return the player identifiers without authentication.
[ citizen-server-main] To learn more about this change read our announcement at https://aka.cfx.re/players-json-privacy
[   script:mapmanager] Started map fivem-map-hipster
[           resources] Started resource fivem-map-hipster
[      script:oxmysql] [11.7.2-MariaDB] Database server connection established!
[ citizen-server-impl]         fff                          
[ citizen-server-impl]   cccc ff   xx  xx     rr rr    eee  
[ citizen-server-impl] cc     ffff   xx       rrr  r ee   e 
[ citizen-server-impl] cc     ff     xx   ... rr     eeeee  
[ citizen-server-impl]  ccccc ff   xx  xx ... rr      eeeee 
[ citizen-server-impl]                                      
[ citizen-server-impl] Authenticated with cfx.re Nucleus: https://viktor0524-bzbqe8.users.cfx.re/
║          Viktor0524║ ox_lib:version
[                 cmd] No such command ox_lib:version.
║          Viktor0524║ ox_lib:version
[                 cmd] No such command ox_lib:version.
║          Viktor0524║ status
[                 cmd] No such command status.
║          Viktor0524║ restart ox_lib
[           resources] Stopping resource ox_lib
[    c-scripting-core] Creating script environments for ox_lib
[           resources] Started resource ox_lib
║          Viktor0524║ ensure ox_lib
[           resources] Stopping resource ox_lib
[    c-scripting-core] Creating script environments for ox_lib
[           resources] Started resource ox_lib
║          Viktor0524║ ox_lib:version
[                 cmd] No such command ox_lib:version.
