
================================================================
======== txAdmin Starting - 2025-03-08 10:33:49                 
================================================================

================================================================
======== Log Rotated - 2025-03-08 10:33:49                      
================================================================

================================================================
======== txAdmin Starting - 2025-03-08 10:34:34                 
================================================================
[10:34:47] txAdmin: Logger started
[10:36:45] [fptit#1] Dator: joined with identifiers [license:e4fa85e8519082e519c40b1b4c1732f1b8373697; discord:472346456330600448; fivem:732866; license2:e4fa85e8519082e519c40b1b4c1732f1b8373697]
[10:37:55] [fptit#1] Dator: enabled noclip
[10:37:57] [fptit#1] Dator: said "/spana adder"
[10:37:58] [fptit#1] Dator: became mortal (standard mode)
[10:38:11] [fptit#1] Dator: enabled noclip
[10:38:13] [fptit#1] Dator: said "/spana adder"
[10:38:15] [fptit#1] Dator: became mortal (standard mode)
[10:38:20] [fptit#1] Dator: said "/spana adder"
[10:38:24] [fptit#1] Dator: said "/spana adder"
[10:42:29] [fptit#1] Dator: disconnected (Exiting)
[10:43:01] [fptit#2] Dator: joined with identifiers [license:e4fa85e8519082e519c40b1b4c1732f1b8373697; discord:472346456330600448; fivem:732866; license2:e4fa85e8519082e519c40b1b4c1732f1b8373697]
[10:45:06] [fptit#2] Dator: said "/reload"
[10:45:11] [fptit#2] Dator: said "/s adder"
[10:45:19] [fptit#2] Dator: said "/s adder"
[10:45:36] [fptit#2] Dator: said "/s adder"
[10:45:38] [fptit#2] Dator: said "/s adder"
[10:45:42] [fptit#2] Dator: enabled noclip
[10:45:42] [fptit#2] Dator: became mortal (standard mode)
[10:45:45] [fptit#2] Dator: disconnected (Disconnected.)
[10:45:45] [fptit#2] Dator: enabled noclip
[10:45:45] [fptit#2] Dator: became mortal (standard mode)

================================================================
======== txAdmin Starting - 2025-03-08 10:46:29                 
================================================================
[10:46:41] txAdmin: Logger started
[10:48:21] [yewD6#1] Dator: joined with identifiers [license:e4fa85e8519082e519c40b1b4c1732f1b8373697; discord:472346456330600448; fivem:732866; license2:e4fa85e8519082e519c40b1b4c1732f1b8373697]
[10:50:27] [yewD6#1] Dator: enabled noclip
[10:50:34] [yewD6#1] Dator: became mortal (standard mode)
[10:54:52] [yewD6#1] Dator: disconnected (Exiting)

================================================================
======== txAdmin Starting - 2025-03-08 10:56:47                 
================================================================
[10:56:59] txAdmin: Logger started

================================================================
======== txAdmin Starting - 2025-03-08 10:58:42                 
================================================================
[10:58:53] txAdmin: Logger started
[11:00:52] txAdmin: Logger started
[11:01:37] txAdmin: Logger started
[11:08:30] txAdmin: Logger started

================================================================
======== txAdmin Starting - 2025-03-08 11:09:09                 
================================================================
[11:09:21] txAdmin: Logger started
[11:16:43] txAdmin: Logger started

================================================================
======== txAdmin Starting - 2025-03-08 14:47:05                 
================================================================
[14:47:23] txAdmin: Logger started
[14:47:47] [kjKky#1] Dator: joined with identifiers [license:e4fa85e8519082e519c40b1b4c1732f1b8373697; discord:472346456330600448; fivem:732866; license2:e4fa85e8519082e519c40b1b4c1732f1b8373697]
[14:48:09] [kjKky#1] Dator: enabled noclip
[14:48:10] [kjKky#1] Dator: became mortal (standard mode)
[14:50:18] [kjKky#1] Dator: disconnected (Exiting)
[14:53:02] txAdmin: Logger started
[14:53:57] [QtRhT#1] Dator: joined with identifiers [license:e4fa85e8519082e519c40b1b4c1732f1b8373697; discord:472346456330600448; fivem:732866; license2:e4fa85e8519082e519c40b1b4c1732f1b8373697]
[14:54:19] [QtRhT#1] Dator: enabled noclip
[14:54:34] [QtRhT#1] Dator: became mortal (standard mode)
[14:54:42] [QtRhT#1] Dator: enabled noclip
[14:54:44] [QtRhT#1] Dator: became mortal (standard mode)
[14:54:50] [QtRhT#1] Dator: enabled noclip
[14:54:52] [QtRhT#1] Dator: said "ensure first"
[14:54:54] [QtRhT#1] Dator: became mortal (standard mode)
[14:54:57] [QtRhT#1] Dator: enabled noclip
[14:55:02] [QtRhT#1] Dator: became mortal (standard mode)
[14:55:23] [QtRhT#1] Dator: said "/bil2 adder"
[14:55:27] [QtRhT#1] Dator: said "/bil2 adder"
[14:55:28] [QtRhT#1] Dator: said "/bil2 adder"
[14:55:28] [QtRhT#1] Dator: said "/bil2 adder"
[14:56:13] [QtRhT#1] Dator: enabled noclip
[14:56:26] [QtRhT#1] Dator: became mortal (standard mode)
[15:00:12] [QtRhT#1] Dator: disconnected (Game crashed: GTA5_b3095.exe!sub_14167533C (0x43))
[15:01:12] [QtRhT#2] Dator: joined with identifiers [license:e4fa85e8519082e519c40b1b4c1732f1b8373697; discord:472346456330600448; fivem:732866; license2:e4fa85e8519082e519c40b1b4c1732f1b8373697]
[15:01:53] [QtRhT#2] Dator: enabled noclip
[15:02:10] [QtRhT#2] Dator: became mortal (standard mode)
[15:04:01] [QtRhT#2] Dator: enabled noclip
[15:04:05] [QtRhT#2] Dator: became mortal (standard mode)
[15:04:58] [QtRhT#2] Dator: repaired their vehicle
[15:05:57] [QtRhT#2] Dator: repaired their vehicle
[15:13:36] [QtRhT#2] Dator: disconnected (Game crashed: GTA5_b3095.exe!sub_14167533C (0x43))
[15:14:56] [QtRhT#3] Dator: joined with identifiers [license:e4fa85e8519082e519c40b1b4c1732f1b8373697; discord:472346456330600448; fivem:732866; license2:e4fa85e8519082e519c40b1b4c1732f1b8373697]
[15:18:11] [QtRhT#3] Dator: enabled noclip
[15:18:22] [QtRhT#3] Dator: became mortal (standard mode)
[15:19:13] [QtRhT#3] Dator: enabled noclip
[15:19:17] [QtRhT#3] Dator: became mortal (standard mode)
[15:28:00] [QtRhT#3] Dator: disconnected (Exiting)

================================================================
======== txAdmin Starting - 2025-03-08 17:14:51                 
================================================================

================================================================
======== txAdmin Starting - 2025-03-08 17:16:27                 
================================================================

================================================================
======== txAdmin Starting - 2025-03-08 17:17:32                 
================================================================
[17:17:45] txAdmin: Logger started
[17:21:03] [hQCXL#1] Dator: joined with identifiers [license:e4fa85e8519082e519c40b1b4c1732f1b8373697; discord:472346456330600448; fivem:732866; license2:e4fa85e8519082e519c40b1b4c1732f1b8373697]
[17:23:15] [hQCXL#1] Dator: said "/dv"
[17:24:10] [hQCXL#1] Dator: enabled noclip
[17:24:16] [hQCXL#1] Dator: became mortal (standard mode)
[17:26:24] [hQCXL#1] Dator: said "7dv"
[17:27:51] [hQCXL#1] Dator: disconnected (Exiting)
[17:29:02] [hQCXL#2] Dator: joined with identifiers [license:e4fa85e8519082e519c40b1b4c1732f1b8373697; discord:472346456330600448; fivem:732866; license2:e4fa85e8519082e519c40b1b4c1732f1b8373697]
[17:29:35] [hQCXL#2] Dator: enabled noclip
[17:29:39] [hQCXL#2] Dator: became mortal (standard mode)
[17:30:07] [hQCXL#2] Dator: said "//dv"
[17:35:24] [hQCXL#2] Dator: disconnected (Exiting)

================================================================
======== txAdmin Starting - 2025-03-08 20:13:58                 
================================================================
[20:14:10] txAdmin: Logger started
[20:15:20] txAdmin: Logger started
[20:16:43] txAdmin: Logger started
[20:21:10] [i6RyQ#1] Dator: joined with identifiers [license:e4fa85e8519082e519c40b1b4c1732f1b8373697; discord:472346456330600448; fivem:732866; license2:e4fa85e8519082e519c40b1b4c1732f1b8373697]
[20:21:55] [i6RyQ#1] Dator: said "ensure getCoords"
[20:23:57] [i6RyQ#1] Dator: enabled noclip
[20:24:05] [i6RyQ#1] Dator: became mortal (standard mode)
[20:24:08] [i6RyQ#1] Dator: enabled noclip
[20:24:29] [i6RyQ#1] Dator: became mortal (standard mode)
[20:33:32] [i6RyQ#1] Dator: disconnected (Exiting)
[20:50:15] txAdmin: Logger started
[20:51:06] [hwf96#1] Dator: joined with identifiers [license:e4fa85e8519082e519c40b1b4c1732f1b8373697; discord:472346456330600448; fivem:732866; license2:e4fa85e8519082e519c40b1b4c1732f1b8373697]
[20:52:22] [hwf96#1] Dator: repaired their vehicle
[21:17:40] [hwf96#1] Dator: said "w"
[21:17:53] [hwf96#1] Dator: said "asd"
[21:18:48] [hwf96#1] Dator: said "asd"
[21:19:07] [hwf96#1] Dator: disconnected (Disconnected.)
[21:19:35] [hwf96#2] Dator: joined with identifiers [license:e4fa85e8519082e519c40b1b4c1732f1b8373697; discord:472346456330600448; fivem:732866; license2:e4fa85e8519082e519c40b1b4c1732f1b8373697]
[21:31:13] [hwf96#2] Dator: said "/a_f_m_bevhills_01"
[21:35:15] [hwf96#2] Dator: disconnected (Server->client connection timed out. Last seen 104 msec ago.)
[21:36:49] [hwf96#3] Dator: joined with identifiers [license:e4fa85e8519082e519c40b1b4c1732f1b8373697; discord:472346456330600448; fivem:732866; license2:e4fa85e8519082e519c40b1b4c1732f1b8373697]
[21:38:17] [hwf96#4] Dator: joined with identifiers [license:e4fa85e8519082e519c40b1b4c1732f1b8373697; discord:472346456330600448; fivem:732866; license2:e4fa85e8519082e519c40b1b4c1732f1b8373697]
[21:38:27] [hwf96#3] Dator: disconnected (Server->client connection timed out. Last seen 59570 msec ago.)
[21:40:12] [hwf96#5] Dator: joined with identifiers [license:e4fa85e8519082e519c40b1b4c1732f1b8373697; discord:472346456330600448; fivem:732866; license2:e4fa85e8519082e519c40b1b4c1732f1b8373697]
[21:40:20] [hwf96#4] Dator: disconnected (Server->client connection timed out. Last seen 39849 msec ago.)
[21:42:13] [hwf96#6] Dator: joined with identifiers [license:e4fa85e8519082e519c40b1b4c1732f1b8373697; discord:472346456330600448; fivem:732866; license2:e4fa85e8519082e519c40b1b4c1732f1b8373697]
[21:42:31] [hwf96#5] Dator: disconnected (Server->client connection timed out. Last seen 52838 msec ago.)
[21:52:05] [hwf96#6] Dator: disconnected (Exiting)

================================================================
======== txAdmin Starting - 2025-03-08 23:11:46                 
================================================================
[23:11:58] txAdmin: Logger started
[23:12:34] [AtGaP#1] Dator: joined with identifiers [license:e4fa85e8519082e519c40b1b4c1732f1b8373697; discord:472346456330600448; fivem:732866; license2:e4fa85e8519082e519c40b1b4c1732f1b8373697]
[23:19:35] [AtGaP#1] Dator: disconnected (Disconnected.)
[23:23:22] [AtGaP#2] Dator: joined with identifiers [license:e4fa85e8519082e519c40b1b4c1732f1b8373697; discord:472346456330600448; fivem:732866; license2:e4fa85e8519082e519c40b1b4c1732f1b8373697]
[23:27:27] [AtGaP#2] Dator: enabled noclip
[23:30:01] [AtGaP#2] Dator: disconnected (Exiting)
