
================================================================
======== txAdmin Starting - 2025-03-09 13:03:33                 
================================================================

================================================================
======== Log Rotated - 2025-03-09 13:03:33                      
================================================================
[13:03:46] txAdmin: Logger started
[13:05:02] [c6De9#1] Dator: joined with identifiers [license:e4fa85e8519082e519c40b1b4c1732f1b8373697; discord:472346456330600448; fivem:732866; license2:e4fa85e8519082e519c40b1b4c1732f1b8373697]
[13:07:03] [c6De9#1] Dator: said "/kill"
[13:08:32] [c6De9#1] Dator: enabled noclip
[13:08:38] [c6De9#1] Dator: became mortal (standard mode)
[13:11:46] [c6De9#1] Dator: disconnected (Exiting)
[13:22:52] txAdmin: Logger started

================================================================
======== txAdmin Starting - 2025-03-09 14:58:19                 
================================================================
[14:58:31] txAdmin: Logger started
[15:00:45] [nbXxR#1] Dator: joined with identifiers [license:e4fa85e8519082e519c40b1b4c1732f1b8373697; discord:472346456330600448; fivem:732866; license2:e4fa85e8519082e519c40b1b4c1732f1b8373697]
[15:03:41] [nbXxR#1] Dator: disconnected (Exiting)

================================================================
======== txAdmin Starting - 2025-03-09 15:07:03                 
================================================================
[15:07:15] txAdmin: Logger started
[15:07:56] [Q9KCR#1] Dator: joined with identifiers [license:e4fa85e8519082e519c40b1b4c1732f1b8373697; discord:472346456330600448; fivem:732866; license2:e4fa85e8519082e519c40b1b4c1732f1b8373697]
[15:11:57] [Q9KCR#1] Dator: disconnected (Exiting)

================================================================
======== txAdmin Starting - 2025-03-09 15:48:48                 
================================================================
[15:49:18] txAdmin: Logger started
[15:50:28] [fTYhd#1] Biktor: joined with identifiers [license:e4fa85e8519082e519c40b1b4c1732f1b8373697; discord:472346456330600448; fivem:732866; license2:e4fa85e8519082e519c40b1b4c1732f1b8373697]
[15:53:42] [fTYhd#1] Biktor: disconnected (Exiting)

================================================================
======== txAdmin Starting - 2025-03-09 16:12:17                 
================================================================
[16:12:35] txAdmin: Logger started
[16:14:56] [EEgX8#1] Biktor: joined with identifiers [license:e4fa85e8519082e519c40b1b4c1732f1b8373697; discord:472346456330600448; fivem:732866; license2:e4fa85e8519082e519c40b1b4c1732f1b8373697]
[16:17:29] [EEgX8#1] Biktor: said "/claer"
[16:20:02] [EEgX8#1] Biktor: said "clear"
[16:20:10] [EEgX8#1] Biktor: disconnected (Exiting)

================================================================
======== txAdmin Starting - 2025-03-09 17:13:47                 
================================================================
[17:14:00] txAdmin: Logger started
[17:14:57] [epTgi#1] Biktor: joined with identifiers [license:e4fa85e8519082e519c40b1b4c1732f1b8373697; discord:472346456330600448; fivem:732866; license2:e4fa85e8519082e519c40b1b4c1732f1b8373697]
[17:15:57] [epTgi#1] Biktor: enabled noclip
[17:16:01] [epTgi#1] Biktor: became mortal (standard mode)
[17:29:28] [epTgi#1] Biktor: disconnected ([txAdmin] Server restarting (requested by Viktor0524).)
[17:29:36] txAdmin: Logger started
[17:29:57] [YAmtd#1] Biktor: joined with identifiers [license:e4fa85e8519082e519c40b1b4c1732f1b8373697; discord:472346456330600448; fivem:732866; license2:e4fa85e8519082e519c40b1b4c1732f1b8373697]
[17:30:27] [YAmtd#1] Biktor: enabled noclip
[17:30:40] [YAmtd#1] Biktor: became mortal (standard mode)
[17:34:32] [YAmtd#1] Biktor: disconnected (Exiting)

================================================================
======== txAdmin Starting - 2025-03-09 17:40:49                 
================================================================
[17:41:02] txAdmin: Logger started
[17:41:55] [6nAW7#1] Biktor: joined with identifiers [license:e4fa85e8519082e519c40b1b4c1732f1b8373697; discord:472346456330600448; fivem:732866; license2:e4fa85e8519082e519c40b1b4c1732f1b8373697]
[17:42:34] [6nAW7#1] Biktor: enabled noclip
[17:42:37] [6nAW7#1] Biktor: became mortal (standard mode)
[17:42:39] [6nAW7#1] Biktor: enabled noclip
[17:42:40] [6nAW7#1] Biktor: became mortal (standard mode)
[17:42:41] [6nAW7#1] Biktor: enabled noclip
[17:42:46] [6nAW7#1] Biktor: became mortal (standard mode)
[17:48:09] [6nAW7#1] Biktor: said "/status"
[17:57:43] [6nAW7#1] Biktor: disconnected (Exiting)

================================================================
======== txAdmin Starting - 2025-03-09 19:24:44                 
================================================================
[19:24:59] txAdmin: Logger started
[19:25:29] [wjgBn#1] Biktor: joined with identifiers [license:e4fa85e8519082e519c40b1b4c1732f1b8373697; discord:472346456330600448; fivem:732866; license2:e4fa85e8519082e519c40b1b4c1732f1b8373697]
[19:25:50] [wjgBn#1] Biktor: enabled noclip
[19:25:53] [wjgBn#1] Biktor: became mortal (standard mode)
[19:25:55] [wjgBn#1] Biktor: enabled noclip
[19:25:55] [wjgBn#1] Biktor: became mortal (standard mode)
[19:28:08] [wjgBn#1] Biktor: disconnected (Exiting)

================================================================
======== txAdmin Starting - 2025-03-09 20:24:27                 
================================================================
[20:24:39] txAdmin: Logger started
[20:26:18] [fVUUV#1] Biktor: joined with identifiers [license:e4fa85e8519082e519c40b1b4c1732f1b8373697; discord:472346456330600448; fivem:732866; license2:e4fa85e8519082e519c40b1b4c1732f1b8373697]
[20:34:43] [fVUUV#1] Biktor: disconnected (Exiting)

================================================================
======== txAdmin Starting - 2025-03-09 21:21:48                 
================================================================
[21:22:01] txAdmin: Logger started
[21:22:55] [nnKRh#1] Biktor: joined with identifiers [license:e4fa85e8519082e519c40b1b4c1732f1b8373697; discord:472346456330600448; fivem:732866; license2:e4fa85e8519082e519c40b1b4c1732f1b8373697]
[21:23:16] [nnKRh#1] Biktor: enabled noclip
[21:23:20] [nnKRh#1] Biktor: became mortal (standard mode)
[21:35:36] [nnKRh#1] Biktor: disconnected (Exiting)
[21:45:25] [nnKRh#2] Biktor: joined with identifiers [license:e4fa85e8519082e519c40b1b4c1732f1b8373697; discord:472346456330600448; fivem:732866; license2:e4fa85e8519082e519c40b1b4c1732f1b8373697]
[21:52:09] [nnKRh#2] Biktor: enabled noclip
[21:52:10] [nnKRh#2] Biktor: became mortal (standard mode)
[21:53:03] [nnKRh#2] Biktor: enabled noclip
[21:53:24] [nnKRh#2] Biktor: disconnected (Exiting)
================================================================
======== txAdmin v8.0.1 atop fxserver 7290 Starting - 2025-03-09 22:25:58
================================================================
[22:26:01] txAdmin: Logger started
[22:26:58] [GN9L4#1] Biktor: joined with identifiers [license:e4fa…3697, discord:4723…0448, fivem:732866, license2:e4fa…3697]
[22:28:18] [GN9L4#1] Biktor: spawned a vehicle (model: amggt63)
[22:28:34] [GN9L4#1] Biktor: turned show player IDs on
[22:28:36] [GN9L4#1] Biktor: turned show player IDs off
[22:28:40] [GN9L4#1] Biktor: enabled noclip
[22:28:46] [GN9L4#1] Biktor: became mortal (standard mode)
[22:28:47] [GN9L4#1] Biktor: enabled noclip
[22:28:50] [GN9L4#1] Biktor: became mortal (standard mode)
[22:29:14] [GN9L4#1] Biktor: spawned a vehicle (model: peptos_911rs)
[22:29:30] [GN9L4#1] Biktor: spawned a vehicle (model: peptos_911rs)
[22:29:32] [GN9L4#1] Biktor: spawned a vehicle (model: peptos_911rs)
[22:29:34] [GN9L4#1] Biktor: spawned a vehicle (model: peptos_911rs)
[22:29:36] [GN9L4#1] Biktor: spawned a vehicle (model: peptos_911rs)
[22:31:43] [GN9L4#1] Biktor: disconnected (Exiting)
