================================================================
======== txAdmin v8.0.1 atop fxserver 13336 Starting - 2025-03-12 09:46:24
================================================================
================================================================
======== Log Rotated - 2025-03-12 09:46:24                      
================================================================
[09:46:27] txAdmin: Logger started
================================================================
======== txAdmin v8.0.1 atop fxserver 13336 Starting - 2025-03-12 13:30:28
================================================================
[13:30:32] txAdmin: Logger started
[13:31:49] [MwfLB#1] Dator: joined with identifiers [license:e4fa…3697, discord:4723…0448, fivem:732866, license2:e4fa…3697]
[13:33:16] [MwfLB#1] Dator: said "/tp"
[13:34:03] [MwfLB#1] Dator: disconnected (Exiting)
[13:36:11] [MwfLB#2] Dator: joined with identifiers [license:e4fa…3697, discord:4723…0448, fivem:732866, license2:e4fa…3697]
[13:40:59] [MwfLB#2] Dator: said "/status"
[13:43:27] [MwfLB#2] Dator: disconnected (Exiting)
================================================================
======== txAdmin v8.0.1 atop fxserver 13336 Starting - 2025-03-12 13:45:44
================================================================
[13:45:46] txAdmin: Logger started
[13:46:19] [KgTF8#1] Dator: joined with identifiers [license:e4fa…3697, discord:4723…0448, fivem:732866, license2:e4fa…3697]
[13:46:47] [KgTF8#1] Dator: said "/oxmysql"
[13:46:56] [KgTF8#1] Dator: said "//oxmysql"
[13:47:03] [KgTF8#1] Dator: said "/invoke oxmysql"
[13:48:37] [KgTF8#1] Dator: said "/oxmysql"
[13:50:16] [KgTF8#1] Dator: said "/invoke oxmysql"
[13:51:14] [KgTF8#1] Dator: said "/status"
[13:51:49] [KgTF8#1] Dator: said "/print(exports.oxmysql)"
[13:52:13] [KgTF8#1] Dator: said "/help"
[13:52:30] [KgTF8#1] Dator: said "/help"
[13:52:31] [KgTF8#1] Dator: said "/status"
[13:53:15] [KgTF8#1] Dator: said "/netstat -ano | findstr :30120"
[13:53:58] [KgTF8#1] Dator: disconnected (Exiting)
================================================================
======== txAdmin v8.0.1 atop fxserver 13336 Starting - 2025-03-12 14:02:07
================================================================
[14:02:10] txAdmin: Logger started
[14:02:52] [RwD3c#1] Dator: joined with identifiers [license:e4fa…3697, discord:4723…0448, fivem:732866, license2:e4fa…3697]
[14:04:54] [RwD3c#1] Dator: disconnected (Exiting)
================================================================
======== txAdmin v8.0.1 atop fxserver 13336 Starting - 2025-03-12 15:46:20
================================================================
[15:46:23] txAdmin: Logger started
================================================================
======== txAdmin v8.0.1 atop fxserver 13336 Starting - 2025-03-12 15:55:37
================================================================
[15:55:39] txAdmin: Logger started
[15:56:42] [EAQjn#1] Dator: joined with identifiers [license:e4fa…3697, discord:4723…0448, fivem:732866, license2:e4fa…3697]
================================================================
======== txAdmin v8.0.1 atop fxserver 13336 Starting - 2025-03-12 16:03:50
================================================================
[16:03:54] txAdmin: Logger started
================================================================
======== txAdmin v8.0.1 atop fxserver 13336 Starting - 2025-03-12 16:05:01
================================================================
[16:05:03] txAdmin: Logger started
================================================================
======== txAdmin v8.0.1 atop fxserver 13336 Starting - 2025-03-12 16:11:10
================================================================
[16:11:12] txAdmin: Logger started
================================================================
======== txAdmin v8.0.1 atop fxserver 13336 Starting - 2025-03-12 16:14:12
================================================================
[16:14:14] txAdmin: Logger started
================================================================
======== txAdmin v8.0.1 atop fxserver 13336 Starting - 2025-03-12 16:28:34
================================================================
[16:28:36] txAdmin: Logger started
[16:29:15] [E4Jzi#1] Dator: joined with identifiers [license:e4fa…3697, discord:4723…0448, fivem:732866, license2:e4fa…3697]
[16:33:16] [E4Jzi#1] Dator: disconnected (Exiting)
================================================================
======== txAdmin v8.0.1 atop fxserver 13336 Starting - 2025-03-12 17:38:48
================================================================
[17:38:51] txAdmin: Logger started
[17:41:19] [w39aq#1] Dator: joined with identifiers [license:e4fa…3697, discord:4723…0448, fivem:732866, license2:e4fa…3697]
[17:42:24] [w39aq#1] Dator: enabled noclip
[17:42:26] [w39aq#1] Dator: became mortal (standard mode)
[17:42:28] [w39aq#1] Dator: enabled noclip
[17:42:31] [w39aq#1] Dator: became mortal (standard mode)
[17:42:38] [w39aq#1] Dator: teleported to coordinates (x=680.083, y=530.538, z=130.111)
[17:43:02] [w39aq#1] Dator: became mortal (standard mode)
[17:43:04] [w39aq#1] Dator: enabled noclip
[17:43:05] [w39aq#1] Dator: became mortal (standard mode)
[17:43:08] [w39aq#1] Dator: became mortal (standard mode)
[17:43:16] [w39aq#1] Dator: enabled noclip
[17:43:20] [w39aq#1] Dator: became mortal (standard mode)
[17:43:22] [w39aq#1] Dator: became mortal (standard mode)
[17:43:27] [w39aq#1] Dator: died from suicide (Falling)
[17:44:03] [w39aq#1] Dator: disconnected (Exiting)
[17:46:24] [w39aq#2] Dator: joined with identifiers [license:e4fa…3697, discord:4723…0448, fivem:732866, license2:e4fa…3697]
[17:47:20] [w39aq#2] Dator: enabled noclip
[17:47:24] [w39aq#2] Dator: became mortal (standard mode)
[17:47:26] [w39aq#2] Dator: became mortal (standard mode)
[17:47:30] [w39aq#2] Dator: died from suicide (Falling)
[17:47:58] [w39aq#2] Dator: enabled god mode
[17:48:00] [w39aq#2] Dator: healed themself
[17:48:38] [w39aq#2] Dator: enabled super jump
[17:48:55] [w39aq#2] Dator: became mortal (standard mode)
[17:49:01] [w39aq#2] Dator: died from suicide (Falling)
[17:49:56] [w39aq#2] Dator: disconnected (Exiting)
[17:50:42] [w39aq#3] Dator: joined with identifiers [license:e4fa…3697, discord:4723…0448, fivem:732866, license2:e4fa…3697]
[17:52:04] [w39aq#3] Dator: said "/kill"
[17:52:07] [w39aq#3] Dator: enabled noclip
[17:52:13] [w39aq#3] Dator: became mortal (standard mode)
[17:52:16] [w39aq#3] Dator: became mortal (standard mode)
[17:52:28] [w39aq#3] Dator: died from suicide
[17:54:15] [w39aq#3] Dator: healed themself
[17:56:19] [w39aq#3] Dator: enabled noclip
[17:56:21] [w39aq#3] Dator: became mortal (standard mode)
[17:56:23] [w39aq#3] Dator: became mortal (standard mode)
[17:56:35] [w39aq#3] Dator: died from suicide (Falling)
[17:58:00] [w39aq#3] Dator: disconnected (Exiting)
================================================================
======== txAdmin v8.0.1 atop fxserver 13336 Starting - 2025-03-12 17:58:11
================================================================
[17:58:13] txAdmin: Logger started
[17:58:41] [eXXX9#1] Dator: joined with identifiers [license:e4fa…3697, discord:4723…0448, fivem:732866, license2:e4fa…3697]
[17:59:07] [eXXX9#1] Dator: enabled noclip
[17:59:11] [eXXX9#1] Dator: became mortal (standard mode)
[17:59:13] [eXXX9#1] Dator: became mortal (standard mode)
[17:59:34] [eXXX9#1] Dator: died from suicide (Falling)
[17:59:57] [eXXX9#1] Dator: disconnected (Exiting)
================================================================
======== txAdmin v8.0.1 atop fxserver 13336 Starting - 2025-03-12 18:53:41
================================================================
[18:53:46] txAdmin: Logger started
[18:54:10] [caeA9#1] Dator: joined with identifiers [license:e4fa…3697, discord:4723…0448, fivem:732866, license2:e4fa…3697]
[19:19:53] [caeA9#1] Dator: disconnected (Exiting)
================================================================
======== txAdmin v8.0.1 atop fxserver 13336 Starting - 2025-03-12 19:32:39
================================================================
[19:32:41] txAdmin: Logger started
[19:33:00] [hLX3R#1] Dator: joined with identifiers [license:e4fa…3697, discord:4723…0448, fivem:732866, license2:e4fa…3697]
[19:37:33] [hLX3R#1] Dator: disconnected (Exiting)
[19:46:02] [hLX3R#2] Dator: joined with identifiers [license:e4fa…3697, discord:4723…0448, fivem:732866, license2:e4fa…3697]
[19:47:35] [hLX3R#2] Dator: died from suicide
[19:47:37] [hLX3R#2] Dator: caused an explosion (PLANE)
[19:49:15] [hLX3R#2] Dator: caused an explosion (TANKSHELL)
[19:49:15] [hLX3R#2] Dator: caused an explosion (CAR)
[19:49:39] [hLX3R#2] Dator: caused an explosion (TANKSHELL)
[19:49:39] [hLX3R#2] Dator: caused an explosion (CAR)
[19:49:41] [hLX3R#2] Dator: caused an explosion (TANKSHELL)
[19:49:41] [hLX3R#2] Dator: caused an explosion (CAR)
[19:49:43] [hLX3R#2] Dator: caused an explosion (TANKSHELL)
[19:49:43] [hLX3R#2] Dator: caused an explosion (CAR)
[19:49:46] [hLX3R#2] Dator: caused an explosion (TANKSHELL)
[19:49:46] [hLX3R#2] Dator: caused an explosion (CAR)
[19:49:50] [hLX3R#2] Dator: caused an explosion (TANKSHELL)
[19:49:50] [hLX3R#2] Dator: caused an explosion (PLANE)
[19:49:56] [hLX3R#2] Dator: caused an explosion (TANKSHELL)
[19:49:56] [hLX3R#2] Dator: caused an explosion (CAR)
[19:49:58] [hLX3R#2] Dator: caused an explosion (TANKSHELL)
[19:49:58] [hLX3R#2] Dator: caused an explosion (CAR)
[19:49:58] [hLX3R#2] Dator: caused an explosion (CAR)
[19:49:58] [hLX3R#2] Dator: caused an explosion (CAR)
[19:50:01] [hLX3R#2] Dator: caused an explosion (TANKSHELL)
[19:50:01] [hLX3R#2] Dator: caused an explosion (CAR)
[19:50:06] [hLX3R#2] Dator: caused an explosion (TANKSHELL)
[19:50:06] [hLX3R#2] Dator: caused an explosion (CAR)
[19:51:34] [hLX3R#2] Dator: died from suicide (Carbine Rifle)
[19:53:01] [hLX3R#2] Dator: enabled noclip
[19:53:16] [hLX3R#2] Dator: became mortal (standard mode)
[19:53:36] [hLX3R#2] Dator: caused an explosion (PLANE)
[19:54:25] [hLX3R#2] Dator: enabled noclip
[19:54:35] [hLX3R#2] Dator: became mortal (standard mode)
[19:55:36] [hLX3R#2] Dator: caused an explosion (PLANE_ROCKET)
[19:55:38] [hLX3R#2] Dator: caused an explosion (PLANE_ROCKET)
[19:56:16] [hLX3R#2] Dator: caused an explosion (PLANE)
[19:56:16] [hLX3R#2] Dator: caused an explosion (PLANE)
[19:57:03] [hLX3R#2] Dator: said "/shuff"
[19:58:55] [hLX3R#2] Dator: caused an explosion (TANKSHELL)
[19:58:55] [hLX3R#2] Dator: caused an explosion (PLANE)
[19:58:57] [hLX3R#2] Dator: caused an explosion (TANKSHELL)
[19:58:57] [hLX3R#2] Dator: caused an explosion (PLANE)
[19:58:58] [hLX3R#2] Dator: caused an explosion (TANKSHELL)
[19:59:02] [hLX3R#2] Dator: caused an explosion (TANKSHELL)
[19:59:04] [hLX3R#2] Dator: caused an explosion (TANKSHELL)
[19:59:07] [hLX3R#2] Dator: caused an explosion (TANKSHELL)
[19:59:07] [hLX3R#2] Dator: caused an explosion (CAR)
[19:59:08] [hLX3R#2] Dator: caused an explosion (TANKSHELL)
[19:59:08] [hLX3R#2] Dator: caused an explosion (CAR)
[19:59:10] [hLX3R#2] Dator: caused an explosion (TANKSHELL)
[19:59:10] [hLX3R#2] Dator: caused an explosion (PLANE)
[19:59:12] [hLX3R#2] Dator: caused an explosion (TANKSHELL)
[19:59:14] [hLX3R#2] Dator: caused an explosion (TANKSHELL)
[19:59:36] [hLX3R#2] Dator: caused an explosion (TANKSHELL)
[19:59:37] [hLX3R#2] Dator: caused an explosion (TANKSHELL)
[19:59:37] [hLX3R#2] Dator: caused an explosion (PLANE)
[19:59:39] [hLX3R#2] Dator: caused an explosion (TANKSHELL)
[19:59:39] [hLX3R#2] Dator: caused an explosion (CAR)
[19:59:40] [hLX3R#2] Dator: caused an explosion (TANKSHELL)
[19:59:40] [hLX3R#2] Dator: caused an explosion (PLANE)
[19:59:43] [hLX3R#2] Dator: caused an explosion (TANKSHELL)
[19:59:44] [hLX3R#2] Dator: caused an explosion (TANKSHELL)
[19:59:46] [hLX3R#2] Dator: caused an explosion (TANKSHELL)
[19:59:51] [hLX3R#2] Dator: caused an explosion (TANKSHELL)
[19:59:52] [hLX3R#2] Dator: caused an explosion (TANKSHELL)
[19:59:52] [hLX3R#2] Dator: caused an explosion (CAR)
[19:59:54] [hLX3R#2] Dator: caused an explosion (TANKSHELL)
[19:59:54] [hLX3R#2] Dator: caused an explosion (PLANE)
[19:59:57] [hLX3R#2] Dator: caused an explosion (TANKSHELL)
[20:00:01] [hLX3R#2] Dator: caused an explosion (TANKSHELL)
[20:00:01] [hLX3R#2] Dator: caused an explosion (PLANE)
[20:00:04] [hLX3R#2] Dator: caused an explosion (TANKSHELL)
[20:00:06] [hLX3R#2] Dator: caused an explosion (TANKSHELL)
[20:00:06] [hLX3R#2] Dator: caused an explosion (CAR)
[20:00:07] [hLX3R#2] Dator: caused an explosion (TANKSHELL)
[20:00:07] [hLX3R#2] Dator: caused an explosion (CAR)
[20:00:09] [hLX3R#2] Dator: caused an explosion (TANKSHELL)
[20:00:10] [hLX3R#2] Dator: caused an explosion (CAR)
[20:00:11] [hLX3R#2] Dator: caused an explosion (TANKSHELL)
[20:00:11] [hLX3R#2] Dator: caused an explosion (CAR)
[20:00:13] [hLX3R#2] Dator: caused an explosion (TANKSHELL)
[20:00:13] [hLX3R#2] Dator: caused an explosion (CAR)
[20:00:17] [hLX3R#2] Dator: caused an explosion (TANKSHELL)
[20:00:24] [hLX3R#2] Dator: caused an explosion (TANKSHELL)
[20:00:24] [hLX3R#2] Dator: caused an explosion (CAR)
[20:00:25] [hLX3R#2] Dator: caused an explosion (TANKSHELL)
[20:00:25] [hLX3R#2] Dator: caused an explosion (CAR)
[20:00:27] [hLX3R#2] Dator: caused an explosion (TANKSHELL)
[20:00:28] [hLX3R#2] Dator: caused an explosion (TANKSHELL)
[20:00:28] [hLX3R#2] Dator: caused an explosion (CAR)
[20:00:30] [hLX3R#2] Dator: caused an explosion (TANKSHELL)
[20:00:32] [hLX3R#2] Dator: caused an explosion (TANKSHELL)
[20:00:32] [hLX3R#2] Dator: caused an explosion (CAR)
[20:00:35] [hLX3R#2] Dator: caused an explosion (TANKSHELL)
[20:00:38] [hLX3R#2] Dator: caused an explosion (TANKSHELL)
[20:00:39] [hLX3R#2] Dator: caused an explosion (TANKSHELL)
[20:00:45] [hLX3R#2] Dator: caused an explosion (TANKSHELL)
[20:00:45] [hLX3R#2] Dator: caused an explosion (PLANE)
[20:00:46] [hLX3R#2] Dator: caused an explosion (TANKSHELL)
[20:00:46] [hLX3R#2] Dator: caused an explosion (PLANE)
[20:00:49] [hLX3R#2] Dator: caused an explosion (TANKSHELL)
[20:00:49] [hLX3R#2] Dator: caused an explosion (CAR)
[20:00:50] [hLX3R#2] Dator: caused an explosion (TANKSHELL)
[20:00:50] [hLX3R#2] Dator: caused an explosion (CAR)
[20:00:52] [hLX3R#2] Dator: caused an explosion (TANKSHELL)
[20:00:52] [hLX3R#2] Dator: caused an explosion (CAR)
[20:00:54] [hLX3R#2] Dator: caused an explosion (TANKSHELL)
[20:00:55] [hLX3R#2] Dator: caused an explosion (TANKSHELL)
[20:00:57] [hLX3R#2] Dator: caused an explosion (TANKSHELL)
[20:00:57] [hLX3R#2] Dator: caused an explosion (CAR)
[20:00:59] [hLX3R#2] Dator: caused an explosion (TANKSHELL)
[20:00:59] [hLX3R#2] Dator: caused an explosion (PLANE)
[20:01:03] [hLX3R#2] Dator: caused an explosion (TANKSHELL)
[20:01:05] [hLX3R#2] Dator: caused an explosion (TANKSHELL)
[20:01:05] [hLX3R#2] Dator: caused an explosion (CAR)
[20:01:07] [hLX3R#2] Dator: caused an explosion (TANKSHELL)
[20:01:07] [hLX3R#2] Dator: caused an explosion (CAR)
[20:01:08] [hLX3R#2] Dator: caused an explosion (TANKSHELL)
[20:01:08] [hLX3R#2] Dator: caused an explosion (CAR)
[20:01:12] [hLX3R#2] Dator: caused an explosion (TANKSHELL)
[20:01:15] [hLX3R#2] Dator: caused an explosion (TANKSHELL)
[20:01:15] [hLX3R#2] Dator: caused an explosion (CAR)
[20:01:18] [hLX3R#2] Dator: caused an explosion (TANKSHELL)
[20:01:18] [hLX3R#2] Dator: caused an explosion (CAR)
[20:01:22] [hLX3R#2] Dator: caused an explosion (TANKSHELL)
[20:01:26] [hLX3R#2] Dator: enabled noclip
[20:02:47] [hLX3R#2] Dator: became mortal (standard mode)
[20:02:54] [hLX3R#2] Dator: caused an explosion (TANKSHELL)
[20:03:02] [hLX3R#2] Dator: enabled noclip
[20:03:08] [hLX3R#2] Dator: became mortal (standard mode)
[20:38:17] [hLX3R#2] Dator: disconnected (Exiting)
[20:46:43] [hLX3R#3] Dator: joined with identifiers [license:e4fa…3697, discord:4723…0448, fivem:732866, license2:e4fa…3697]
[21:00:04] [hLX3R#3] Dator: caused an explosion (RAILGUN)
[21:00:06] [hLX3R#3] Dator: caused an explosion (RAILGUN)
[21:00:06] [hLX3R#3] Dator: caused an explosion (CAR)
[21:01:53] [hLX3R#3] Dator: died from suicide (Pump Shotgun)
[21:11:41] [hLX3R#3] Dator: disconnected (Server->client connection timed out. Last seen 38 msec ago.)
================================================================
======== txAdmin v8.0.1 atop fxserver 13336 Starting - 2025-03-12 21:29:24
================================================================
[21:29:29] txAdmin: Logger started
[21:29:52] [r3Bjk#1] Dator: joined with identifiers [license:e4fa…3697, discord:4723…0448, fivem:732866, license2:e4fa…3697]
[21:31:22] [r3Bjk#2] Dator: joined with identifiers [license:e4fa…3697, discord:4723…0448, fivem:732866, license2:e4fa…3697]
[21:33:07] [r3Bjk#2] Dator: died from suicide
[21:34:29] [r3Bjk#2] Dator: disconnected (Exiting)
[21:34:31] [r3Bjk#1] Dator: said "/quti"
[21:34:33] [r3Bjk#1] Dator: disconnected (Exiting)
[22:19:03] [r3Bjk#3] Dator: joined with identifiers [license:e4fa…3697, discord:4723…0448, fivem:732866, license2:e4fa…3697]
[22:20:24] [r3Bjk#4] Dator: joined with identifiers [license:e4fa…3697, discord:4723…0448, fivem:732866, license2:e4fa…3697]
[22:20:37] [r3Bjk#3] Dator: enabled noclip
[22:20:42] [r3Bjk#3] Dator: became mortal (standard mode)
[22:22:49] [r3Bjk#3] Dator: disconnected (Exiting)
[22:22:54] [r3Bjk#4] Dator: disconnected (Exiting)
[22:35:03] [r3Bjk#5] Dator: joined with identifiers [license:e4fa…3697, discord:4723…0448, fivem:732866, license2:e4fa…3697]
[22:35:42] [r3Bjk#6] Dator: joined with identifiers [license:e4fa…3697, discord:4723…0448, fivem:732866, license2:e4fa…3697]
[22:42:46] [r3Bjk#6] Dator: said "/quti"
[22:42:47] [r3Bjk#6] Dator: disconnected (Exiting)
[22:42:51] [r3Bjk#5] Dator: disconnected (Exiting)
================================================================
======== txAdmin v8.0.1 atop fxserver 13336 Starting - 2025-03-12 22:58:28
================================================================
[22:58:30] txAdmin: Logger started
[23:00:04] [wJ9H7#1] Dator: joined with identifiers [license:e4fa…3697, discord:4723…0448, fivem:732866, license2:e4fa…3697]
[23:00:07] [wJ9H7#2] Dator: joined with identifiers [license:e4fa…3697, discord:4723…0448, fivem:732866, license2:e4fa…3697]
[23:17:59] [wJ9H7#2] Dator: disconnected (Exiting)
[23:18:03] [wJ9H7#1] Dator: disconnected (Exiting)
