================================================================
======== txAdmin v8.0.1 atop fxserver 7290 Starting - 2025-03-11 16:01:33
================================================================
================================================================
======== Log Rotated - 2025-03-11 16:01:33                      
================================================================
[16:01:38] txAdmin: Logger started
[16:03:11] [9kktG#1] Dator: joined with identifiers [license:e4fa…3697, discord:4723…0448, fivem:732866, license2:e4fa…3697]
[16:17:11] [9kktG#1] Dator: said "/shuff"
[16:35:23] [9kktG#1] Dator: disconnected (Exiting)
================================================================
======== txAdmin v8.0.1 atop fxserver 7290 Starting - 2025-03-11 17:16:56
================================================================
[17:16:58] txAdmin: Logger started
[17:17:55] [ngAnx#1] Dator: joined with identifiers [license:e4fa…3697, discord:4723…0448, fivem:732866, license2:e4fa…3697]
[17:22:19] [ngAnx#1] Dator: said "/soeed"
[17:22:23] [ngAnx#1] Dator: enabled noclip
[17:22:28] [ngAnx#1] Dator: became mortal (standard mode)
[17:24:43] [ngAnx#1] Dator: disconnected (Exiting)
================================================================
======== txAdmin v8.0.1 atop fxserver 7290 Starting - 2025-03-11 17:26:45
================================================================
[17:26:47] txAdmin: Logger started
[17:40:19] [fEbjA#1] Dator: joined with identifiers [license:e4fa…3697, discord:4723…0448, fivem:732866, license2:e4fa…3697]
[17:40:50] [fEbjA#1] Dator: enabled noclip
[17:41:54] [fEbjA#1] Dator: became mortal (standard mode)
[17:42:04] [fEbjA#1] Dator: enabled noclip
[17:42:28] [fEbjA#1] Dator: became mortal (standard mode)
[17:42:38] [fEbjA#1] Dator: enabled noclip
[17:42:45] [fEbjA#1] Dator: became mortal (standard mode)
[17:42:51] [fEbjA#1] Dator: enabled noclip
[17:42:55] [fEbjA#1] Dator: became mortal (standard mode)
[18:09:34] [fEbjA#1] Dator: disconnected (Exiting)
================================================================
======== txAdmin v8.0.1 atop fxserver 7290 Starting - 2025-03-11 18:09:49
================================================================
[18:10:00] txAdmin: Logger started
[18:10:07] [U87gB#1] Dator: joined with identifiers [license:e4fa…3697, discord:4723…0448, fivem:732866, license2:e4fa…3697]
[18:13:19] [U87gB#1] Dator: enabled noclip
[18:14:07] [U87gB#1] Dator: became mortal (standard mode)
[18:32:09] [U87gB#1] Dator: disconnected (Exiting)
================================================================
======== txAdmin v8.0.1 atop fxserver 7290 Starting - 2025-03-11 19:21:02
================================================================
[19:21:04] txAdmin: Logger started
================================================================
======== txAdmin v8.0.1 atop fxserver 7290 Starting - 2025-03-11 19:22:46
================================================================
[19:22:48] txAdmin: Logger started
================================================================
======== txAdmin v8.0.1 atop fxserver 13336 Starting - 2025-03-11 19:34:08
================================================================
[19:34:12] txAdmin: Logger started
================================================================
======== txAdmin v8.0.1 atop fxserver 13336 Starting - 2025-03-11 19:49:10
================================================================
[19:49:14] txAdmin: Logger started
[19:51:58] [KDHm7#1] Dator: joined with identifiers [license:e4fa…3697, discord:4723…0448, fivem:732866, license2:e4fa…3697]
[19:54:30] [KDHm7#1] Dator: disconnected (Exiting)
================================================================
======== txAdmin v8.0.1 atop fxserver 13336 Starting - 2025-03-11 20:26:20
================================================================
[20:26:34] txAdmin: Logger started
[20:28:10] [hff7j#1] Dator: joined with identifiers [license:e4fa…3697, discord:4723…0448, fivem:732866, license2:e4fa…3697]
[20:28:33] [hff7j#1] Dator: said "/notify"
[20:29:03] [hff7j#1] Dator: disconnected (Exiting)
================================================================
======== txAdmin v8.0.1 atop fxserver 13336 Starting - 2025-03-11 21:09:12
================================================================
[21:09:14] txAdmin: Logger started
