================================================================
======== txAdmin v8.0.1 atop fxserver 13336 Starting - 2025-03-13 09:07:00
================================================================
================================================================
======== Log Rotated - 2025-03-13 09:07:00                      
================================================================
[09:07:03] txAdmin: Logger started
[09:21:58] [V8NEH#1] Dator: joined with identifiers [license:e4fa…3697, discord:4723…0448, fivem:732866, license2:e4fa…3697]
[09:24:51] [V8NEH#2] Dator: joined with identifiers [license:e4fa…3697, discord:4723…0448, fivem:732866, license2:e4fa…3697]
[09:25:59] [V8NEH#2] Dator: disconnected (Exiting)
[09:28:32] [V8NEH#1] Dator: disconnected (Exiting)
[09:48:13] [V8NEH#3] Dator: joined with identifiers [license:e4fa…3697, discord:4723…0448, fivem:732866, license2:e4fa…3697]
[09:48:18] [V8NEH#4] Dator: joined with identifiers [license:e4fa…3697, discord:4723…0448, fivem:732866, license2:e4fa…3697]
[09:59:06] [V8NEH#3] Dator: disconnected (Exiting)
[09:59:09] [V8NEH#4] Dator: disconnected (Exiting)
[10:09:09] [V8NEH#5] Dator: joined with identifiers [license:e4fa…3697, discord:4723…0448, fivem:732866, license2:e4fa…3697]
[10:10:25] [V8NEH#6] Dator: joined with identifiers [license:e4fa…3697, discord:4723…0448, fivem:732866, license2:e4fa…3697]
[10:11:25] [V8NEH#5] Dator: disconnected (Exiting)
[10:11:28] [V8NEH#6] Dator: disconnected (Exiting)
================================================================
======== txAdmin v8.0.1 atop fxserver 13336 Starting - 2025-03-13 16:02:07
================================================================
[16:02:19] txAdmin: Logger started
[16:02:50] [MPcKg#1] Dator: joined with identifiers [license:e4fa…3697, discord:4723…0448, fivem:732866, license2:e4fa…3697]
[16:03:54] [MPcKg#2] Dator: joined with identifiers [license:e4fa…3697, discord:4723…0448, fivem:732866, license2:e4fa…3697]
[16:11:37] [MPcKg#1] Dator: disconnected (Exiting)
[16:11:40] [MPcKg#2] Dator: disconnected (Exiting)
[16:32:58] [MPcKg#3] Dator: joined with identifiers [license:e4fa…3697, discord:4723…0448, fivem:732866, license2:e4fa…3697]
[16:33:44] [MPcKg#4] Dator: joined with identifiers [license:e4fa…3697, discord:4723…0448, fivem:732866, license2:e4fa…3697]
[16:42:05] [MPcKg#3] Dator: disconnected (Exiting)
[16:42:08] [MPcKg#4] Dator: disconnected (Exiting)
================================================================
======== txAdmin v8.0.1 atop fxserver 13336 Starting - 2025-03-13 16:59:13
================================================================
[16:59:17] txAdmin: Logger started
[16:59:28] [8UmPh#1] Dator: joined with identifiers [license:e4fa…3697, discord:4723…0448, fivem:732866, license2:e4fa…3697]
[17:04:55] [8UmPh#1] Dator: disconnected (Exiting)
[17:05:16] [8UmPh#2] Dator: joined with identifiers [license:e4fa…3697, discord:4723…0448, fivem:732866, license2:e4fa…3697]
[17:37:01] [8UmPh#2] Dator: disconnected (Exiting)
[17:47:59] [8UmPh#3] Dator: joined with identifiers [license:e4fa…3697, discord:4723…0448, fivem:732866, license2:e4fa…3697]
[17:49:49] [8UmPh#3] Dator: disconnected (Exiting)
================================================================
======== txAdmin v8.0.1 atop fxserver 13336 Starting - 2025-03-13 18:58:24
================================================================
[18:58:26] txAdmin: Logger started
[18:59:07] [pwykG#1] Dator: joined with identifiers [license:e4fa…3697, discord:4723…0448, fivem:732866, license2:e4fa…3697]
[19:00:38] [pwykG#1] Dator: enabled noclip
[19:00:46] [pwykG#1] Dator: became mortal (standard mode)
[19:00:53] [pwykG#1] Dator: disconnected (Couldn't load resource pun_idgun-master: Couldn't load resource pun_idgun-master from resources:/pun)
================================================================
======== txAdmin v8.0.1 atop fxserver 13336 Starting - 2025-03-13 19:01:37
================================================================
[19:01:42] txAdmin: Logger started
[19:01:55] [XJwih#1] Dator: joined with identifiers [license:e4fa…3697, discord:4723…0448, fivem:732866, license2:e4fa…3697]
[19:02:15] [XJwih#1] Dator: enabled noclip
[19:02:25] [XJwih#1] Dator: became mortal (standard mode)
[19:03:57] [XJwih#1] Dator: enabled god mode
[19:05:17] [XJwih#1] Dator: enabled noclip
[19:05:50] [XJwih#1] Dator: became mortal (standard mode)
[19:06:45] [XJwih#1] Dator: enabled god mode
[19:07:02] [XJwih#1] Dator: caused an explosion (PLANE)
[19:07:06] [XJwih#1] Dator: caused an explosion (PLANE)
[19:08:10] [XJwih#1] Dator: caused an explosion (PLANE)
[19:09:04] [XJwih#1] Dator: caused an explosion (PLANE)
[19:09:04] [XJwih#1] Dator: caused an explosion (PLANE)
[19:09:07] [XJwih#1] Dator: caused an explosion (PLANE)
[19:09:07] [XJwih#1] Dator: caused an explosion (PLANE)
[19:09:11] [XJwih#1] Dator: caused an explosion (PLANE)
[19:09:11] [XJwih#1] Dator: caused an explosion (PLANE)
[19:09:16] [XJwih#1] Dator: caused an explosion (PLANE)
[19:09:16] [XJwih#1] Dator: caused an explosion (PLANE)
[19:09:47] [XJwih#1] Dator: caused an explosion (ROCKET)
[19:09:51] [XJwih#1] Dator: caused an explosion (ROCKET)
[19:09:53] [XJwih#1] Dator: caused an explosion (PLANE)
[19:09:53] [XJwih#1] Dator: caused an explosion (PLANE)
[19:10:04] [XJwih#1] Dator: caused an explosion (PLANE)
[19:10:04] [XJwih#1] Dator: caused an explosion (PLANE)
[19:10:08] [XJwih#1] Dator: caused an explosion (ROCKET)
[19:10:19] [XJwih#1] Dator: caused an explosion (ROCKET)
[19:10:19] [XJwih#1] Dator: said "/quti"
[19:10:21] [XJwih#1] Dator: disconnected (Server->client connection timed out. Last seen 23 msec ago.)
