
================================================================
======== txAdmin Starting - 2025-03-07 20:40:10                 
================================================================
[20:48:33] txAdmin: Logger started

================================================================
======== txAdmin Starting - 2025-03-07 21:00:10                 
================================================================
[21:00:22] txAdmin: Logger started
[21:01:02] [RaaeE#1] Dator: joined with identifiers [license:e4fa85e8519082e519c40b1b4c1732f1b8373697; discord:472346456330600448; fivem:732866; license2:e4fa85e8519082e519c40b1b4c1732f1b8373697]
[21:02:54] [RaaeE#1] Dator: enabled noclip
[21:02:54] [RaaeE#1] Dator: said "/sv aston"
[21:02:57] [RaaeE#1] Dator: became mortal (standard mode)
[21:04:26] [RaaeE#1] Dator: disconnected (Exiting)

================================================================
======== txAdmin Starting - 2025-03-07 21:05:01                 
================================================================

================================================================
======== txAdmin Starting - 2025-03-07 21:06:48                 
================================================================
[21:07:00] txAdmin: Logger started

================================================================
======== txAdmin Starting - 2025-03-07 23:26:41                 
================================================================
[23:26:59] txAdmin: Logger started
[23:28:16] [BBgbH#1] Dator: joined with identifiers [license:e4fa85e8519082e519c40b1b4c1732f1b8373697; discord:472346456330600448; fivem:732866; license2:e4fa85e8519082e519c40b1b4c1732f1b8373697]
[23:29:55] [BBgbH#1] Dator: said "helloserver"
[23:30:01] [BBgbH#1] Dator: enabled noclip
[23:30:02] [BBgbH#1] Dator: said "helloclient"
[23:30:03] [BBgbH#1] Dator: became mortal (standard mode)
[23:30:09] [BBgbH#1] Dator: said "/helloserver"
[23:32:35] [BBgbH#1] Dator: spawned a vehicle (model: coquette)
[23:32:39] [BBgbH#1] Dator: enabled noclip
[23:32:41] [BBgbH#1] Dator: became mortal (standard mode)
[23:34:27] [BBgbH#1] Dator: healed themself
[23:34:29] [BBgbH#1] Dator: repaired their vehicle
[23:34:30] [BBgbH#1] Dator: boosted their vehicle
[23:34:32] [BBgbH#1] Dator: boosted their vehicle
[23:34:33] [BBgbH#1] Dator: boosted their vehicle
[23:34:40] [BBgbH#1] Dator: spawned a vehicle (model: volatus)
[23:35:49] [BBgbH#1] Dator: teleported to a waypoint
[23:35:54] [BBgbH#1] Dator: spawned a vehicle (model: havok)
[23:36:31] [BBgbH#1] Dator: boosted their vehicle
[23:36:40] [BBgbH#1] Dator: turned show player IDs on
[23:36:42] [BBgbH#1] Dator: enabled noclip
[23:36:43] [BBgbH#1] Dator: became mortal (standard mode)
[23:36:47] [BBgbH#1] Dator: turned show player IDs off
[23:36:57] [BBgbH#1] Dator: enabled noclip
[23:37:05] [BBgbH#1] Dator: became mortal (standard mode)
[23:37:08] [BBgbH#1] Dator: said "tx"
[23:37:18] [BBgbH#1] Dator: spawned a vehicle (model: esskey)
[23:37:22] [BBgbH#1] Dator: spawned a vehicle (model: caddy)
[23:37:28] [BBgbH#1] Dator: enabled noclip
[23:37:29] [BBgbH#1] Dator: became mortal (standard mode)
[23:37:32] [BBgbH#1] Dator: spawned a vehicle (model: adder)
[23:41:22] [BBgbH#1] Dator: disconnected (Exiting)
