================================================================
======== txAdmin v8.0.1 atop fxserver 7290 Starting - 2025-03-10 19:02:35
================================================================
================================================================
======== Log Rotated - 2025-03-10 19:02:35                      
================================================================
[19:02:42] txAdmin: Logger started
[19:03:27] [NcyTD#1] Dator: joined with identifiers [license:e4fa…3697, discord:4723…0448, fivem:732866, license2:e4fa…3697]
[19:08:09] [NcyTD#1] Dator: disconnected (Exiting)
================================================================
======== txAdmin v8.0.1 atop fxserver 7290 Starting - 2025-03-10 19:13:53
================================================================
[19:13:55] txAdmin: Logger started
[19:14:38] [adUjk#1] Dator: joined with identifiers [license:e4fa…3697, discord:4723…0448, fivem:732866, license2:e4fa…3697]
[19:24:44] [adUjk#1] Dator: disconnected (Exiting)
[19:39:42] [adUjk#2] Dator: joined with identifiers [license:e4fa…3697, discord:4723…0448, fivem:732866, license2:e4fa…3697]
[19:46:46] [adUjk#2] Dator: disconnected (Exiting)
[19:48:45] [adUjk#3] Dator: joined with identifiers [license:e4fa…3697, discord:4723…0448, fivem:732866, license2:e4fa…3697]
[19:53:33] [adUjk#3] Dator: enabled noclip
[19:53:36] [adUjk#3] Dator: became mortal (standard mode)
[20:12:14] [adUjk#3] Dator: disconnected (Game crashed: GTA5_b3095.exe!sub_140722454 (0xf))
[20:13:27] [adUjk#4] Dator: joined with identifiers [license:e4fa…3697, discord:4723…0448, fivem:732866, license2:e4fa…3697]
[20:17:59] [adUjk#4] Dator: disconnected (Game crashed: GTA5_b3095.exe!sub_140722454 (0xf))
[20:19:30] [adUjk#5] Dator: joined with identifiers [license:e4fa…3697, discord:4723…0448, fivem:732866, license2:e4fa…3697]
[20:30:56] [adUjk#5] Dator: said "/sv adder"
[20:30:57] [adUjk#5] Dator: said "/sv adder"
[20:30:58] [adUjk#5] Dator: said "/sv adder"
[20:30:59] [adUjk#5] Dator: said "/sv adder"
[20:31:12] [adUjk#5] Dator: spawned a vehicle (model: amggt63)
[20:31:43] [adUjk#5] Dator: enabled noclip
[20:31:48] [adUjk#5] Dator: became mortal (standard mode)
[20:32:10] [adUjk#5] Dator: disconnected (Exiting)
================================================================
======== txAdmin v8.0.1 atop fxserver 7290 Starting - 2025-03-10 22:18:05
================================================================
[22:18:10] txAdmin: Logger started
[22:18:24] [Yamfr#1] Dator: joined with identifiers [license:e4fa…3697, discord:4723…0448, fivem:732866, license2:e4fa…3697]
[22:26:40] [Yamfr#1] Dator: said "'"
[22:26:43] [Yamfr#1] Dator: said "asd"
[22:36:12] [Yamfr#1] Dator: spawned a vehicle (model: adder)
[22:36:16] [Yamfr#1] Dator: enabled noclip
[22:36:19] [Yamfr#1] Dator: became mortal (standard mode)
[22:36:22] [Yamfr#1] Dator: enabled noclip
[22:36:22] [Yamfr#1] Dator: became mortal (standard mode)
[22:38:20] [Yamfr#1] Dator: disconnected (Disconnected.)
[22:38:48] [Yamfr#2] Dator: joined with identifiers [license:e4fa…3697, discord:4723…0448, fivem:732866, license2:e4fa…3697]
[22:39:09] [Yamfr#2] Dator: enabled noclip
[22:39:13] [Yamfr#2] Dator: became mortal (standard mode)
[22:39:18] [Yamfr#2] Dator: spawned a vehicle (model: amggt63)
[22:40:37] [Yamfr#2] Dator: disconnected (Disconnected.)
[22:46:28] [Yamfr#3] Dator: joined with identifiers [license:e4fa…3697, discord:4723…0448, fivem:732866, license2:e4fa…3697]
[22:46:52] [Yamfr#3] Dator: enabled noclip
[22:46:54] [Yamfr#3] Dator: became mortal (standard mode)
[22:46:57] [Yamfr#3] Dator: spawned a vehicle (model: amggt63)
[22:51:28] [Yamfr#3] Dator: said "'w"
[22:51:33] [Yamfr#3] Dator: said "a"
[22:53:39] [Yamfr#3] Dator: disconnected (Exiting)
