================================================================
======== txAdmin v8.0.1 atop fxserver 13336 Starting - 2025-03-14 11:18:06
================================================================
================================================================
======== Log Rotated - 2025-03-14 11:18:08                      
================================================================
[11:18:14] txAdmin: Logger started
[11:18:31] [pA3xt#1] Dator: joined with identifiers [license:e4fa…3697, discord:4723…0448, fivem:732866, license2:e4fa…3697]
[11:23:28] [pA3xt#1] Dator: disconnected (Exiting)
================================================================
======== txAdmin v8.0.1 atop fxserver 13336 Starting - 2025-03-14 13:23:27
================================================================
[13:23:29] txAdmin: Logger started
[13:24:29] [pYJyP#1] Dator: joined with identifiers [license:e4fa…3697, discord:4723…0448, fivem:732866, license2:e4fa…3697]
[13:38:14] [pYJyP#1] Dator: disconnected (Exiting)
================================================================
======== txAdmin v8.0.1 atop fxserver 13336 Starting - 2025-03-14 13:41:40
================================================================
[13:41:51] txAdmin: Logger started
[13:42:01] [gfA6H#1] Dator: joined with identifiers [license:e4fa…3697, discord:4723…0448, fivem:732866, license2:e4fa…3697]
[14:56:17] [gfA6H#1] Dator: said "/-openteleporter"
[14:57:24] [gfA6H#1] Dator: said "/-openteleporter"
[14:58:47] [gfA6H#1] Dator: said "/-openteleporter"
[15:00:55] [gfA6H#1] Dator: disconnected (Exiting)
[15:01:46] [gfA6H#2] Dator: joined with identifiers [license:e4fa…3697, discord:4723…0448, fivem:732866, license2:e4fa…3697]
[15:03:26] [gfA6H#2] Dator: said "/-openteleporter"
[15:04:32] [gfA6H#2] Dator: said "/-openteleporter"
[15:04:35] [gfA6H#2] Dator: said "/-openteleporter"
[15:05:46] [gfA6H#2] Dator: said "/-openteleporter"
[15:06:05] [gfA6H#2] Dator: said "/-openteleporter"
[15:07:08] [gfA6H#2] Dator: said "/-openteleporter"
[15:08:01] [gfA6H#2] Dator: said "/-openteleporter"
[15:09:42] [gfA6H#2] Dator: said "/-openteleporter"
[15:10:41] [gfA6H#2] Dator: said "/-openteleporter"
[15:11:09] [gfA6H#2] Dator: said "/-openteleporter"
[15:11:43] [gfA6H#2] Dator: said "/-openteleporter"
[15:11:56] [gfA6H#2] Dator: disconnected (Exiting)
================================================================
======== txAdmin v8.0.1 atop fxserver 13336 Starting - 2025-03-14 16:33:41
================================================================
[16:33:46] txAdmin: Logger started
[16:34:47] [Bd4Wz#1] Dator: joined with identifiers [license:e4fa…3697, discord:4723…0448, fivem:732866, license2:e4fa…3697]
[16:42:11] [Bd4Wz#1] Dator: disconnected (Exiting)
================================================================
======== txAdmin v8.0.1 atop fxserver 13336 Starting - 2025-03-14 17:57:27
================================================================
[17:57:30] txAdmin: Logger started
[17:58:40] [yiKwg#1] Dator: joined with identifiers [license:e4fa…3697, discord:4723…0448, fivem:732866, license2:e4fa…3697]
[18:09:17] [yiKwg#1] Dator: said "/-openteleporter"
[18:33:05] [yiKwg#1] Dator: said "/-openteleporter"
[18:41:22] [yiKwg#1] Dator: disconnected (Exiting)
================================================================
======== txAdmin v8.0.1 atop fxserver 13336 Starting - 2025-03-14 20:13:28
================================================================
[20:13:30] txAdmin: Logger started
[20:14:03] [CQHqd#1] Dator: joined with identifiers [license:e4fa…3697, discord:4723…0448, fivem:732866, license2:e4fa…3697]
[20:15:23] [CQHqd#1] Dator: said "/-openteleporter"
[20:15:50] [CQHqd#1] Dator: said "/-openteleporter"
[20:16:35] [CQHqd#1] Dator: said "/-openteleporter"
[20:16:39] [CQHqd#1] Dator: said "/-openteleporter"
[20:17:11] [CQHqd#1] Dator: said "/-openteleporter"
[20:17:40] [CQHqd#1] Dator: said "/-openteleporter"
[20:19:01] [CQHqd#1] Dator: said "/-openteleporter"
[20:19:06] [CQHqd#1] Dator: said "/-openteleporter"
[20:19:46] [CQHqd#1] Dator: said "/-openteleporter"
[20:21:05] [CQHqd#1] Dator: said "/-openteleporter"
[20:21:48] [CQHqd#1] Dator: said "/-openteleporter"
[20:23:26] [CQHqd#1] Dator: said "/-openteleporter"
[20:24:48] [CQHqd#1] Dator: said "/-openteleporter"
[20:26:50] [CQHqd#1] Dator: said "/-openteleporter"
[20:27:35] [CQHqd#1] Dator: said "/-openteleporter"
[20:29:19] [CQHqd#1] Dator: said "/-openteleporter"
[20:29:47] [CQHqd#1] Dator: said "/-openteleporter"
[20:30:07] [CQHqd#1] Dator: said "/-openteleporter"
[20:30:13] [CQHqd#1] Dator: said "/-openteleporter"
[20:30:19] [CQHqd#1] Dator: said "/-openteleporter"
[20:31:20] [CQHqd#1] Dator: said "/-openteleporter"
[20:31:56] [CQHqd#1] Dator: said "/coords"
[20:32:01] [CQHqd#1] Dator: said "/getcOORDS"
[20:32:04] [CQHqd#1] Dator: said "/-openteleporter"
[20:32:34] [CQHqd#1] Dator: said "/-openteleporter"
[20:32:48] [CQHqd#1] Dator: said "/-openteleporter"
[20:32:55] [CQHqd#1] Dator: said "/-openteleporter"
[20:33:01] [CQHqd#1] Dator: said "/-openteleporter"
[20:33:24] [CQHqd#1] Dator: enabled noclip
[20:33:30] [CQHqd#1] Dator: said "/-openteleporter"
[20:34:03] [CQHqd#1] Dator: became mortal (standard mode)
[20:34:07] [CQHqd#1] Dator: said "/-openteleporter"
[20:34:20] [CQHqd#1] Dator: disconnected (Exiting)
